#
# There is insufficient memory for the Java Runtime Environment to continue.
# Native memory allocation (malloc) failed to allocate 1407696 bytes for Chunk::new
# Possible reasons:
#   The system is out of physical RAM or swap space
#   The process is running with CompressedOops enabled, and the Java Heap may be blocking the growth of the native heap
# Possible solutions:
#   Reduce memory load on the system
#   Increase physical memory or swap space
#   Check if swap backing store is full
#   Decrease Java heap size (-Xmx/-Xms)
#   Decrease number of Java threads
#   Decrease Java thread stack sizes (-Xss)
#   Set larger code cache with -XX:ReservedCodeCacheSize=
#   JVM is running with Unscaled Compressed Oops mode in which the Java heap is
#     placed in the first 4GB address space. The Java Heap base address is the
#     maximum limit for the native heap growth. Please use -XX:HeapBaseMinAddress
#     to set the Java Heap base and to place the Java Heap above 4GB virtual address.
# This output file may be truncated or incomplete.
#
#  Out of Memory Error (arena.cpp:168), pid=22376, tid=29944
#
# JRE version: Java(TM) SE Runtime Environment (21.0.5+9) (build 21.0.5+9-LTS-239)
# Java VM: Java HotSpot(TM) 64-Bit Server VM (21.0.5+9-LTS-239, mixed mode, sharing, tiered, compressed oops, compressed class ptrs, g1 gc, windows-amd64)
# No core dump will be written. Minidumps are not enabled by default on client versions of Windows
#

---------------  S U M M A R Y ------------

Command Line: -Dfile.encoding=UTF-8 -Dstdout.encoding=UTF-8 -Dstderr.encoding=UTF-8 -XX:+ShowCodeDetailsInExceptionMessages SeleniumWait.ImplicitWait

Host: 12th Gen Intel(R) Core(TM) i5-1235U, 12 cores, 7G,  Windows 11 , 64 bit Build 22621 (10.0.22621.5415)
Time: Fri Mar  6 11:20:07 2026 India Standard Time elapsed time: 2.619042 seconds (0d 0h 0m 2s)

---------------  T H R E A D  ---------------

Current thread (0x000002787e5ee130):  JavaThread "C2 CompilerThread1" daemon [_thread_in_native, id=29944, stack(0x000000a093b00000,0x000000a093c00000) (1024K)]


Current CompileTask:
C2:   2619 1723       4       java.lang.invoke.MethodType::methodType (69 bytes)

Stack: [0x000000a093b00000,0x000000a093c00000]
Native frames: (J=compiled Java code, j=interpreted, Vv=VM code, C=native code)
V  [jvm.dll+0x6ca289]
V  [jvm.dll+0x854a51]
V  [jvm.dll+0x856f7e]
V  [jvm.dll+0x857653]
V  [jvm.dll+0x27dd26]
V  [jvm.dll+0xc4c2d]
V  [jvm.dll+0xc5163]
V  [jvm.dll+0x3b4d02]
V  [jvm.dll+0x3814b5]
V  [jvm.dll+0x38092a]
V  [jvm.dll+0x246910]
V  [jvm.dll+0x245eef]
V  [jvm.dll+0x1c6d0e]
V  [jvm.dll+0x2554d9]
V  [jvm.dll+0x253a6a]
V  [jvm.dll+0x3ee136]
V  [jvm.dll+0x7fee9b]
V  [jvm.dll+0x6c896d]
C  [ucrtbase.dll+0x29333]
C  [KERNEL32.DLL+0x1259d]
C  [ntdll.dll+0x5af78]


---------------  P R O C E S S  ---------------

Threads class SMR info:
_java_thread_list=0x000002787e09a200, length=29, elements={
0x000002785e400720, 0x000002787d3d0600, 0x000002787d3d1510, 0x000002787d3d96e0,
0x000002787d3db330, 0x000002787d3dda90, 0x000002787d3dc6e0, 0x000002787d3f1850,
0x000002787d3f2300, 0x000002787d3da610, 0x000002787d3db9c0, 0x000002787d3dc050,
0x000002787d3daca0, 0x000002787d3dcd70, 0x000002787d3dd400, 0x000002787df837c0,
0x000002787df80340, 0x000002787df809d0, 0x000002787df81060, 0x000002787df7ef90,
0x000002787df7fcb0, 0x000002787df82410, 0x000002787df82aa0, 0x000002787df7f620,
0x000002787df816f0, 0x000002787df81d80, 0x000002787df83130, 0x000002787df83e50,
0x000002787e5ee130
}

Java Threads: ( => current thread )
  0x000002785e400720 JavaThread "Forwarding get on session fa50ed6e167b35ba7a1e3ba19f005fd5 to remote"        [_thread_blocked, id=21328, stack(0x000000a090e00000,0x000000a090f00000) (1024K)]
  0x000002787d3d0600 JavaThread "Reference Handler"          daemon [_thread_blocked, id=27512, stack(0x000000a091600000,0x000000a091700000) (1024K)]
  0x000002787d3d1510 JavaThread "Finalizer"                  daemon [_thread_blocked, id=13636, stack(0x000000a091700000,0x000000a091800000) (1024K)]
  0x000002787d3d96e0 JavaThread "Signal Dispatcher"          daemon [_thread_blocked, id=31928, stack(0x000000a091800000,0x000000a091900000) (1024K)]
  0x000002787d3db330 JavaThread "Attach Listener"            daemon [_thread_blocked, id=2028, stack(0x000000a091900000,0x000000a091a00000) (1024K)]
  0x000002787d3dda90 JavaThread "Service Thread"             daemon [_thread_blocked, id=15476, stack(0x000000a091a00000,0x000000a091b00000) (1024K)]
  0x000002787d3dc6e0 JavaThread "Monitor Deflation Thread"   daemon [_thread_blocked, id=17244, stack(0x000000a091b00000,0x000000a091c00000) (1024K)]
  0x000002787d3f1850 JavaThread "C2 CompilerThread0"         daemon [_thread_blocked, id=18824, stack(0x000000a091c00000,0x000000a091d00000) (1024K)]
  0x000002787d3f2300 JavaThread "C1 CompilerThread0"         daemon [_thread_blocked, id=26544, stack(0x000000a091d00000,0x000000a091e00000) (1024K)]
  0x000002787d3da610 JavaThread "Notification Thread"        daemon [_thread_blocked, id=31816, stack(0x000000a091e00000,0x000000a091f00000) (1024K)]
  0x000002787d3db9c0 JavaThread "Common-Cleaner"             daemon [_thread_blocked, id=23752, stack(0x000000a091f00000,0x000000a092000000) (1024K)]
  0x000002787d3dc050 JavaThread "ForkJoinPool.commonPool-worker-1" daemon [_thread_blocked, id=7588, stack(0x000000a092000000,0x000000a092100000) (1024K)]
  0x000002787d3daca0 JavaThread "HttpClient-1-SelectorManager" daemon [_thread_in_native, id=21376, stack(0x000000a092200000,0x000000a092300000) (1024K)]
  0x000002787d3dcd70 JavaThread "External Process Output Forwarder - C:\Users\Swetha\.cache\selenium\chromedriver\win64\145.0.7632.117\chromedriver.exe" daemon [_thread_in_native, id=28644, stack(0x000000a092300000,0x000000a092400000) (1024K)]
  0x000002787d3dd400 JavaThread "Driver Service Executor"    daemon [_thread_blocked, id=24860, stack(0x000000a092400000,0x000000a092500000) (1024K)]
  0x000002787df837c0 JavaThread "Driver Service Executor"    daemon [_thread_in_native, id=15576, stack(0x000000a092500000,0x000000a092600000) (1024K)]
  0x000002787df80340 JavaThread "UrlChecker-2"               daemon [_thread_blocked, id=19300, stack(0x000000a092600000,0x000000a092700000) (1024K)]
  0x000002787df809d0 JavaThread "Keep-Alive-Timer"           daemon [_thread_blocked, id=27196, stack(0x000000a092800000,0x000000a092900000) (1024K)]
  0x000002787df81060 JavaThread "JdkHttpClient-0-0"          daemon [_thread_blocked, id=25464, stack(0x000000a092900000,0x000000a092a00000) (1024K)]
  0x000002787df7ef90 JavaThread "CompletableFutureDelayScheduler" daemon [_thread_blocked, id=28744, stack(0x000000a092a00000,0x000000a092b00000) (1024K)]
  0x000002787df7fcb0 JavaThread "JdkHttpClient-0-1"          daemon [_thread_blocked, id=22872, stack(0x000000a093400000,0x000000a093500000) (1024K)]
  0x000002787df82410 JavaThread "JdkHttpClient-0-2"          daemon [_thread_blocked, id=8920, stack(0x000000a093500000,0x000000a093600000) (1024K)]
  0x000002787df82aa0 JavaThread "JdkHttpClient-0-3"          daemon [_thread_blocked, id=24344, stack(0x000000a093600000,0x000000a093700000) (1024K)]
  0x000002787df7f620 JavaThread "HttpClient-2-SelectorManager" daemon [_thread_in_native, id=24532, stack(0x000000a092100000,0x000000a092200000) (1024K)]
  0x000002787df816f0 JavaThread "JdkHttpClient-1-0"          daemon [_thread_blocked, id=25864, stack(0x000000a093700000,0x000000a093800000) (1024K)]
  0x000002787df81d80 JavaThread "JdkHttpClient-1-1"          daemon [_thread_blocked, id=12240, stack(0x000000a093800000,0x000000a093900000) (1024K)]
  0x000002787df83130 JavaThread "JdkHttpClient-1-2"          daemon [_thread_blocked, id=9152, stack(0x000000a093900000,0x000000a093a00000) (1024K)]
  0x000002787df83e50 JavaThread "JdkHttpClient-1-3"          daemon [_thread_blocked, id=21620, stack(0x000000a093a00000,0x000000a093b00000) (1024K)]
=>0x000002787e5ee130 JavaThread "C2 CompilerThread1"         daemon [_thread_in_native, id=29944, stack(0x000000a093b00000,0x000000a093c00000) (1024K)]
Total: 29

Other Threads:
  0x000002787d3bdd20 VMThread "VM Thread"                           [id=32180, stack(0x000000a091500000,0x000000a091600000) (1024K)]
  0x000002787d3a8880 WatcherThread "VM Periodic Task Thread"        [id=15556, stack(0x000000a091400000,0x000000a091500000) (1024K)]
  0x000002785e7a0e60 WorkerThread "GC Thread#0"                     [id=21600, stack(0x000000a090f00000,0x000000a091000000) (1024K)]
  0x000002787e004240 WorkerThread "GC Thread#1"                     [id=27060, stack(0x000000a092b00000,0x000000a092c00000) (1024K)]
  0x000002787e0384e0 WorkerThread "GC Thread#2"                     [id=24776, stack(0x000000a092c00000,0x000000a092d00000) (1024K)]
  0x000002787e038880 WorkerThread "GC Thread#3"                     [id=10220, stack(0x000000a092d00000,0x000000a092e00000) (1024K)]
  0x000002787e03ac30 WorkerThread "GC Thread#4"                     [id=21120, stack(0x000000a092e00000,0x000000a092f00000) (1024K)]
  0x000002787e03afd0 WorkerThread "GC Thread#5"                     [id=9160, stack(0x000000a092f00000,0x000000a093000000) (1024K)]
  0x000002787e03b370 WorkerThread "GC Thread#6"                     [id=11592, stack(0x000000a093000000,0x000000a093100000) (1024K)]
  0x000002787e03b710 WorkerThread "GC Thread#7"                     [id=3712, stack(0x000000a093100000,0x000000a093200000) (1024K)]
  0x000002787e03bab0 WorkerThread "GC Thread#8"                     [id=30472, stack(0x000000a093200000,0x000000a093300000) (1024K)]
  0x000002787e03be50 WorkerThread "GC Thread#9"                     [id=27072, stack(0x000000a093300000,0x000000a093400000) (1024K)]
  0x000002785e7b1f10 ConcurrentGCThread "G1 Main Marker"            [id=29896, stack(0x000000a091000000,0x000000a091100000) (1024K)]
  0x000002785e7b3220 WorkerThread "G1 Conc#0"                       [id=26944, stack(0x000000a091100000,0x000000a091200000) (1024K)]
  0x000002787d27a930 ConcurrentGCThread "G1 Refine#0"               [id=32136, stack(0x000000a091200000,0x000000a091300000) (1024K)]
  0x000002787d27b2b0 ConcurrentGCThread "G1 Service"                [id=25304, stack(0x000000a091300000,0x000000a091400000) (1024K)]
Total: 16

Threads with active compile tasks:
C2 CompilerThread1     2706 1723       4       java.lang.invoke.MethodType::methodType (69 bytes)
Total: 1

VM state: not at safepoint (normal execution)

VM Mutex/Monitor currently owned by a thread: None

Heap address: 0x0000000084400000, size: 1980 MB, Compressed Oops mode: 32-bit

CDS archive(s) mapped at: [0x0000027800000000-0x0000027800c90000-0x0000027800c90000), size 13172736, SharedBaseAddress: 0x0000027800000000, ArchiveRelocationMode: 1.
Compressed class space mapped at: 0x0000027801000000-0x0000027841000000, reserved size: 1073741824
Narrow klass base: 0x0000027800000000, Narrow klass shift: 0, Narrow klass range: 0x100000000

GC Precious Log:
 CardTable entry size: 512
 Card Set container configuration: InlinePtr #cards 5 size 8 Array Of Cards #cards 12 size 40 Howl #buckets 4 coarsen threshold 1843 Howl Bitmap #cards 512 size 80 coarsen threshold 460 Card regions per heap region 1 cards per card region 2048
 CPUs: 12 total, 12 available
 Memory: 7916M
 Large Page Support: Disabled
 NUMA Support: Disabled
 Compressed Oops: Enabled (32-bit)
 Heap Region Size: 1M
 Heap Min Capacity: 8M
 Heap Initial Capacity: 124M
 Heap Max Capacity: 1980M
 Pre-touch: Disabled
 Parallel Workers: 10
 Concurrent Workers: 3
 Concurrent Refinement Workers: 10
 Periodic GC: Disabled

Heap:
 garbage-first heap   total 126976K, used 12448K [0x0000000084400000, 0x0000000100000000)
  region size 1024K, 10 young (10240K), 3 survivors (3072K)
 Metaspace       used 12213K, committed 12608K, reserved 1114112K
  class space    used 1442K, committed 1600K, reserved 1048576K

Heap Regions: E=young(eden), S=young(survivor), O=old, HS=humongous(starts), HC=humongous(continues), CS=collection set, F=free, TAMS=top-at-mark-start, PB=parsable bottom
|   0|0x0000000084400000, 0x0000000084500000, 0x0000000084500000|100%|HS|  |TAMS 0x0000000084400000| PB 0x0000000084400000| Complete 
|   1|0x0000000084500000, 0x0000000084600000, 0x0000000084600000|100%| O|  |TAMS 0x0000000084500000| PB 0x0000000084500000| Untracked 
|   2|0x0000000084600000, 0x0000000084700000, 0x0000000084700000|100%| O|  |TAMS 0x0000000084600000| PB 0x0000000084600000| Untracked 
|   3|0x0000000084700000, 0x0000000084728000, 0x0000000084800000| 15%| O|  |TAMS 0x0000000084700000| PB 0x0000000084700000| Untracked 
|   4|0x0000000084800000, 0x0000000084800000, 0x0000000084900000|  0%| F|  |TAMS 0x0000000084800000| PB 0x0000000084800000| Untracked 
|   5|0x0000000084900000, 0x0000000084900000, 0x0000000084a00000|  0%| F|  |TAMS 0x0000000084900000| PB 0x0000000084900000| Untracked 
|   6|0x0000000084a00000, 0x0000000084a00000, 0x0000000084b00000|  0%| F|  |TAMS 0x0000000084a00000| PB 0x0000000084a00000| Untracked 
|   7|0x0000000084b00000, 0x0000000084b00000, 0x0000000084c00000|  0%| F|  |TAMS 0x0000000084b00000| PB 0x0000000084b00000| Untracked 
|   8|0x0000000084c00000, 0x0000000084c00000, 0x0000000084d00000|  0%| F|  |TAMS 0x0000000084c00000| PB 0x0000000084c00000| Untracked 
|   9|0x0000000084d00000, 0x0000000084d00000, 0x0000000084e00000|  0%| F|  |TAMS 0x0000000084d00000| PB 0x0000000084d00000| Untracked 
|  10|0x0000000084e00000, 0x0000000084e00000, 0x0000000084f00000|  0%| F|  |TAMS 0x0000000084e00000| PB 0x0000000084e00000| Untracked 
|  11|0x0000000084f00000, 0x0000000084f00000, 0x0000000085000000|  0%| F|  |TAMS 0x0000000084f00000| PB 0x0000000084f00000| Untracked 
|  12|0x0000000085000000, 0x0000000085000000, 0x0000000085100000|  0%| F|  |TAMS 0x0000000085000000| PB 0x0000000085000000| Untracked 
|  13|0x0000000085100000, 0x0000000085100000, 0x0000000085200000|  0%| F|  |TAMS 0x0000000085100000| PB 0x0000000085100000| Untracked 
|  14|0x0000000085200000, 0x0000000085200000, 0x0000000085300000|  0%| F|  |TAMS 0x0000000085200000| PB 0x0000000085200000| Untracked 
|  15|0x0000000085300000, 0x0000000085300000, 0x0000000085400000|  0%| F|  |TAMS 0x0000000085300000| PB 0x0000000085300000| Untracked 
|  16|0x0000000085400000, 0x0000000085400000, 0x0000000085500000|  0%| F|  |TAMS 0x0000000085400000| PB 0x0000000085400000| Untracked 
|  17|0x0000000085500000, 0x0000000085500000, 0x0000000085600000|  0%| F|  |TAMS 0x0000000085500000| PB 0x0000000085500000| Untracked 
|  18|0x0000000085600000, 0x0000000085600000, 0x0000000085700000|  0%| F|  |TAMS 0x0000000085600000| PB 0x0000000085600000| Untracked 
|  19|0x0000000085700000, 0x0000000085700000, 0x0000000085800000|  0%| F|  |TAMS 0x0000000085700000| PB 0x0000000085700000| Untracked 
|  20|0x0000000085800000, 0x0000000085800000, 0x0000000085900000|  0%| F|  |TAMS 0x0000000085800000| PB 0x0000000085800000| Untracked 
|  21|0x0000000085900000, 0x0000000085900000, 0x0000000085a00000|  0%| F|  |TAMS 0x0000000085900000| PB 0x0000000085900000| Untracked 
|  22|0x0000000085a00000, 0x0000000085a00000, 0x0000000085b00000|  0%| F|  |TAMS 0x0000000085a00000| PB 0x0000000085a00000| Untracked 
|  23|0x0000000085b00000, 0x0000000085b00000, 0x0000000085c00000|  0%| F|  |TAMS 0x0000000085b00000| PB 0x0000000085b00000| Untracked 
|  24|0x0000000085c00000, 0x0000000085c00000, 0x0000000085d00000|  0%| F|  |TAMS 0x0000000085c00000| PB 0x0000000085c00000| Untracked 
|  25|0x0000000085d00000, 0x0000000085d00000, 0x0000000085e00000|  0%| F|  |TAMS 0x0000000085d00000| PB 0x0000000085d00000| Untracked 
|  26|0x0000000085e00000, 0x0000000085e00000, 0x0000000085f00000|  0%| F|  |TAMS 0x0000000085e00000| PB 0x0000000085e00000| Untracked 
|  27|0x0000000085f00000, 0x0000000085f00000, 0x0000000086000000|  0%| F|  |TAMS 0x0000000085f00000| PB 0x0000000085f00000| Untracked 
|  28|0x0000000086000000, 0x0000000086000000, 0x0000000086100000|  0%| F|  |TAMS 0x0000000086000000| PB 0x0000000086000000| Untracked 
|  29|0x0000000086100000, 0x0000000086100000, 0x0000000086200000|  0%| F|  |TAMS 0x0000000086100000| PB 0x0000000086100000| Untracked 
|  30|0x0000000086200000, 0x0000000086200000, 0x0000000086300000|  0%| F|  |TAMS 0x0000000086200000| PB 0x0000000086200000| Untracked 
|  31|0x0000000086300000, 0x0000000086300000, 0x0000000086400000|  0%| F|  |TAMS 0x0000000086300000| PB 0x0000000086300000| Untracked 
|  32|0x0000000086400000, 0x0000000086400000, 0x0000000086500000|  0%| F|  |TAMS 0x0000000086400000| PB 0x0000000086400000| Untracked 
|  33|0x0000000086500000, 0x0000000086500000, 0x0000000086600000|  0%| F|  |TAMS 0x0000000086500000| PB 0x0000000086500000| Untracked 
|  34|0x0000000086600000, 0x0000000086600000, 0x0000000086700000|  0%| F|  |TAMS 0x0000000086600000| PB 0x0000000086600000| Untracked 
|  35|0x0000000086700000, 0x0000000086700000, 0x0000000086800000|  0%| F|  |TAMS 0x0000000086700000| PB 0x0000000086700000| Untracked 
|  36|0x0000000086800000, 0x0000000086800000, 0x0000000086900000|  0%| F|  |TAMS 0x0000000086800000| PB 0x0000000086800000| Untracked 
|  37|0x0000000086900000, 0x0000000086900000, 0x0000000086a00000|  0%| F|  |TAMS 0x0000000086900000| PB 0x0000000086900000| Untracked 
|  38|0x0000000086a00000, 0x0000000086a00000, 0x0000000086b00000|  0%| F|  |TAMS 0x0000000086a00000| PB 0x0000000086a00000| Untracked 
|  39|0x0000000086b00000, 0x0000000086b00000, 0x0000000086c00000|  0%| F|  |TAMS 0x0000000086b00000| PB 0x0000000086b00000| Untracked 
|  40|0x0000000086c00000, 0x0000000086c00000, 0x0000000086d00000|  0%| F|  |TAMS 0x0000000086c00000| PB 0x0000000086c00000| Untracked 
|  41|0x0000000086d00000, 0x0000000086d00000, 0x0000000086e00000|  0%| F|  |TAMS 0x0000000086d00000| PB 0x0000000086d00000| Untracked 
|  42|0x0000000086e00000, 0x0000000086e00000, 0x0000000086f00000|  0%| F|  |TAMS 0x0000000086e00000| PB 0x0000000086e00000| Untracked 
|  43|0x0000000086f00000, 0x0000000086f00000, 0x0000000087000000|  0%| F|  |TAMS 0x0000000086f00000| PB 0x0000000086f00000| Untracked 
|  44|0x0000000087000000, 0x0000000087000000, 0x0000000087100000|  0%| F|  |TAMS 0x0000000087000000| PB 0x0000000087000000| Untracked 
|  45|0x0000000087100000, 0x0000000087100000, 0x0000000087200000|  0%| F|  |TAMS 0x0000000087100000| PB 0x0000000087100000| Untracked 
|  46|0x0000000087200000, 0x0000000087200000, 0x0000000087300000|  0%| F|  |TAMS 0x0000000087200000| PB 0x0000000087200000| Untracked 
|  47|0x0000000087300000, 0x0000000087300000, 0x0000000087400000|  0%| F|  |TAMS 0x0000000087300000| PB 0x0000000087300000| Untracked 
|  48|0x0000000087400000, 0x0000000087400000, 0x0000000087500000|  0%| F|  |TAMS 0x0000000087400000| PB 0x0000000087400000| Untracked 
|  49|0x0000000087500000, 0x0000000087500000, 0x0000000087600000|  0%| F|  |TAMS 0x0000000087500000| PB 0x0000000087500000| Untracked 
|  50|0x0000000087600000, 0x0000000087600000, 0x0000000087700000|  0%| F|  |TAMS 0x0000000087600000| PB 0x0000000087600000| Untracked 
|  51|0x0000000087700000, 0x0000000087700000, 0x0000000087800000|  0%| F|  |TAMS 0x0000000087700000| PB 0x0000000087700000| Untracked 
|  52|0x0000000087800000, 0x0000000087800000, 0x0000000087900000|  0%| F|  |TAMS 0x0000000087800000| PB 0x0000000087800000| Untracked 
|  53|0x0000000087900000, 0x0000000087900000, 0x0000000087a00000|  0%| F|  |TAMS 0x0000000087900000| PB 0x0000000087900000| Untracked 
|  54|0x0000000087a00000, 0x0000000087a00000, 0x0000000087b00000|  0%| F|  |TAMS 0x0000000087a00000| PB 0x0000000087a00000| Untracked 
|  55|0x0000000087b00000, 0x0000000087b00000, 0x0000000087c00000|  0%| F|  |TAMS 0x0000000087b00000| PB 0x0000000087b00000| Untracked 
|  56|0x0000000087c00000, 0x0000000087c00000, 0x0000000087d00000|  0%| F|  |TAMS 0x0000000087c00000| PB 0x0000000087c00000| Untracked 
|  57|0x0000000087d00000, 0x0000000087d00000, 0x0000000087e00000|  0%| F|  |TAMS 0x0000000087d00000| PB 0x0000000087d00000| Untracked 
|  58|0x0000000087e00000, 0x0000000087e00000, 0x0000000087f00000|  0%| F|  |TAMS 0x0000000087e00000| PB 0x0000000087e00000| Untracked 
|  59|0x0000000087f00000, 0x0000000087f00000, 0x0000000088000000|  0%| F|  |TAMS 0x0000000087f00000| PB 0x0000000087f00000| Untracked 
|  60|0x0000000088000000, 0x0000000088000000, 0x0000000088100000|  0%| F|  |TAMS 0x0000000088000000| PB 0x0000000088000000| Untracked 
|  61|0x0000000088100000, 0x0000000088100000, 0x0000000088200000|  0%| F|  |TAMS 0x0000000088100000| PB 0x0000000088100000| Untracked 
|  62|0x0000000088200000, 0x0000000088200000, 0x0000000088300000|  0%| F|  |TAMS 0x0000000088200000| PB 0x0000000088200000| Untracked 
|  63|0x0000000088300000, 0x0000000088300000, 0x0000000088400000|  0%| F|  |TAMS 0x0000000088300000| PB 0x0000000088300000| Untracked 
|  64|0x0000000088400000, 0x0000000088400000, 0x0000000088500000|  0%| F|  |TAMS 0x0000000088400000| PB 0x0000000088400000| Untracked 
|  65|0x0000000088500000, 0x0000000088500000, 0x0000000088600000|  0%| F|  |TAMS 0x0000000088500000| PB 0x0000000088500000| Untracked 
|  66|0x0000000088600000, 0x0000000088600000, 0x0000000088700000|  0%| F|  |TAMS 0x0000000088600000| PB 0x0000000088600000| Untracked 
|  67|0x0000000088700000, 0x0000000088700000, 0x0000000088800000|  0%| F|  |TAMS 0x0000000088700000| PB 0x0000000088700000| Untracked 
|  68|0x0000000088800000, 0x0000000088800000, 0x0000000088900000|  0%| F|  |TAMS 0x0000000088800000| PB 0x0000000088800000| Untracked 
|  69|0x0000000088900000, 0x0000000088900000, 0x0000000088a00000|  0%| F|  |TAMS 0x0000000088900000| PB 0x0000000088900000| Untracked 
|  70|0x0000000088a00000, 0x0000000088a00000, 0x0000000088b00000|  0%| F|  |TAMS 0x0000000088a00000| PB 0x0000000088a00000| Untracked 
|  71|0x0000000088b00000, 0x0000000088b00000, 0x0000000088c00000|  0%| F|  |TAMS 0x0000000088b00000| PB 0x0000000088b00000| Untracked 
|  72|0x0000000088c00000, 0x0000000088c00000, 0x0000000088d00000|  0%| F|  |TAMS 0x0000000088c00000| PB 0x0000000088c00000| Untracked 
|  73|0x0000000088d00000, 0x0000000088d00000, 0x0000000088e00000|  0%| F|  |TAMS 0x0000000088d00000| PB 0x0000000088d00000| Untracked 
|  74|0x0000000088e00000, 0x0000000088e00000, 0x0000000088f00000|  0%| F|  |TAMS 0x0000000088e00000| PB 0x0000000088e00000| Untracked 
|  75|0x0000000088f00000, 0x0000000088f00000, 0x0000000089000000|  0%| F|  |TAMS 0x0000000088f00000| PB 0x0000000088f00000| Untracked 
|  76|0x0000000089000000, 0x0000000089000000, 0x0000000089100000|  0%| F|  |TAMS 0x0000000089000000| PB 0x0000000089000000| Untracked 
|  77|0x0000000089100000, 0x0000000089100000, 0x0000000089200000|  0%| F|  |TAMS 0x0000000089100000| PB 0x0000000089100000| Untracked 
|  78|0x0000000089200000, 0x0000000089200000, 0x0000000089300000|  0%| F|  |TAMS 0x0000000089200000| PB 0x0000000089200000| Untracked 
|  79|0x0000000089300000, 0x0000000089300000, 0x0000000089400000|  0%| F|  |TAMS 0x0000000089300000| PB 0x0000000089300000| Untracked 
|  80|0x0000000089400000, 0x0000000089400000, 0x0000000089500000|  0%| F|  |TAMS 0x0000000089400000| PB 0x0000000089400000| Untracked 
|  81|0x0000000089500000, 0x0000000089500000, 0x0000000089600000|  0%| F|  |TAMS 0x0000000089500000| PB 0x0000000089500000| Untracked 
|  82|0x0000000089600000, 0x0000000089600000, 0x0000000089700000|  0%| F|  |TAMS 0x0000000089600000| PB 0x0000000089600000| Untracked 
|  83|0x0000000089700000, 0x0000000089700000, 0x0000000089800000|  0%| F|  |TAMS 0x0000000089700000| PB 0x0000000089700000| Untracked 
|  84|0x0000000089800000, 0x0000000089800000, 0x0000000089900000|  0%| F|  |TAMS 0x0000000089800000| PB 0x0000000089800000| Untracked 
|  85|0x0000000089900000, 0x0000000089900000, 0x0000000089a00000|  0%| F|  |TAMS 0x0000000089900000| PB 0x0000000089900000| Untracked 
|  86|0x0000000089a00000, 0x0000000089a00000, 0x0000000089b00000|  0%| F|  |TAMS 0x0000000089a00000| PB 0x0000000089a00000| Untracked 
|  87|0x0000000089b00000, 0x0000000089b00000, 0x0000000089c00000|  0%| F|  |TAMS 0x0000000089b00000| PB 0x0000000089b00000| Untracked 
|  88|0x0000000089c00000, 0x0000000089c00000, 0x0000000089d00000|  0%| F|  |TAMS 0x0000000089c00000| PB 0x0000000089c00000| Untracked 
|  89|0x0000000089d00000, 0x0000000089d00000, 0x0000000089e00000|  0%| F|  |TAMS 0x0000000089d00000| PB 0x0000000089d00000| Untracked 
|  90|0x0000000089e00000, 0x0000000089e00000, 0x0000000089f00000|  0%| F|  |TAMS 0x0000000089e00000| PB 0x0000000089e00000| Untracked 
|  91|0x0000000089f00000, 0x0000000089f00000, 0x000000008a000000|  0%| F|  |TAMS 0x0000000089f00000| PB 0x0000000089f00000| Untracked 
|  92|0x000000008a000000, 0x000000008a000000, 0x000000008a100000|  0%| F|  |TAMS 0x000000008a000000| PB 0x000000008a000000| Untracked 
|  93|0x000000008a100000, 0x000000008a100000, 0x000000008a200000|  0%| F|  |TAMS 0x000000008a100000| PB 0x000000008a100000| Untracked 
|  94|0x000000008a200000, 0x000000008a200000, 0x000000008a300000|  0%| F|  |TAMS 0x000000008a200000| PB 0x000000008a200000| Untracked 
|  95|0x000000008a300000, 0x000000008a300000, 0x000000008a400000|  0%| F|  |TAMS 0x000000008a300000| PB 0x000000008a300000| Untracked 
|  96|0x000000008a400000, 0x000000008a400000, 0x000000008a500000|  0%| F|  |TAMS 0x000000008a400000| PB 0x000000008a400000| Untracked 
|  97|0x000000008a500000, 0x000000008a500000, 0x000000008a600000|  0%| F|  |TAMS 0x000000008a500000| PB 0x000000008a500000| Untracked 
|  98|0x000000008a600000, 0x000000008a700000, 0x000000008a700000|100%| S|CS|TAMS 0x000000008a600000| PB 0x000000008a600000| Complete 
|  99|0x000000008a700000, 0x000000008a800000, 0x000000008a800000|100%| S|CS|TAMS 0x000000008a700000| PB 0x000000008a700000| Complete 
| 100|0x000000008a800000, 0x000000008a900000, 0x000000008a900000|100%| S|CS|TAMS 0x000000008a800000| PB 0x000000008a800000| Complete 
| 101|0x000000008a900000, 0x000000008a900000, 0x000000008aa00000|  0%| F|  |TAMS 0x000000008a900000| PB 0x000000008a900000| Untracked 
| 102|0x000000008aa00000, 0x000000008aa00000, 0x000000008ab00000|  0%| F|  |TAMS 0x000000008aa00000| PB 0x000000008aa00000| Untracked 
| 103|0x000000008ab00000, 0x000000008ab00000, 0x000000008ac00000|  0%| F|  |TAMS 0x000000008ab00000| PB 0x000000008ab00000| Untracked 
| 104|0x000000008ac00000, 0x000000008ac00000, 0x000000008ad00000|  0%| F|  |TAMS 0x000000008ac00000| PB 0x000000008ac00000| Untracked 
| 105|0x000000008ad00000, 0x000000008ad00000, 0x000000008ae00000|  0%| F|  |TAMS 0x000000008ad00000| PB 0x000000008ad00000| Untracked 
| 106|0x000000008ae00000, 0x000000008ae00000, 0x000000008af00000|  0%| F|  |TAMS 0x000000008ae00000| PB 0x000000008ae00000| Untracked 
| 107|0x000000008af00000, 0x000000008af00000, 0x000000008b000000|  0%| F|  |TAMS 0x000000008af00000| PB 0x000000008af00000| Untracked 
| 108|0x000000008b000000, 0x000000008b000000, 0x000000008b100000|  0%| F|  |TAMS 0x000000008b000000| PB 0x000000008b000000| Untracked 
| 109|0x000000008b100000, 0x000000008b100000, 0x000000008b200000|  0%| F|  |TAMS 0x000000008b100000| PB 0x000000008b100000| Untracked 
| 110|0x000000008b200000, 0x000000008b200000, 0x000000008b300000|  0%| F|  |TAMS 0x000000008b200000| PB 0x000000008b200000| Untracked 
| 111|0x000000008b300000, 0x000000008b300000, 0x000000008b400000|  0%| F|  |TAMS 0x000000008b300000| PB 0x000000008b300000| Untracked 
| 112|0x000000008b400000, 0x000000008b400000, 0x000000008b500000|  0%| F|  |TAMS 0x000000008b400000| PB 0x000000008b400000| Untracked 
| 113|0x000000008b500000, 0x000000008b500000, 0x000000008b600000|  0%| F|  |TAMS 0x000000008b500000| PB 0x000000008b500000| Untracked 
| 114|0x000000008b600000, 0x000000008b600000, 0x000000008b700000|  0%| F|  |TAMS 0x000000008b600000| PB 0x000000008b600000| Untracked 
| 115|0x000000008b700000, 0x000000008b700000, 0x000000008b800000|  0%| F|  |TAMS 0x000000008b700000| PB 0x000000008b700000| Untracked 
| 116|0x000000008b800000, 0x000000008b800000, 0x000000008b900000|  0%| F|  |TAMS 0x000000008b800000| PB 0x000000008b800000| Untracked 
| 117|0x000000008b900000, 0x000000008b9bd500, 0x000000008ba00000| 73%| E|  |TAMS 0x000000008b900000| PB 0x000000008b900000| Complete 
| 118|0x000000008ba00000, 0x000000008bb00000, 0x000000008bb00000|100%| E|CS|TAMS 0x000000008ba00000| PB 0x000000008ba00000| Complete 
| 119|0x000000008bb00000, 0x000000008bc00000, 0x000000008bc00000|100%| E|CS|TAMS 0x000000008bb00000| PB 0x000000008bb00000| Complete 
| 120|0x000000008bc00000, 0x000000008bd00000, 0x000000008bd00000|100%| E|CS|TAMS 0x000000008bc00000| PB 0x000000008bc00000| Complete 
| 121|0x000000008bd00000, 0x000000008be00000, 0x000000008be00000|100%| E|CS|TAMS 0x000000008bd00000| PB 0x000000008bd00000| Complete 
| 122|0x000000008be00000, 0x000000008bf00000, 0x000000008bf00000|100%| E|CS|TAMS 0x000000008be00000| PB 0x000000008be00000| Complete 
| 123|0x000000008bf00000, 0x000000008c000000, 0x000000008c000000|100%| E|CS|TAMS 0x000000008bf00000| PB 0x000000008bf00000| Complete 

Card table byte_map: [0x0000027878420000,0x0000027878800000] _byte_map_base: 0x0000027877ffe000

Marking Bits: (CMBitMap*) 0x000002785e7a1560
 Bits: [0x0000027878800000, 0x000002787a6f0000)

Polling page: 0x0000027868380000

Metaspace:

Usage:
  Non-class:     10.52 MB used.
      Class:      1.41 MB used.
       Both:     11.93 MB used.

Virtual space:
  Non-class space:       64.00 MB reserved,      10.75 MB ( 17%) committed,  1 nodes.
      Class space:        1.00 GB reserved,       1.56 MB ( <1%) committed,  1 nodes.
             Both:        1.06 GB reserved,      12.31 MB (  1%) committed. 

Chunk freelists:
   Non-Class:  5.30 MB
       Class:  14.38 MB
        Both:  19.67 MB

MaxMetaspaceSize: unlimited
CompressedClassSpaceSize: 1.00 GB
Initial GC threshold: 21.00 MB
Current GC threshold: 21.00 MB
CDS: on
 - commit_granule_bytes: 65536.
 - commit_granule_words: 8192.
 - virtual_space_node_default_size: 8388608.
 - enlarge_chunks_in_place: 1.
 - use_allocation_guard: 0.


Internal statistics:

num_allocs_failed_limit: 0.
num_arena_births: 326.
num_arena_deaths: 0.
num_vsnodes_births: 2.
num_vsnodes_deaths: 0.
num_space_committed: 197.
num_space_uncommitted: 0.
num_chunks_returned_to_freelist: 0.
num_chunks_taken_from_freelist: 603.
num_chunk_merges: 0.
num_chunk_splits: 349.
num_chunks_enlarged: 197.
num_inconsistent_stats: 0.

CodeHeap 'non-profiled nmethods': size=120000Kb used=572Kb max_used=572Kb free=119427Kb
 bounds [0x000002786fe70000, 0x00000278700e0000, 0x00000278773a0000]
CodeHeap 'profiled nmethods': size=120000Kb used=3237Kb max_used=3237Kb free=116762Kb
 bounds [0x00000278683a0000, 0x00000278686d0000, 0x000002786f8d0000]
CodeHeap 'non-nmethods': size=5760Kb used=1457Kb max_used=1495Kb free=4302Kb
 bounds [0x000002786f8d0000, 0x000002786fb40000, 0x000002786fe70000]
 total_blobs=2301 nmethods=1761 adapters=444
 compilation: enabled
              stopped_count=0, restarted_count=0
 full_count=0

Compilation events (20 events):
Event: 2.544 Thread 0x000002787d3f2300 nmethod 1754 0x00000278686c6090 code [0x00000278686c6240, 0x00000278686c6500]
Event: 2.544 Thread 0x000002787d3f2300 1755       3       java.lang.System$2::getCarrierThreadLocal (5 bytes)
Event: 2.545 Thread 0x000002787d3f2300 nmethod 1755 0x00000278686c6610 code [0x00000278686c67c0, 0x00000278686c6a18]
Event: 2.545 Thread 0x000002787d3f2300 1756       3       java.lang.ThreadLocal::getCarrierThreadLocal (29 bytes)
Event: 2.545 Thread 0x000002787d3f2300 nmethod 1756 0x00000278686c6b10 code [0x00000278686c6cc0, 0x00000278686c6e28]
Event: 2.545 Thread 0x000002787d3f2300 1753       1       java.util.concurrent.atomic.AtomicReference::get (5 bytes)
Event: 2.545 Thread 0x000002787d3f2300 nmethod 1753 0x000002786fef5610 code [0x000002786fef57a0, 0x000002786fef5868]
Event: 2.545 Thread 0x000002787d3f2300 1758       3       java.lang.invoke.VarHandleReferences$FieldInstanceReadWrite::set (35 bytes)
Event: 2.545 Thread 0x000002787d3f2300 nmethod 1758 0x00000278686c6f10 code [0x00000278686c7140, 0x00000278686c7920]
Event: 2.545 Thread 0x000002787d3f2300 1759       3       java.lang.System::checkKey (34 bytes)
Event: 2.546 Thread 0x000002787d3f2300 nmethod 1759 0x00000278686c7c10 code [0x00000278686c7de0, 0x00000278686c81a0]
Event: 2.546 Thread 0x000002787d3f2300 1760       3       java.util.concurrent.locks.ReentrantLock::<init> (16 bytes)
Event: 2.546 Thread 0x000002787d3f2300 nmethod 1760 0x00000278686c8310 code [0x00000278686c84e0, 0x00000278686c88d8]
Event: 2.546 Thread 0x000002787d3f2300 1761       3       java.util.ImmutableCollections$AbstractImmutableList::<init> (5 bytes)
Event: 2.546 Thread 0x000002787d3f2300 nmethod 1761 0x00000278686c8a90 code [0x00000278686c8c40, 0x00000278686c8e68]
Event: 2.546 Thread 0x000002787d3f2300 1762       3       java.util.TreeMap$PrivateEntryIterator::nextEntry (54 bytes)
Event: 2.546 Thread 0x000002787d3f2300 nmethod 1762 0x00000278686c8f90 code [0x00000278686c9180, 0x00000278686c9560]
Event: 2.558 Thread 0x000002787d3f1850 nmethod 1636 0x000002786fef5910 code [0x000002786fef6140, 0x000002786fefc0d8]
Event: 2.560 Thread 0x000002787d3f1850 1741       4       java.nio.HeapByteBuffer::get (14 bytes)
Event: 2.561 Thread 0x000002787d3f1850 nmethod 1741 0x000002786fefee90 code [0x000002786feff020, 0x000002786feff120]

GC Heap History (2 events):
Event: 0.941 GC heap before
{Heap before GC invocations=0 (full 0):
 garbage-first heap   total 126976K, used 23552K [0x0000000084400000, 0x0000000100000000)
  region size 1024K, 23 young (23552K), 0 survivors (0K)
 Metaspace       used 10103K, committed 10368K, reserved 1114112K
  class space    used 1167K, committed 1280K, reserved 1048576K
}
Event: 0.950 GC heap after
{Heap after GC invocations=1 (full 0):
 garbage-first heap   total 126976K, used 6304K [0x0000000084400000, 0x0000000100000000)
  region size 1024K, 3 young (3072K), 3 survivors (3072K)
 Metaspace       used 10103K, committed 10368K, reserved 1114112K
  class space    used 1167K, committed 1280K, reserved 1048576K
}

Dll operation events (10 events):
Event: 0.009 Loaded shared library C:\Program Files\Java\jdk-21\bin\java.dll
Event: 0.040 Loaded shared library C:\Program Files\Java\jdk-21\bin\jsvml.dll
Event: 0.083 Loaded shared library C:\Program Files\Java\jdk-21\bin\net.dll
Event: 0.085 Loaded shared library C:\Program Files\Java\jdk-21\bin\nio.dll
Event: 0.088 Loaded shared library C:\Program Files\Java\jdk-21\bin\zip.dll
Event: 0.147 Loaded shared library C:\Program Files\Java\jdk-21\bin\jimage.dll
Event: 0.195 Loaded shared library C:\Program Files\Java\jdk-21\bin\extnet.dll
Event: 0.232 Loaded shared library C:\Program Files\Java\jdk-21\bin\management.dll
Event: 0.234 Loaded shared library C:\Program Files\Java\jdk-21\bin\management_ext.dll
Event: 0.617 Loaded shared library C:\Program Files\Java\jdk-21\bin\sunmscapi.dll

Deoptimization events (20 events):
Event: 0.803 Thread 0x000002785e400720 Uncommon trap: trap_request=0xffffffde fr.pc=0x000002786fe94f64 relative=0x0000000000000304
Event: 0.803 Thread 0x000002785e400720 Uncommon trap: reason=class_check action=maybe_recompile pc=0x000002786fe94f64 method=java.util.regex.Pattern$BmpCharPropertyGreedy.match(Ljava/util/regex/Matcher;ILjava/lang/CharSequence;)Z @ 26 c2
Event: 0.803 Thread 0x000002785e400720 DEOPT PACKING pc=0x000002786fe94f64 sp=0x000000a090efe0f0
Event: 0.803 Thread 0x000002785e400720 DEOPT UNPACKING pc=0x000002786f9246a2 sp=0x000000a090efe0a8 mode 2
Event: 0.804 Thread 0x000002785e400720 Uncommon trap: trap_request=0xffffffde fr.pc=0x000002786fe94f64 relative=0x0000000000000304
Event: 0.804 Thread 0x000002785e400720 Uncommon trap: reason=class_check action=maybe_recompile pc=0x000002786fe94f64 method=java.util.regex.Pattern$BmpCharPropertyGreedy.match(Ljava/util/regex/Matcher;ILjava/lang/CharSequence;)Z @ 26 c2
Event: 0.804 Thread 0x000002785e400720 DEOPT PACKING pc=0x000002786fe94f64 sp=0x000000a090efe0f0
Event: 0.804 Thread 0x000002785e400720 DEOPT UNPACKING pc=0x000002786f9246a2 sp=0x000000a090efe0a8 mode 2
Event: 0.824 Thread 0x000002787df80340 Uncommon trap: trap_request=0xffffffde fr.pc=0x000002786fe94f64 relative=0x0000000000000304
Event: 0.824 Thread 0x000002787df80340 Uncommon trap: reason=class_check action=maybe_recompile pc=0x000002786fe94f64 method=java.util.regex.Pattern$BmpCharPropertyGreedy.match(Ljava/util/regex/Matcher;ILjava/lang/CharSequence;)Z @ 26 c2
Event: 0.824 Thread 0x000002787df80340 DEOPT PACKING pc=0x000002786fe94f64 sp=0x000000a0926fe1e0
Event: 0.824 Thread 0x000002787df80340 DEOPT UNPACKING pc=0x000002786f9246a2 sp=0x000000a0926fe178 mode 2
Event: 2.140 Thread 0x000002785e400720 Uncommon trap: trap_request=0xffffffde fr.pc=0x000002786fec5fd8 relative=0x0000000000000518
Event: 2.140 Thread 0x000002785e400720 Uncommon trap: reason=class_check action=maybe_recompile pc=0x000002786fec5fd8 method=java.util.HashMap.putVal(ILjava/lang/Object;Ljava/lang/Object;ZZ)Ljava/lang/Object; @ 253 c2
Event: 2.140 Thread 0x000002785e400720 DEOPT PACKING pc=0x000002786fec5fd8 sp=0x000000a090efe5e0
Event: 2.140 Thread 0x000002785e400720 DEOPT UNPACKING pc=0x000002786f9246a2 sp=0x000000a090efe570 mode 2
Event: 2.441 Thread 0x000002785e400720 Uncommon trap: trap_request=0xffffff45 fr.pc=0x000002786febbed4 relative=0x0000000000000054
Event: 2.441 Thread 0x000002785e400720 Uncommon trap: reason=unstable_if action=reinterpret pc=0x000002786febbed4 method=java.lang.CharacterData.of(I)Ljava/lang/CharacterData; @ 4 c2
Event: 2.441 Thread 0x000002785e400720 DEOPT PACKING pc=0x000002786febbed4 sp=0x000000a090efe150
Event: 2.441 Thread 0x000002785e400720 DEOPT UNPACKING pc=0x000002786f9246a2 sp=0x000000a090efe0f0 mode 2

Classes loaded (20 events):
Event: 2.446 Loading class java/util/ResourceBundle$CacheKeyReference done
Event: 2.449 Loading class java/util/ResourceBundle$KeyElementReference done
Event: 2.450 Loading class java/util/ResourceBundle$3
Event: 2.450 Loading class java/util/ResourceBundle$3 done
Event: 2.451 Loading class sun/util/logging/resources/logging
Event: 2.451 Loading class sun/util/logging/resources/logging done
Event: 2.451 Loading class java/util/ResourceBundle$BundleReference
Event: 2.451 Loading class java/util/ResourceBundle$BundleReference done
Event: 2.451 Loading class sun/util/logging/resources/logging_en
Event: 2.451 Loading class sun/util/logging/resources/logging_en done
Event: 2.451 Loading class sun/util/logging/resources/logging_en
Event: 2.451 Loading class sun/util/logging/resources/logging_en done
Event: 2.452 Loading class sun/util/logging/resources/logging_en_IN
Event: 2.452 Loading class sun/util/logging/resources/logging_en_IN done
Event: 2.452 Loading class sun/util/logging/resources/logging_en_IN
Event: 2.452 Loading class sun/util/logging/resources/logging_en_IN done
Event: 2.453 Loading class java/util/Formatter$DateTime
Event: 2.453 Loading class java/util/Formatter$DateTime done
Event: 2.453 Loading class java/time/ZonedDateTime$1
Event: 2.454 Loading class java/time/ZonedDateTime$1 done

Classes unloaded (0 events):
No events

Classes redefined (0 events):
No events

Internal exceptions (20 events):
Event: 0.645 Thread 0x000002785e400720 Exception <a 'sun/nio/fs/WindowsException'{0x000000008b49fc70}> (0x000000008b49fc70) 
thrown [s\open\src\hotspot\share\prims\jni.cpp, line 520]
Event: 0.690 Thread 0x000002785e400720 Exception <a 'java/lang/NoSuchMethodError'{0x000000008b2d5880}: 'void java.lang.invoke.DirectMethodHandle$Holder.invokeVirtual(java.lang.Object, java.lang.Object)'> (0x000000008b2d5880) 
thrown [s\open\src\hotspot\share\interpreter\linkResolver.cpp, line 773]
Event: 0.729 Thread 0x000002785e400720 Exception <a 'java/lang/NoSuchMethodError'{0x000000008aeec960}: 'java.lang.Object java.lang.invoke.DirectMethodHandle$Holder.invokeStaticInit(java.lang.Object, int, int, int, int)'> (0x000000008aeec960) 
thrown [s\open\src\hotspot\share\interpreter\linkResolver.cpp, line 773]
Event: 0.748 Thread 0x000002785e400720 Exception <a 'java/lang/NoSuchMethodError'{0x000000008ad25b58}: 'java.lang.Object java.lang.invoke.DirectMethodHandle$Holder.invokeStaticInit(java.lang.Object, java.lang.Object, int, int, int, int)'> (0x000000008ad25b58) 
thrown [s\open\src\hotspot\share\interpreter\linkResolver.cpp, line 773]
Event: 0.801 Thread 0x000002785e400720 Exception <a 'java/lang/NoSuchMethodError'{0x000000008ac44018}: 'java.lang.Object java.lang.invoke.DirectMethodHandle$Holder.invokeInterface(java.lang.Object, java.lang.Object, java.lang.Object)'> (0x000000008ac44018) 
thrown [s\open\src\hotspot\share\interpreter\linkResolver.cpp, line 773]
Event: 0.802 Thread 0x000002785e400720 Exception <a 'java/lang/IncompatibleClassChangeError'{0x000000008ac47410}: Found class java.lang.Object, but interface was expected> (0x000000008ac47410) 
thrown [s\open\src\hotspot\share\interpreter\linkResolver.cpp, line 840]
Event: 0.803 Thread 0x000002785e400720 Exception <a 'java/lang/NoSuchMethodError'{0x000000008ac4e618}: 'int java.lang.invoke.DirectMethodHandle$Holder.invokeSpecialIFC(java.lang.Object, java.lang.Object, java.lang.Object, java.lang.Object)'> (0x000000008ac4e618) 
thrown [s\open\src\hotspot\share\interpreter\linkResolver.cpp, line 773]
Event: 0.806 Thread 0x000002785e400720 Exception <a 'java/lang/NoSuchMethodError'{0x000000008ac6c8a8}: 'java.lang.Object java.lang.invoke.DirectMethodHandle$Holder.invokeVirtual(java.lang.Object, java.lang.Object, java.lang.Object, java.lang.Object)'> (0x000000008ac6c8a8) 
thrown [s\open\src\hotspot\share\interpreter\linkResolver.cpp, line 773]
Event: 0.829 Thread 0x000002787df80340 Exception <a 'java/net/ConnectException'{0x000000008ab810e0}: Connection refused: getsockopt> (0x000000008ab810e0) 
thrown [s\open\src\hotspot\share\prims\jni.cpp, line 539]
Event: 0.844 Thread 0x000002787df80340 Exception <a 'java/net/ConnectException'{0x000000008ab82230}: Connection refused: getsockopt> (0x000000008ab82230) 
thrown [s\open\src\hotspot\share\prims\jni.cpp, line 539]
Event: 0.897 Thread 0x000002785e400720 Exception <a 'java/lang/NoSuchMethodError'{0x000000008aa3f328}: 'java.lang.Object java.lang.invoke.DirectMethodHandle$Holder.newInvokeSpecial(java.lang.Object, java.lang.Object, int, int)'> (0x000000008aa3f328) 
thrown [s\open\src\hotspot\share\interpreter\linkResolver.cpp, line 773]
Event: 0.898 Thread 0x000002785e400720 Exception <a 'java/lang/NoSuchMethodError'{0x000000008aa49608}: 'void java.lang.invoke.DirectMethodHandle$Holder.invokeStatic(java.lang.Object, java.lang.Object, int)'> (0x000000008aa49608) 
thrown [s\open\src\hotspot\share\interpreter\linkResolver.cpp, line 773]
Event: 0.909 Thread 0x000002785e400720 Exception <a 'java/lang/NoSuchMethodError'{0x000000008aac34e0}: 'java.lang.Object java.lang.invoke.DirectMethodHandle$Holder.newInvokeSpecial(java.lang.Object, java.lang.Object, java.lang.Object, java.lang.Object, java.lang.Object)'> (0x000000008aac34e0) 
thrown [s\open\src\hotspot\share\interpreter\linkResolver.cpp, line 773]
Event: 0.954 Thread 0x000002787df81060 Exception <a 'java/lang/NoSuchMethodError'{0x000000008bf78d18}: 'java.lang.Object java.lang.invoke.DirectMethodHandle$Holder.invokeSpecial(java.lang.Object, java.lang.Object, java.lang.Object, java.lang.Object, int)'> (0x000000008bf78d18) 
thrown [s\open\src\hotspot\share\interpreter\linkResolver.cpp, line 773]
Event: 0.954 Thread 0x000002787df81060 Exception <a 'java/lang/NoSuchMethodError'{0x000000008bf7c670}: 'java.lang.Object java.lang.invoke.Invokers$Holder.linkToTargetMethod(java.lang.Object, java.lang.Object, int, java.lang.Object)'> (0x000000008bf7c670) 
thrown [s\open\src\hotspot\share\interpreter\linkResolver.cpp, line 773]
Event: 0.959 Thread 0x000002787df81060 Exception <a 'java/lang/NoSuchMethodError'{0x000000008bf94158}: 'void java.lang.invoke.DirectMethodHandle$Holder.invokeSpecial(java.lang.Object, java.lang.Object, java.lang.Object)'> (0x000000008bf94158) 
thrown [s\open\src\hotspot\share\interpreter\linkResolver.cpp, line 773]
Event: 0.967 Thread 0x000002787df81060 Exception <a 'java/lang/NoSuchMethodError'{0x000000008bfc0010}: 'void java.lang.invoke.DirectMethodHandle$Holder.invokeSpecial(java.lang.Object, java.lang.Object, java.lang.Object, java.lang.Object, java.lang.Object)'> (0x000000008bfc0010) 
thrown [s\open\src\hotspot\share\interpreter\linkResolver.cpp, line 773]
Event: 2.118 Thread 0x000002787df82aa0 Exception <a 'java/lang/NoSuchMethodError'{0x000000008beea840}: 'void java.lang.invoke.DirectMethodHandle$Holder.invokeSpecial(java.lang.Object, java.lang.Object, java.lang.Object, java.lang.Object, java.lang.Object, java.lang.Object, java.lang.Object)'> (0x000000008beea840) 
thrown [s\open\src\hotspot\share\interpreter\linkResolver.cpp, line 773]
Event: 2.134 Thread 0x000002785e400720 Exception <a 'java/lang/NoSuchMethodError'{0x000000008bd6d708}: 'java.lang.Object java.lang.invoke.DirectMethodHandle$Holder.invokeSpecialIFC(java.lang.Object, java.lang.Object, java.lang.Object)'> (0x000000008bd6d708) 
thrown [s\open\src\hotspot\share\interpreter\linkResolver.cpp, line 773]
Event: 2.450 Thread 0x000002785e400720 Exception <a 'java/lang/ClassNotFoundException'{0x000000008b92d2a0}: sun/util/logging/resources/spi/loggingProvider> (0x000000008b92d2a0) 
thrown [s\open\src\hotspot\share\classfile\systemDictionary.cpp, line 312]

ZGC Phase Switch (0 events):
No events

VM Operations (20 events):
Event: 0.586 Executing VM operation: HandshakeAllThreads (Deoptimize)
Event: 0.586 Executing VM operation: HandshakeAllThreads (Deoptimize) done
Event: 0.815 Executing VM operation: HandshakeAllThreads (Deoptimize)
Event: 0.815 Executing VM operation: HandshakeAllThreads (Deoptimize) done
Event: 0.878 Executing VM operation: HandshakeAllThreads (Deoptimize)
Event: 0.878 Executing VM operation: HandshakeAllThreads (Deoptimize) done
Event: 0.896 Executing VM operation: ICBufferFull
Event: 0.896 Executing VM operation: ICBufferFull done
Event: 0.941 Executing VM operation: G1CollectForAllocation (G1 Evacuation Pause)
Event: 0.950 Executing VM operation: G1CollectForAllocation (G1 Evacuation Pause) done
Event: 1.965 Executing VM operation: Cleanup
Event: 1.965 Executing VM operation: Cleanup done
Event: 2.094 Executing VM operation: HandshakeAllThreads (Deoptimize)
Event: 2.094 Executing VM operation: HandshakeAllThreads (Deoptimize) done
Event: 2.098 Executing VM operation: HandshakeAllThreads (Deoptimize)
Event: 2.098 Executing VM operation: HandshakeAllThreads (Deoptimize) done
Event: 2.400 Executing VM operation: HandshakeAllThreads (Deoptimize)
Event: 2.400 Executing VM operation: HandshakeAllThreads (Deoptimize) done
Event: 2.423 Executing VM operation: HandshakeAllThreads (Deoptimize)
Event: 2.423 Executing VM operation: HandshakeAllThreads (Deoptimize) done

Events (20 events):
Event: 0.515 Thread 0x000002787d3dc050 Thread added: 0x000002787d3dc050
Event: 0.713 Thread 0x000002787df2fb60 Thread added: 0x000002787df2fb60
Event: 0.787 Thread 0x000002787d3daca0 Thread added: 0x000002787d3daca0
Event: 0.813 Thread 0x000002787d3dcd70 Thread added: 0x000002787d3dcd70
Event: 0.816 Thread 0x000002787d3dd400 Thread added: 0x000002787d3dd400
Event: 0.818 Thread 0x000002787df837c0 Thread added: 0x000002787df837c0
Event: 0.822 Thread 0x000002787df80340 Thread added: 0x000002787df80340
Event: 0.877 Thread 0x000002787df809d0 Thread added: 0x000002787df809d0
Event: 0.917 Thread 0x000002787df81060 Thread added: 0x000002787df81060
Event: 0.919 Thread 0x000002787df7ef90 Thread added: 0x000002787df7ef90
Event: 0.976 Thread 0x000002787df7fcb0 Thread added: 0x000002787df7fcb0
Event: 0.977 Thread 0x000002787df82410 Thread added: 0x000002787df82410
Event: 0.978 Thread 0x000002787df82aa0 Thread added: 0x000002787df82aa0
Event: 2.095 Thread 0x000002787df2fb60 Thread exited: 0x000002787df2fb60
Event: 2.265 Thread 0x000002787df7f620 Thread added: 0x000002787df7f620
Event: 2.266 Thread 0x000002787df816f0 Thread added: 0x000002787df816f0
Event: 2.269 Thread 0x000002787df81d80 Thread added: 0x000002787df81d80
Event: 2.269 Thread 0x000002787df83130 Thread added: 0x000002787df83130
Event: 2.269 Thread 0x000002787df83e50 Thread added: 0x000002787df83e50
Event: 2.407 Thread 0x000002787e5ee130 Thread added: 0x000002787e5ee130


Dynamic libraries:
0x00007ff627670000 - 0x00007ff627680000 	C:\Program Files\Java\jdk-21\bin\javaw.exe
0x00007ffb67010000 - 0x00007ffb67228000 	C:\WINDOWS\SYSTEM32\ntdll.dll
0x00007ffb65070000 - 0x00007ffb65134000 	C:\WINDOWS\System32\KERNEL32.DLL
0x00007ffb64270000 - 0x00007ffb64643000 	C:\WINDOWS\System32\KERNELBASE.dll
0x00007ffb64900000 - 0x00007ffb64a11000 	C:\WINDOWS\System32\ucrtbase.dll
0x00007ffb3db80000 - 0x00007ffb3db99000 	C:\Program Files\Java\jdk-21\bin\jli.dll
0x00007ffb3c120000 - 0x00007ffb3c13b000 	C:\Program Files\Java\jdk-21\bin\VCRUNTIME140.dll
0x00007ffb65900000 - 0x00007ffb659b1000 	C:\WINDOWS\System32\ADVAPI32.dll
0x00007ffb64ee0000 - 0x00007ffb64f87000 	C:\WINDOWS\System32\msvcrt.dll
0x00007ffb65d40000 - 0x00007ffb65de8000 	C:\WINDOWS\System32\sechost.dll
0x00007ffb64790000 - 0x00007ffb647b8000 	C:\WINDOWS\System32\bcrypt.dll
0x00007ffb65c20000 - 0x00007ffb65d38000 	C:\WINDOWS\System32\RPCRT4.dll
0x00007ffb65a30000 - 0x00007ffb65be2000 	C:\WINDOWS\System32\USER32.dll
0x00007ffb641c0000 - 0x00007ffb641e6000 	C:\WINDOWS\System32\win32u.dll
0x00007ffb658d0000 - 0x00007ffb658f9000 	C:\WINDOWS\System32\GDI32.dll
0x00007ffb64a20000 - 0x00007ffb64b3b000 	C:\WINDOWS\System32\gdi32full.dll
0x00007ffb64120000 - 0x00007ffb641ba000 	C:\WINDOWS\System32\msvcp_win.dll
0x00007ffb52530000 - 0x00007ffb527cc000 	C:\WINDOWS\WinSxS\amd64_microsoft.windows.common-controls_6595b64144ccf1df_6.0.22621.6060_none_2712eda17382d24b\COMCTL32.dll
0x00007ffb540c0000 - 0x00007ffb540ca000 	C:\WINDOWS\SYSTEM32\VERSION.dll
0x00007ffb656a0000 - 0x00007ffb656d1000 	C:\WINDOWS\System32\IMM32.DLL
0x00007ffb40b00000 - 0x00007ffb40b0c000 	C:\Program Files\Java\jdk-21\bin\vcruntime140_1.dll
0x00007ffb3b0a0000 - 0x00007ffb3b12e000 	C:\Program Files\Java\jdk-21\bin\msvcp140.dll
0x00007ffb39820000 - 0x00007ffb3a538000 	C:\Program Files\Java\jdk-21\bin\server\jvm.dll
0x00007ffb64e60000 - 0x00007ffb64ed1000 	C:\WINDOWS\System32\WS2_32.dll
0x00007ffb63ff0000 - 0x00007ffb6403d000 	C:\WINDOWS\SYSTEM32\POWRPROF.dll
0x00007ffb5c1f0000 - 0x00007ffb5c224000 	C:\WINDOWS\SYSTEM32\WINMM.dll
0x00007ffb63fd0000 - 0x00007ffb63fe3000 	C:\WINDOWS\SYSTEM32\UMPDC.dll
0x00007ffb630c0000 - 0x00007ffb630d8000 	C:\WINDOWS\SYSTEM32\kernel.appcore.dll
0x00007ffb3cb20000 - 0x00007ffb3cb2a000 	C:\Program Files\Java\jdk-21\bin\jimage.dll
0x00007ffb61580000 - 0x00007ffb617b3000 	C:\WINDOWS\SYSTEM32\DBGHELP.DLL
0x00007ffb65140000 - 0x00007ffb654d1000 	C:\WINDOWS\System32\combase.dll
0x00007ffb64f90000 - 0x00007ffb65068000 	C:\WINDOWS\System32\OLEAUT32.dll
0x00007ffb46ac0000 - 0x00007ffb46af2000 	C:\WINDOWS\SYSTEM32\dbgcore.DLL
0x00007ffb641f0000 - 0x00007ffb6426b000 	C:\WINDOWS\System32\bcryptPrimitives.dll
0x00007ffb3cb00000 - 0x00007ffb3cb1f000 	C:\Program Files\Java\jdk-21\bin\java.dll
0x00007ffb65df0000 - 0x00007ffb6668c000 	C:\WINDOWS\System32\SHELL32.dll
0x00007ffb647c0000 - 0x00007ffb648ff000 	C:\WINDOWS\System32\wintypes.dll
0x00007ffb61fd0000 - 0x00007ffb628ea000 	C:\WINDOWS\SYSTEM32\windows.storage.dll
0x00007ffb66b10000 - 0x00007ffb66c14000 	C:\WINDOWS\System32\SHCORE.dll
0x00007ffb65860000 - 0x00007ffb658c9000 	C:\WINDOWS\System32\shlwapi.dll
0x00007ffb64050000 - 0x00007ffb64075000 	C:\WINDOWS\SYSTEM32\profapi.dll
0x00007ffb3a680000 - 0x00007ffb3a757000 	C:\Program Files\Java\jdk-21\bin\jsvml.dll
0x00007ffb3ab30000 - 0x00007ffb3ab40000 	C:\Program Files\Java\jdk-21\bin\net.dll
0x00007ffb5fb70000 - 0x00007ffb5fc9c000 	C:\WINDOWS\SYSTEM32\WINHTTP.dll
0x00007ffb63580000 - 0x00007ffb635e9000 	C:\WINDOWS\system32\mswsock.dll
0x00007ffb3a860000 - 0x00007ffb3a876000 	C:\Program Files\Java\jdk-21\bin\nio.dll
0x00007ffb3a640000 - 0x00007ffb3a658000 	C:\Program Files\Java\jdk-21\bin\zip.dll
0x00007ffb2fb00000 - 0x00007ffb2fb09000 	C:\Program Files\Java\jdk-21\bin\extnet.dll
0x00007ffb62b70000 - 0x00007ffb62c68000 	C:\WINDOWS\SYSTEM32\DNSAPI.dll
0x00007ffb62b40000 - 0x00007ffb62b6d000 	C:\WINDOWS\SYSTEM32\IPHLPAPI.DLL
0x00007ffb65830000 - 0x00007ffb65839000 	C:\WINDOWS\System32\NSI.dll
0x00007ffb5f800000 - 0x00007ffb5f80a000 	C:\Windows\System32\rasadhlp.dll
0x00007ffb5b650000 - 0x00007ffb5b6d4000 	C:\WINDOWS\System32\fwpuclnt.dll
0x00007ffb1f2f0000 - 0x00007ffb1f2fa000 	C:\Program Files\Java\jdk-21\bin\management.dll
0x00007ffb1f2e0000 - 0x00007ffb1f2eb000 	C:\Program Files\Java\jdk-21\bin\management_ext.dll
0x00007ffb65840000 - 0x00007ffb65848000 	C:\WINDOWS\System32\PSAPI.DLL
0x00007ffb2d900000 - 0x00007ffb2d90e000 	C:\Program Files\Java\jdk-21\bin\sunmscapi.dll
0x00007ffb64b40000 - 0x00007ffb64ca8000 	C:\WINDOWS\System32\CRYPT32.dll
0x00007ffb639f0000 - 0x00007ffb63a1e000 	C:\WINDOWS\SYSTEM32\ncrypt.dll
0x00007ffb639b0000 - 0x00007ffb639e7000 	C:\WINDOWS\SYSTEM32\NTASN1.dll
0x00007ffb63870000 - 0x00007ffb6388b000 	C:\WINDOWS\SYSTEM32\CRYPTSP.dll
0x00007ffb63020000 - 0x00007ffb63057000 	C:\WINDOWS\system32\rsaenh.dll
0x00007ffb63620000 - 0x00007ffb63648000 	C:\WINDOWS\SYSTEM32\USERENV.dll
0x00007ffb63780000 - 0x00007ffb6378c000 	C:\WINDOWS\SYSTEM32\CRYPTBASE.dll
0x00007ffb37b80000 - 0x00007ffb37b88000 	C:\WINDOWS\system32\wshunix.dll

dbghelp: loaded successfully - version: 4.0.5 - missing functions: none
symbol engine: initialized successfully - sym options: 0x614 - pdb path: .;C:\Program Files\Java\jdk-21\bin;C:\WINDOWS\SYSTEM32;C:\WINDOWS\WinSxS\amd64_microsoft.windows.common-controls_6595b64144ccf1df_6.0.22621.6060_none_2712eda17382d24b;C:\Program Files\Java\jdk-21\bin\server

VM Arguments:
jvm_args: -Dfile.encoding=UTF-8 -Dstdout.encoding=UTF-8 -Dstderr.encoding=UTF-8 -XX:+ShowCodeDetailsInExceptionMessages 
java_command: SeleniumWait.ImplicitWait
java_class_path (initial): D:\SELENIUM\SeleniumSynchronization\target\test-classes;D:\SELENIUM\SeleniumSynchronization\target\classes;C:\Users\Swetha\.m2\repository\org\seleniumhq\selenium\selenium-java\4.38.0\selenium-java-4.38.0.jar;C:\Users\Swetha\.m2\repository\org\seleniumhq\selenium\selenium-api\4.38.0\selenium-api-4.38.0.jar;C:\Users\Swetha\.m2\repository\org\jspecify\jspecify\1.0.0\jspecify-1.0.0.jar;C:\Users\Swetha\.m2\repository\org\seleniumhq\selenium\selenium-chrome-driver\4.38.0\selenium-chrome-driver-4.38.0.jar;C:\Users\Swetha\.m2\repository\com\google\auto\service\auto-service-annotations\1.1.1\auto-service-annotations-1.1.1.jar;C:\Users\Swetha\.m2\repository\org\seleniumhq\selenium\selenium-chromium-driver\4.38.0\selenium-chromium-driver-4.38.0.jar;C:\Users\Swetha\.m2\repository\org\seleniumhq\selenium\selenium-json\4.38.0\selenium-json-4.38.0.jar;C:\Users\Swetha\.m2\repository\org\seleniumhq\selenium\selenium-manager\4.38.0\selenium-manager-4.38.0.jar;C:\Users\Swetha\.m2\repository\org\seleniumhq\selenium\selenium-devtools-v140\4.38.0\selenium-devtools-v140-4.38.0.jar;C:\Users\Swetha\.m2\repository\org\seleniumhq\selenium\selenium-devtools-v141\4.38.0\selenium-devtools-v141-4.38.0.jar;C:\Users\Swetha\.m2\repository\org\seleniumhq\selenium\selenium-devtools-v142\4.38.0\selenium-devtools-v142-4.38.0.jar;C:\Users\Swetha\.m2\repository\org\seleniumhq\selenium\selenium-edge-driver\4.38.0\selenium-edge-driver-4.38.0.jar;C:\Users\Swetha\.m2\repository\org\seleniumhq\selenium\selenium-firefox-driver\4.38.0\selenium-firefox-driver-4.38.0.jar;C:\Users\Swetha\.m2\repository\org\seleniumhq\selenium\selenium-http\4.38.0\selenium-http-4.38.0.jar;C:\Users\Swetha\.m2\repository\org\seleniumhq\selenium\selenium-ie-driver\4.38.0\selenium-ie-driver-4.38.0.jar;C:\Users\Swetha\.m2\repository\org\seleniumhq\selenium\selenium-remote-driver\4.38.0\selenium-remote-driver-4.38.0.jar;C:\Users\Swetha\.m2\repository\com\google\guava\guava\33.5.0-jre\guava-33.5.0-jre.jar;C:\Users\Swetha\.m2\repository\com\google\guava\failureaccess\1.0.3\failureaccess-1.0.3.jar;C:\Users\Swetha\.m2\repository\com\google\guava\listenablefuture\9999.0-empty-to-avoid-conflict-with-guava\listenablefuture-9999.0-empty-to-avoid-conflict-with-guava.jar;C:\Users\Swetha\.m2\repository\com\google\errorprone\error_prone_annotations\2.41.0\error_prone_annotations-2.41.0.jar;C:\Users\Swetha\.m2\repository\com\google\j2objc\j2objc-annotations\3.1\j2objc-annotations-3.1.jar;C:\Users\Swetha\.m2\repository\io\opentelemetry\opentelemetry-api\1.55.0\opentelemetry-api-1.55.0.jar;C:\Users\Swetha\.m2\repository\io\opentelemetry\opentelemetry-context\1.55.0\opentelemetry-context-1.55.0.jar;C:\Users\Swetha\.m2\repository\io\opentelemetry\opentelemetry-common\1.55.0\opentelemetry-common-1.55.0.jar;C:\Users\Swetha\.m2\repository\io\opentelemetry\opentelemetry-exporter-logging\1.55.0\opentelemetry-exporter-logging-1.55.0.jar;C:\Users\Swetha\.m2\repository\io\opentelemetry\opentelemetry-sdk-common\1.55.0\opentelemetry-sdk-common-1.55.0.jar;C:\Users\Swetha\.m2\repository\io\opentelemetry\opentelemetry-sdk-extension-autoconfigure-spi\1.55.0\opentelemetry-sdk-extension-autoconfigure-spi-1.55.0.jar;C:\Users\Swetha\.m2\repository\io\opentelemetry\opentelemetry-sdk-extension-autoconfigure\1.55.0\opentelemetry-sdk-extension-autoconfigure-1.55.0.jar;C:\Users\Swetha\.m2\repository\io\opentelemetry\opentelemetry-sdk-trace\1.55.0\opentelemetry-sdk-trace-1.55.0.jar;C:\Users\Swetha\.m2\repository\io\opentelemetry\opentelemetry-sdk\1.55.0\opentelemetry-sdk-1.55.0.jar;C:\Users\Swetha\.m2\repository\io\opentelemetry\opentelemetry-sdk-metrics\1.55.0\opentelemetry-sdk-metrics-1.55.0.jar;C:\Users\Swetha\.m2\repository\io\opentelemetry\opentelemetry-sdk-logs\1.55.0\opentelemetry-sdk-logs-1.55.0.jar;C:\Users\Swetha\.m2\repository\net\bytebuddy\byte-buddy\1.17.8\byte-buddy-1.17.8.jar;C:\Users\Swetha\.m2\repository\org\seleniumhq\selenium\selenium-os\4.38.0\selenium-os-4.38.0.jar;C:\Users\Swetha\.m2\repository\org\apache\commons\commons-exec\1.5.0\commons-exec-1.5.0.jar;C:\Users\Swetha\.m2\repository\org\seleniumhq\selenium\selenium-safari-driver\4.38.0\selenium-safari-driver-4.38.0.jar;C:\Users\Swetha\.m2\repository\org\seleniumhq\selenium\selenium-support\4.38.0\selenium-support-4.38.0.jar
Launcher Type: SUN_STANDARD

[Global flags]
     intx CICompilerCount                          = 4                                         {product} {ergonomic}
     uint ConcGCThreads                            = 3                                         {product} {ergonomic}
     uint G1ConcRefinementThreads                  = 10                                        {product} {ergonomic}
   size_t G1HeapRegionSize                         = 1048576                                   {product} {ergonomic}
    uintx GCDrainStackTargetSize                   = 64                                        {product} {ergonomic}
   size_t InitialHeapSize                          = 130023424                                 {product} {ergonomic}
   size_t MarkStackSize                            = 4194304                                   {product} {ergonomic}
   size_t MaxHeapSize                              = 2076180480                                {product} {ergonomic}
   size_t MaxNewSize                               = 1245708288                                {product} {ergonomic}
   size_t MinHeapDeltaBytes                        = 1048576                                   {product} {ergonomic}
   size_t MinHeapSize                              = 8388608                                   {product} {ergonomic}
    uintx NonNMethodCodeHeapSize                   = 5839372                                {pd product} {ergonomic}
    uintx NonProfiledCodeHeapSize                  = 122909434                              {pd product} {ergonomic}
    uintx ProfiledCodeHeapSize                     = 122909434                              {pd product} {ergonomic}
    uintx ReservedCodeCacheSize                    = 251658240                              {pd product} {ergonomic}
     bool SegmentedCodeCache                       = true                                      {product} {ergonomic}
     bool ShowCodeDetailsInExceptionMessages       = true                                   {manageable} {command line}
   size_t SoftMaxHeapSize                          = 2076180480                             {manageable} {ergonomic}
     bool UseCompressedOops                        = true                           {product lp64_product} {ergonomic}
     bool UseG1GC                                  = true                                      {product} {ergonomic}
     bool UseLargePagesIndividualAllocation        = false                                  {pd product} {ergonomic}

Logging:
Log output configuration:
 #0: stdout all=warning uptime,level,tags foldmultilines=false
 #1: stderr all=off uptime,level,tags foldmultilines=false

Environment Variables:
PATH=C:\Program Files\Common Files\Oracle\Java\javapath;C:\WINDOWS\system32;C:\WINDOWS;C:\WINDOWS\System32\Wbem;C:\WINDOWS\System32\WindowsPowerShell\v1.0\;C:\WINDOWS\System32\OpenSSH\;C:\Users\Swetha\Downloads\mongodb-windows-x86_64-8.0.3-signed.msi;C:\Users\Swetha\Downloads\mongosh-2.3.3-win32-x64.zip\mongosh-2.3.3-win32-x64\bin;C:\Program Files\Java\jdk-21\bin;C:\Program Files (x86)\Microsoft SQL Server\160\Tools\Binn\;C:\Program Files\Microsoft SQL Server\160\Tools\Binn\;C:\Program Files\Microsoft SQL Server\Client SDK\ODBC\170\Tools\Binn\;C:\Program Files\Microsoft SQL Server\160\DTS\Binn\;C:\Program Files\Tesseract-OCR\;C:\Program Files\nodejs\;C:\Program Files\Git\cmd;C:\poppler\Library\bin;C:\Users\Swetha\AppData\Local\Programs\Python\Python310\Scripts\;C:\Users\Swetha\AppData\Local\Programs\Python\Python310\;C:\Users\Swetha\AppData\Local\Programs\Python\Python313\Scripts\;C:\Users\Swetha\AppData\Local\Programs\Python\Python313\;C:\Users\Swetha\AppData\Local\Programs\Python\Launcher\;C:\Users\Swetha\AppData\Local\Microsoft\WindowsApps;;C:\Users\Swetha\AppData\Local\Programs\Microsoft VS Code\bin;C:\Users\Swetha\AppData\Roaming\npm
USERNAME=Swetha
OS=Windows_NT
PROCESSOR_IDENTIFIER=Intel64 Family 6 Model 154 Stepping 4, GenuineIntel
TMP=C:\Users\Swetha\AppData\Local\Temp
TEMP=C:\Users\Swetha\AppData\Local\Temp




Periodic native trim disabled

---------------  S Y S T E M  ---------------

OS:
 Windows 11 , 64 bit Build 22621 (10.0.22621.5415)
OS uptime: 0 days 15:57 hours
Hyper-V role detected

CPU: total 12 (initial active 12) (6 cores per cpu, 2 threads per core) family 6 model 154 stepping 4 microcode 0x437, cx8, cmov, fxsr, ht, mmx, 3dnowpref, sse, sse2, sse3, ssse3, sse4.1, sse4.2, popcnt, lzcnt, tsc, tscinvbit, avx, avx2, aes, erms, clmul, bmi1, bmi2, adx, sha, fma, vzeroupper, clflush, clflushopt, clwb, hv, serialize, rdtscp, rdpid, fsrm, f16c, cet_ibt, cet_ss
Processor Information for processor 0
  Max Mhz: 1300, Current Mhz: 1300, Mhz Limit: 1300
Processor Information for processor 1
  Max Mhz: 1300, Current Mhz: 1300, Mhz Limit: 1300
Processor Information for processor 2
  Max Mhz: 1300, Current Mhz: 1300, Mhz Limit: 1300
Processor Information for processor 3
  Max Mhz: 1300, Current Mhz: 1300, Mhz Limit: 1300
Processor Information for processor 4
  Max Mhz: 900, Current Mhz: 900, Mhz Limit: 900
Processor Information for processor 5
  Max Mhz: 900, Current Mhz: 900, Mhz Limit: 900
Processor Information for processor 6
  Max Mhz: 900, Current Mhz: 900, Mhz Limit: 900
Processor Information for processor 7
  Max Mhz: 900, Current Mhz: 900, Mhz Limit: 900
Processor Information for processor 8
  Max Mhz: 900, Current Mhz: 900, Mhz Limit: 900
Processor Information for processor 9
  Max Mhz: 900, Current Mhz: 900, Mhz Limit: 900
Processor Information for processor 10
  Max Mhz: 900, Current Mhz: 900, Mhz Limit: 900
Processor Information for processor 11
  Max Mhz: 900, Current Mhz: 900, Mhz Limit: 900

Memory: 4k page, system-wide physical 7916M (474M free)
TotalPageFile size 23815M (AvailPageFile size 90M)
current process WorkingSet (physical memory assigned to process): 108M, peak: 111M
current process commit charge ("private bytes"): 250M, peak: 252M

vm_info: Java HotSpot(TM) 64-Bit Server VM (21.0.5+9-LTS-239) for windows-amd64 JRE (21.0.5+9-LTS-239), built on 2024-09-30T05:17:38Z by "mach5one" with MS VC++ 17.6 (VS2022)

END.
