#
# There is insufficient memory for the Java Runtime Environment to continue.
# Native memory allocation (malloc) failed to allocate 875696 bytes for Chunk::new
# Possible reasons:
#   The system is out of physical RAM or swap space
#   The process is running with CompressedOops enabled, and the Java Heap may be blocking the growth of the native heap
# Possible solutions:
#   Reduce memory load on the system
#   Increase physical memory or swap space
#   Check if swap backing store is full
#   Decrease Java heap size (-Xmx/-Xms)
#   Decrease number of Java threads
#   Decrease Java thread stack sizes (-Xss)
#   Set larger code cache with -XX:ReservedCodeCacheSize=
#   JVM is running with Unscaled Compressed Oops mode in which the Java heap is
#     placed in the first 4GB address space. The Java Heap base address is the
#     maximum limit for the native heap growth. Please use -XX:HeapBaseMinAddress
#     to set the Java Heap base and to place the Java Heap above 4GB virtual address.
# This output file may be truncated or incomplete.
#
#  Out of Memory Error (arena.cpp:168), pid=17048, tid=26256
#
# JRE version: Java(TM) SE Runtime Environment (21.0.5+9) (build 21.0.5+9-LTS-239)
# Java VM: Java HotSpot(TM) 64-Bit Server VM (21.0.5+9-LTS-239, mixed mode, sharing, tiered, compressed oops, compressed class ptrs, g1 gc, windows-amd64)
# No core dump will be written. Minidumps are not enabled by default on client versions of Windows
#

---------------  S U M M A R Y ------------

Command Line: -Dfile.encoding=UTF-8 -Dstdout.encoding=UTF-8 -Dstderr.encoding=UTF-8 -XX:+ShowCodeDetailsInExceptionMessages JavaScriptPopups.AlertPopup

Host: 12th Gen Intel(R) Core(TM) i5-1235U, 12 cores, 7G,  Windows 11 , 64 bit Build 22621 (10.0.22621.5415)
Time: Thu Mar  5 09:34:13 2026 India Standard Time elapsed time: 3.162896 seconds (0d 0h 0m 3s)

---------------  T H R E A D  ---------------

Current thread (0x0000025c848340f0):  JavaThread "C2 CompilerThread0" daemon [_thread_in_native, id=26256, stack(0x00000087bdf00000,0x00000087be000000) (1024K)]


Current CompileTask:
C2:   3162 1632       4       java.lang.invoke.MethodType::makeImpl (109 bytes)

Stack: [0x00000087bdf00000,0x00000087be000000]
Native frames: (J=compiled Java code, j=interpreted, Vv=VM code, C=native code)
V  [jvm.dll+0x6ca289]
V  [jvm.dll+0x854a51]
V  [jvm.dll+0x856f7e]
V  [jvm.dll+0x857653]
V  [jvm.dll+0x27dd26]
V  [jvm.dll+0xc4c2d]
V  [jvm.dll+0xc5163]
V  [jvm.dll+0x3b4d02]
V  [jvm.dll+0x1df809]
V  [jvm.dll+0x246a62]
V  [jvm.dll+0x245eef]
V  [jvm.dll+0x1c6d0e]
V  [jvm.dll+0x2554d9]
V  [jvm.dll+0x253a6a]
V  [jvm.dll+0x3ee136]
V  [jvm.dll+0x7fee9b]
V  [jvm.dll+0x6c896d]
C  [ucrtbase.dll+0x29333]
C  [KERNEL32.DLL+0x1259d]
C  [ntdll.dll+0x5af78]


---------------  P R O C E S S  ---------------

Threads class SMR info:
_java_thread_list=0x0000025cca777bf0, length=29, elements={
0x0000025ce7acf440, 0x0000025c848111d0, 0x0000025c84811ee0, 0x0000025c84818550,
0x0000025c84817a10, 0x0000025c84815940, 0x0000025c84814590, 0x0000025c848340f0,
0x0000025c848587c0, 0x0000025c84814c20, 0x0000025c84816cf0, 0x0000025c848152b0,
0x0000025c84817380, 0x0000025c84815fd0, 0x0000025c84816660, 0x0000025cca6bf3f0,
0x0000025cca6c3590, 0x0000025cca6c07a0, 0x0000025cca6c2f00, 0x0000025cca6c3c20,
0x0000025cca6c4940, 0x0000025cca6c21e0, 0x0000025cca6c42b0, 0x0000025cca6c4fd0,
0x0000025cca6c1b50, 0x0000025cca6c5660, 0x0000025cca6be6d0, 0x0000025cca6c5cf0,
0x0000025ccad72ab0
}

Java Threads: ( => current thread )
  0x0000025ce7acf440 JavaThread "Forwarding maximizeCurrentWindow on session 519391874b577562281d8b6fc175e258 to remote"        [_thread_blocked, id=17580, stack(0x00000087bd100000,0x00000087bd200000) (1024K)]
  0x0000025c848111d0 JavaThread "Reference Handler"          daemon [_thread_blocked, id=30936, stack(0x00000087bd900000,0x00000087bda00000) (1024K)]
  0x0000025c84811ee0 JavaThread "Finalizer"                  daemon [_thread_blocked, id=33424, stack(0x00000087bda00000,0x00000087bdb00000) (1024K)]
  0x0000025c84818550 JavaThread "Signal Dispatcher"          daemon [_thread_blocked, id=17056, stack(0x00000087bdb00000,0x00000087bdc00000) (1024K)]
  0x0000025c84817a10 JavaThread "Attach Listener"            daemon [_thread_blocked, id=1524, stack(0x00000087bdc00000,0x00000087bdd00000) (1024K)]
  0x0000025c84815940 JavaThread "Service Thread"             daemon [_thread_blocked, id=27600, stack(0x00000087bdd00000,0x00000087bde00000) (1024K)]
  0x0000025c84814590 JavaThread "Monitor Deflation Thread"   daemon [_thread_blocked, id=23776, stack(0x00000087bde00000,0x00000087bdf00000) (1024K)]
=>0x0000025c848340f0 JavaThread "C2 CompilerThread0"         daemon [_thread_in_native, id=26256, stack(0x00000087bdf00000,0x00000087be000000) (1024K)]
  0x0000025c848587c0 JavaThread "C1 CompilerThread0"         daemon [_thread_blocked, id=4332, stack(0x00000087be000000,0x00000087be100000) (1024K)]
  0x0000025c84814c20 JavaThread "Notification Thread"        daemon [_thread_blocked, id=33592, stack(0x00000087be100000,0x00000087be200000) (1024K)]
  0x0000025c84816cf0 JavaThread "Common-Cleaner"             daemon [_thread_blocked, id=25896, stack(0x00000087be200000,0x00000087be300000) (1024K)]
  0x0000025c848152b0 JavaThread "ForkJoinPool.commonPool-worker-1" daemon [_thread_blocked, id=8308, stack(0x00000087be300000,0x00000087be400000) (1024K)]
  0x0000025c84817380 JavaThread "HttpClient-1-SelectorManager" daemon [_thread_in_native, id=23628, stack(0x00000087be500000,0x00000087be600000) (1024K)]
  0x0000025c84815fd0 JavaThread "External Process Output Forwarder - C:\Users\Swetha\.cache\selenium\chromedriver\win64\145.0.7632.117\chromedriver.exe" daemon [_thread_in_native, id=25292, stack(0x00000087be600000,0x00000087be700000) (1024K)]
  0x0000025c84816660 JavaThread "Driver Service Executor"    daemon [_thread_blocked, id=28388, stack(0x00000087be400000,0x00000087be500000) (1024K)]
  0x0000025cca6bf3f0 JavaThread "Driver Service Executor"    daemon [_thread_in_native, id=4908, stack(0x00000087be700000,0x00000087be800000) (1024K)]
  0x0000025cca6c3590 JavaThread "UrlChecker-2"               daemon [_thread_blocked, id=27768, stack(0x00000087be800000,0x00000087be900000) (1024K)]
  0x0000025cca6c07a0 JavaThread "Keep-Alive-Timer"           daemon [_thread_blocked, id=11952, stack(0x00000087bea00000,0x00000087beb00000) (1024K)]
  0x0000025cca6c2f00 JavaThread "JdkHttpClient-0-0"          daemon [_thread_blocked, id=16216, stack(0x00000087beb00000,0x00000087bec00000) (1024K)]
  0x0000025cca6c3c20 JavaThread "CompletableFutureDelayScheduler" daemon [_thread_blocked, id=13456, stack(0x00000087bec00000,0x00000087bed00000) (1024K)]
  0x0000025cca6c4940 JavaThread "JdkHttpClient-0-1"          daemon [_thread_blocked, id=9892, stack(0x00000087bf600000,0x00000087bf700000) (1024K)]
  0x0000025cca6c21e0 JavaThread "JdkHttpClient-0-2"          daemon [_thread_blocked, id=20412, stack(0x00000087bf700000,0x00000087bf800000) (1024K)]
  0x0000025cca6c42b0 JavaThread "JdkHttpClient-0-3"          daemon [_thread_blocked, id=30744, stack(0x00000087bf800000,0x00000087bf900000) (1024K)]
  0x0000025cca6c4fd0 JavaThread "HttpClient-2-SelectorManager" daemon [_thread_in_native, id=10464, stack(0x00000087bf900000,0x00000087bfa00000) (1024K)]
  0x0000025cca6c1b50 JavaThread "JdkHttpClient-1-0"          daemon [_thread_blocked, id=29384, stack(0x00000087bfa00000,0x00000087bfb00000) (1024K)]
  0x0000025cca6c5660 JavaThread "JdkHttpClient-1-1"          daemon [_thread_blocked, id=32684, stack(0x00000087bfb00000,0x00000087bfc00000) (1024K)]
  0x0000025cca6be6d0 JavaThread "JdkHttpClient-1-2"          daemon [_thread_blocked, id=15388, stack(0x00000087bfc00000,0x00000087bfd00000) (1024K)]
  0x0000025cca6c5cf0 JavaThread "JdkHttpClient-1-3"          daemon [_thread_blocked, id=12340, stack(0x00000087bfd00000,0x00000087bfe00000) (1024K)]
  0x0000025ccad72ab0 JavaThread "C2 CompilerThread1"         daemon [_thread_in_native, id=6428, stack(0x00000087bfe00000,0x00000087bff00000) (1024K)]
Total: 29

Other Threads:
  0x0000025c847fe980 VMThread "VM Thread"                           [id=21848, stack(0x00000087bd800000,0x00000087bd900000) (1024K)]
  0x0000025c847ea6e0 WatcherThread "VM Periodic Task Thread"        [id=11600, stack(0x00000087bd700000,0x00000087bd800000) (1024K)]
  0x0000025ce7b22830 WorkerThread "GC Thread#0"                     [id=5488, stack(0x00000087bd200000,0x00000087bd300000) (1024K)]
  0x0000025cca73d300 WorkerThread "GC Thread#1"                     [id=17392, stack(0x00000087bed00000,0x00000087bee00000) (1024K)]
  0x0000025cca75cab0 WorkerThread "GC Thread#2"                     [id=5860, stack(0x00000087bee00000,0x00000087bef00000) (1024K)]
  0x0000025cca7660a0 WorkerThread "GC Thread#3"                     [id=17708, stack(0x00000087bef00000,0x00000087bf000000) (1024K)]
  0x0000025cca766440 WorkerThread "GC Thread#4"                     [id=26364, stack(0x00000087bf000000,0x00000087bf100000) (1024K)]
  0x0000025cca7667e0 WorkerThread "GC Thread#5"                     [id=32612, stack(0x00000087bf100000,0x00000087bf200000) (1024K)]
  0x0000025cca766b80 WorkerThread "GC Thread#6"                     [id=7136, stack(0x00000087bf200000,0x00000087bf300000) (1024K)]
  0x0000025cca766f20 WorkerThread "GC Thread#7"                     [id=29268, stack(0x00000087bf300000,0x00000087bf400000) (1024K)]
  0x0000025cca7672c0 WorkerThread "GC Thread#8"                     [id=28944, stack(0x00000087bf400000,0x00000087bf500000) (1024K)]
  0x0000025cca767660 WorkerThread "GC Thread#9"                     [id=25848, stack(0x00000087bf500000,0x00000087bf600000) (1024K)]
  0x0000025ce7b33ff0 ConcurrentGCThread "G1 Main Marker"            [id=32208, stack(0x00000087bd300000,0x00000087bd400000) (1024K)]
  0x0000025ce7b349f0 WorkerThread "G1 Conc#0"                       [id=32380, stack(0x00000087bd400000,0x00000087bd500000) (1024K)]
  0x0000025ce7b8e3d0 ConcurrentGCThread "G1 Refine#0"               [id=27716, stack(0x00000087bd500000,0x00000087bd600000) (1024K)]
  0x0000025c846b81b0 ConcurrentGCThread "G1 Service"                [id=11532, stack(0x00000087bd600000,0x00000087bd700000) (1024K)]
Total: 16

Threads with active compile tasks:
C2 CompilerThread0     3192 1632       4       java.lang.invoke.MethodType::makeImpl (109 bytes)
C2 CompilerThread1     3192 1734       4       java.lang.invoke.MethodType::methodType (69 bytes)
Total: 2

VM state: not at safepoint (normal execution)

VM Mutex/Monitor currently owned by a thread: None

Heap address: 0x0000000084400000, size: 1980 MB, Compressed Oops mode: 32-bit

CDS archive(s) mapped at: [0x0000025c85000000-0x0000025c85c90000-0x0000025c85c90000), size 13172736, SharedBaseAddress: 0x0000025c85000000, ArchiveRelocationMode: 1.
Compressed class space mapped at: 0x0000025c86000000-0x0000025cc6000000, reserved size: 1073741824
Narrow klass base: 0x0000025c85000000, Narrow klass shift: 0, Narrow klass range: 0x100000000

GC Precious Log:
 CardTable entry size: 512
 Card Set container configuration: InlinePtr #cards 5 size 8 Array Of Cards #cards 12 size 40 Howl #buckets 4 coarsen threshold 1843 Howl Bitmap #cards 512 size 80 coarsen threshold 460 Card regions per heap region 1 cards per card region 2048
 CPUs: 12 total, 12 available
 Memory: 7916M
 Large Page Support: Disabled
 NUMA Support: Disabled
 Compressed Oops: Enabled (32-bit)
 Heap Region Size: 1M
 Heap Min Capacity: 8M
 Heap Initial Capacity: 124M
 Heap Max Capacity: 1980M
 Pre-touch: Disabled
 Parallel Workers: 10
 Concurrent Workers: 3
 Concurrent Refinement Workers: 10
 Periodic GC: Disabled

Heap:
 garbage-first heap   total 126976K, used 12448K [0x0000000084400000, 0x0000000100000000)
  region size 1024K, 10 young (10240K), 3 survivors (3072K)
 Metaspace       used 12186K, committed 12544K, reserved 1114112K
  class space    used 1441K, committed 1600K, reserved 1048576K

Heap Regions: E=young(eden), S=young(survivor), O=old, HS=humongous(starts), HC=humongous(continues), CS=collection set, F=free, TAMS=top-at-mark-start, PB=parsable bottom
|   0|0x0000000084400000, 0x0000000084500000, 0x0000000084500000|100%|HS|  |TAMS 0x0000000084400000| PB 0x0000000084400000| Complete 
|   1|0x0000000084500000, 0x0000000084600000, 0x0000000084600000|100%| O|  |TAMS 0x0000000084500000| PB 0x0000000084500000| Untracked 
|   2|0x0000000084600000, 0x0000000084700000, 0x0000000084700000|100%| O|  |TAMS 0x0000000084600000| PB 0x0000000084600000| Untracked 
|   3|0x0000000084700000, 0x0000000084728000, 0x0000000084800000| 15%| O|  |TAMS 0x0000000084700000| PB 0x0000000084700000| Untracked 
|   4|0x0000000084800000, 0x0000000084800000, 0x0000000084900000|  0%| F|  |TAMS 0x0000000084800000| PB 0x0000000084800000| Untracked 
|   5|0x0000000084900000, 0x0000000084900000, 0x0000000084a00000|  0%| F|  |TAMS 0x0000000084900000| PB 0x0000000084900000| Untracked 
|   6|0x0000000084a00000, 0x0000000084a00000, 0x0000000084b00000|  0%| F|  |TAMS 0x0000000084a00000| PB 0x0000000084a00000| Untracked 
|   7|0x0000000084b00000, 0x0000000084b00000, 0x0000000084c00000|  0%| F|  |TAMS 0x0000000084b00000| PB 0x0000000084b00000| Untracked 
|   8|0x0000000084c00000, 0x0000000084c00000, 0x0000000084d00000|  0%| F|  |TAMS 0x0000000084c00000| PB 0x0000000084c00000| Untracked 
|   9|0x0000000084d00000, 0x0000000084d00000, 0x0000000084e00000|  0%| F|  |TAMS 0x0000000084d00000| PB 0x0000000084d00000| Untracked 
|  10|0x0000000084e00000, 0x0000000084e00000, 0x0000000084f00000|  0%| F|  |TAMS 0x0000000084e00000| PB 0x0000000084e00000| Untracked 
|  11|0x0000000084f00000, 0x0000000084f00000, 0x0000000085000000|  0%| F|  |TAMS 0x0000000084f00000| PB 0x0000000084f00000| Untracked 
|  12|0x0000000085000000, 0x0000000085000000, 0x0000000085100000|  0%| F|  |TAMS 0x0000000085000000| PB 0x0000000085000000| Untracked 
|  13|0x0000000085100000, 0x0000000085100000, 0x0000000085200000|  0%| F|  |TAMS 0x0000000085100000| PB 0x0000000085100000| Untracked 
|  14|0x0000000085200000, 0x0000000085200000, 0x0000000085300000|  0%| F|  |TAMS 0x0000000085200000| PB 0x0000000085200000| Untracked 
|  15|0x0000000085300000, 0x0000000085300000, 0x0000000085400000|  0%| F|  |TAMS 0x0000000085300000| PB 0x0000000085300000| Untracked 
|  16|0x0000000085400000, 0x0000000085400000, 0x0000000085500000|  0%| F|  |TAMS 0x0000000085400000| PB 0x0000000085400000| Untracked 
|  17|0x0000000085500000, 0x0000000085500000, 0x0000000085600000|  0%| F|  |TAMS 0x0000000085500000| PB 0x0000000085500000| Untracked 
|  18|0x0000000085600000, 0x0000000085600000, 0x0000000085700000|  0%| F|  |TAMS 0x0000000085600000| PB 0x0000000085600000| Untracked 
|  19|0x0000000085700000, 0x0000000085700000, 0x0000000085800000|  0%| F|  |TAMS 0x0000000085700000| PB 0x0000000085700000| Untracked 
|  20|0x0000000085800000, 0x0000000085800000, 0x0000000085900000|  0%| F|  |TAMS 0x0000000085800000| PB 0x0000000085800000| Untracked 
|  21|0x0000000085900000, 0x0000000085900000, 0x0000000085a00000|  0%| F|  |TAMS 0x0000000085900000| PB 0x0000000085900000| Untracked 
|  22|0x0000000085a00000, 0x0000000085a00000, 0x0000000085b00000|  0%| F|  |TAMS 0x0000000085a00000| PB 0x0000000085a00000| Untracked 
|  23|0x0000000085b00000, 0x0000000085b00000, 0x0000000085c00000|  0%| F|  |TAMS 0x0000000085b00000| PB 0x0000000085b00000| Untracked 
|  24|0x0000000085c00000, 0x0000000085c00000, 0x0000000085d00000|  0%| F|  |TAMS 0x0000000085c00000| PB 0x0000000085c00000| Untracked 
|  25|0x0000000085d00000, 0x0000000085d00000, 0x0000000085e00000|  0%| F|  |TAMS 0x0000000085d00000| PB 0x0000000085d00000| Untracked 
|  26|0x0000000085e00000, 0x0000000085e00000, 0x0000000085f00000|  0%| F|  |TAMS 0x0000000085e00000| PB 0x0000000085e00000| Untracked 
|  27|0x0000000085f00000, 0x0000000085f00000, 0x0000000086000000|  0%| F|  |TAMS 0x0000000085f00000| PB 0x0000000085f00000| Untracked 
|  28|0x0000000086000000, 0x0000000086000000, 0x0000000086100000|  0%| F|  |TAMS 0x0000000086000000| PB 0x0000000086000000| Untracked 
|  29|0x0000000086100000, 0x0000000086100000, 0x0000000086200000|  0%| F|  |TAMS 0x0000000086100000| PB 0x0000000086100000| Untracked 
|  30|0x0000000086200000, 0x0000000086200000, 0x0000000086300000|  0%| F|  |TAMS 0x0000000086200000| PB 0x0000000086200000| Untracked 
|  31|0x0000000086300000, 0x0000000086300000, 0x0000000086400000|  0%| F|  |TAMS 0x0000000086300000| PB 0x0000000086300000| Untracked 
|  32|0x0000000086400000, 0x0000000086400000, 0x0000000086500000|  0%| F|  |TAMS 0x0000000086400000| PB 0x0000000086400000| Untracked 
|  33|0x0000000086500000, 0x0000000086500000, 0x0000000086600000|  0%| F|  |TAMS 0x0000000086500000| PB 0x0000000086500000| Untracked 
|  34|0x0000000086600000, 0x0000000086600000, 0x0000000086700000|  0%| F|  |TAMS 0x0000000086600000| PB 0x0000000086600000| Untracked 
|  35|0x0000000086700000, 0x0000000086700000, 0x0000000086800000|  0%| F|  |TAMS 0x0000000086700000| PB 0x0000000086700000| Untracked 
|  36|0x0000000086800000, 0x0000000086800000, 0x0000000086900000|  0%| F|  |TAMS 0x0000000086800000| PB 0x0000000086800000| Untracked 
|  37|0x0000000086900000, 0x0000000086900000, 0x0000000086a00000|  0%| F|  |TAMS 0x0000000086900000| PB 0x0000000086900000| Untracked 
|  38|0x0000000086a00000, 0x0000000086a00000, 0x0000000086b00000|  0%| F|  |TAMS 0x0000000086a00000| PB 0x0000000086a00000| Untracked 
|  39|0x0000000086b00000, 0x0000000086b00000, 0x0000000086c00000|  0%| F|  |TAMS 0x0000000086b00000| PB 0x0000000086b00000| Untracked 
|  40|0x0000000086c00000, 0x0000000086c00000, 0x0000000086d00000|  0%| F|  |TAMS 0x0000000086c00000| PB 0x0000000086c00000| Untracked 
|  41|0x0000000086d00000, 0x0000000086d00000, 0x0000000086e00000|  0%| F|  |TAMS 0x0000000086d00000| PB 0x0000000086d00000| Untracked 
|  42|0x0000000086e00000, 0x0000000086e00000, 0x0000000086f00000|  0%| F|  |TAMS 0x0000000086e00000| PB 0x0000000086e00000| Untracked 
|  43|0x0000000086f00000, 0x0000000086f00000, 0x0000000087000000|  0%| F|  |TAMS 0x0000000086f00000| PB 0x0000000086f00000| Untracked 
|  44|0x0000000087000000, 0x0000000087000000, 0x0000000087100000|  0%| F|  |TAMS 0x0000000087000000| PB 0x0000000087000000| Untracked 
|  45|0x0000000087100000, 0x0000000087100000, 0x0000000087200000|  0%| F|  |TAMS 0x0000000087100000| PB 0x0000000087100000| Untracked 
|  46|0x0000000087200000, 0x0000000087200000, 0x0000000087300000|  0%| F|  |TAMS 0x0000000087200000| PB 0x0000000087200000| Untracked 
|  47|0x0000000087300000, 0x0000000087300000, 0x0000000087400000|  0%| F|  |TAMS 0x0000000087300000| PB 0x0000000087300000| Untracked 
|  48|0x0000000087400000, 0x0000000087400000, 0x0000000087500000|  0%| F|  |TAMS 0x0000000087400000| PB 0x0000000087400000| Untracked 
|  49|0x0000000087500000, 0x0000000087500000, 0x0000000087600000|  0%| F|  |TAMS 0x0000000087500000| PB 0x0000000087500000| Untracked 
|  50|0x0000000087600000, 0x0000000087600000, 0x0000000087700000|  0%| F|  |TAMS 0x0000000087600000| PB 0x0000000087600000| Untracked 
|  51|0x0000000087700000, 0x0000000087700000, 0x0000000087800000|  0%| F|  |TAMS 0x0000000087700000| PB 0x0000000087700000| Untracked 
|  52|0x0000000087800000, 0x0000000087800000, 0x0000000087900000|  0%| F|  |TAMS 0x0000000087800000| PB 0x0000000087800000| Untracked 
|  53|0x0000000087900000, 0x0000000087900000, 0x0000000087a00000|  0%| F|  |TAMS 0x0000000087900000| PB 0x0000000087900000| Untracked 
|  54|0x0000000087a00000, 0x0000000087a00000, 0x0000000087b00000|  0%| F|  |TAMS 0x0000000087a00000| PB 0x0000000087a00000| Untracked 
|  55|0x0000000087b00000, 0x0000000087b00000, 0x0000000087c00000|  0%| F|  |TAMS 0x0000000087b00000| PB 0x0000000087b00000| Untracked 
|  56|0x0000000087c00000, 0x0000000087c00000, 0x0000000087d00000|  0%| F|  |TAMS 0x0000000087c00000| PB 0x0000000087c00000| Untracked 
|  57|0x0000000087d00000, 0x0000000087d00000, 0x0000000087e00000|  0%| F|  |TAMS 0x0000000087d00000| PB 0x0000000087d00000| Untracked 
|  58|0x0000000087e00000, 0x0000000087e00000, 0x0000000087f00000|  0%| F|  |TAMS 0x0000000087e00000| PB 0x0000000087e00000| Untracked 
|  59|0x0000000087f00000, 0x0000000087f00000, 0x0000000088000000|  0%| F|  |TAMS 0x0000000087f00000| PB 0x0000000087f00000| Untracked 
|  60|0x0000000088000000, 0x0000000088000000, 0x0000000088100000|  0%| F|  |TAMS 0x0000000088000000| PB 0x0000000088000000| Untracked 
|  61|0x0000000088100000, 0x0000000088100000, 0x0000000088200000|  0%| F|  |TAMS 0x0000000088100000| PB 0x0000000088100000| Untracked 
|  62|0x0000000088200000, 0x0000000088200000, 0x0000000088300000|  0%| F|  |TAMS 0x0000000088200000| PB 0x0000000088200000| Untracked 
|  63|0x0000000088300000, 0x0000000088300000, 0x0000000088400000|  0%| F|  |TAMS 0x0000000088300000| PB 0x0000000088300000| Untracked 
|  64|0x0000000088400000, 0x0000000088400000, 0x0000000088500000|  0%| F|  |TAMS 0x0000000088400000| PB 0x0000000088400000| Untracked 
|  65|0x0000000088500000, 0x0000000088500000, 0x0000000088600000|  0%| F|  |TAMS 0x0000000088500000| PB 0x0000000088500000| Untracked 
|  66|0x0000000088600000, 0x0000000088600000, 0x0000000088700000|  0%| F|  |TAMS 0x0000000088600000| PB 0x0000000088600000| Untracked 
|  67|0x0000000088700000, 0x0000000088700000, 0x0000000088800000|  0%| F|  |TAMS 0x0000000088700000| PB 0x0000000088700000| Untracked 
|  68|0x0000000088800000, 0x0000000088800000, 0x0000000088900000|  0%| F|  |TAMS 0x0000000088800000| PB 0x0000000088800000| Untracked 
|  69|0x0000000088900000, 0x0000000088900000, 0x0000000088a00000|  0%| F|  |TAMS 0x0000000088900000| PB 0x0000000088900000| Untracked 
|  70|0x0000000088a00000, 0x0000000088a00000, 0x0000000088b00000|  0%| F|  |TAMS 0x0000000088a00000| PB 0x0000000088a00000| Untracked 
|  71|0x0000000088b00000, 0x0000000088b00000, 0x0000000088c00000|  0%| F|  |TAMS 0x0000000088b00000| PB 0x0000000088b00000| Untracked 
|  72|0x0000000088c00000, 0x0000000088c00000, 0x0000000088d00000|  0%| F|  |TAMS 0x0000000088c00000| PB 0x0000000088c00000| Untracked 
|  73|0x0000000088d00000, 0x0000000088d00000, 0x0000000088e00000|  0%| F|  |TAMS 0x0000000088d00000| PB 0x0000000088d00000| Untracked 
|  74|0x0000000088e00000, 0x0000000088e00000, 0x0000000088f00000|  0%| F|  |TAMS 0x0000000088e00000| PB 0x0000000088e00000| Untracked 
|  75|0x0000000088f00000, 0x0000000088f00000, 0x0000000089000000|  0%| F|  |TAMS 0x0000000088f00000| PB 0x0000000088f00000| Untracked 
|  76|0x0000000089000000, 0x0000000089000000, 0x0000000089100000|  0%| F|  |TAMS 0x0000000089000000| PB 0x0000000089000000| Untracked 
|  77|0x0000000089100000, 0x0000000089100000, 0x0000000089200000|  0%| F|  |TAMS 0x0000000089100000| PB 0x0000000089100000| Untracked 
|  78|0x0000000089200000, 0x0000000089200000, 0x0000000089300000|  0%| F|  |TAMS 0x0000000089200000| PB 0x0000000089200000| Untracked 
|  79|0x0000000089300000, 0x0000000089300000, 0x0000000089400000|  0%| F|  |TAMS 0x0000000089300000| PB 0x0000000089300000| Untracked 
|  80|0x0000000089400000, 0x0000000089400000, 0x0000000089500000|  0%| F|  |TAMS 0x0000000089400000| PB 0x0000000089400000| Untracked 
|  81|0x0000000089500000, 0x0000000089500000, 0x0000000089600000|  0%| F|  |TAMS 0x0000000089500000| PB 0x0000000089500000| Untracked 
|  82|0x0000000089600000, 0x0000000089600000, 0x0000000089700000|  0%| F|  |TAMS 0x0000000089600000| PB 0x0000000089600000| Untracked 
|  83|0x0000000089700000, 0x0000000089700000, 0x0000000089800000|  0%| F|  |TAMS 0x0000000089700000| PB 0x0000000089700000| Untracked 
|  84|0x0000000089800000, 0x0000000089800000, 0x0000000089900000|  0%| F|  |TAMS 0x0000000089800000| PB 0x0000000089800000| Untracked 
|  85|0x0000000089900000, 0x0000000089900000, 0x0000000089a00000|  0%| F|  |TAMS 0x0000000089900000| PB 0x0000000089900000| Untracked 
|  86|0x0000000089a00000, 0x0000000089a00000, 0x0000000089b00000|  0%| F|  |TAMS 0x0000000089a00000| PB 0x0000000089a00000| Untracked 
|  87|0x0000000089b00000, 0x0000000089b00000, 0x0000000089c00000|  0%| F|  |TAMS 0x0000000089b00000| PB 0x0000000089b00000| Untracked 
|  88|0x0000000089c00000, 0x0000000089c00000, 0x0000000089d00000|  0%| F|  |TAMS 0x0000000089c00000| PB 0x0000000089c00000| Untracked 
|  89|0x0000000089d00000, 0x0000000089d00000, 0x0000000089e00000|  0%| F|  |TAMS 0x0000000089d00000| PB 0x0000000089d00000| Untracked 
|  90|0x0000000089e00000, 0x0000000089e00000, 0x0000000089f00000|  0%| F|  |TAMS 0x0000000089e00000| PB 0x0000000089e00000| Untracked 
|  91|0x0000000089f00000, 0x0000000089f00000, 0x000000008a000000|  0%| F|  |TAMS 0x0000000089f00000| PB 0x0000000089f00000| Untracked 
|  92|0x000000008a000000, 0x000000008a000000, 0x000000008a100000|  0%| F|  |TAMS 0x000000008a000000| PB 0x000000008a000000| Untracked 
|  93|0x000000008a100000, 0x000000008a100000, 0x000000008a200000|  0%| F|  |TAMS 0x000000008a100000| PB 0x000000008a100000| Untracked 
|  94|0x000000008a200000, 0x000000008a200000, 0x000000008a300000|  0%| F|  |TAMS 0x000000008a200000| PB 0x000000008a200000| Untracked 
|  95|0x000000008a300000, 0x000000008a300000, 0x000000008a400000|  0%| F|  |TAMS 0x000000008a300000| PB 0x000000008a300000| Untracked 
|  96|0x000000008a400000, 0x000000008a400000, 0x000000008a500000|  0%| F|  |TAMS 0x000000008a400000| PB 0x000000008a400000| Untracked 
|  97|0x000000008a500000, 0x000000008a500000, 0x000000008a600000|  0%| F|  |TAMS 0x000000008a500000| PB 0x000000008a500000| Untracked 
|  98|0x000000008a600000, 0x000000008a700000, 0x000000008a700000|100%| S|CS|TAMS 0x000000008a600000| PB 0x000000008a600000| Complete 
|  99|0x000000008a700000, 0x000000008a800000, 0x000000008a800000|100%| S|CS|TAMS 0x000000008a700000| PB 0x000000008a700000| Complete 
| 100|0x000000008a800000, 0x000000008a900000, 0x000000008a900000|100%| S|CS|TAMS 0x000000008a800000| PB 0x000000008a800000| Complete 
| 101|0x000000008a900000, 0x000000008a900000, 0x000000008aa00000|  0%| F|  |TAMS 0x000000008a900000| PB 0x000000008a900000| Untracked 
| 102|0x000000008aa00000, 0x000000008aa00000, 0x000000008ab00000|  0%| F|  |TAMS 0x000000008aa00000| PB 0x000000008aa00000| Untracked 
| 103|0x000000008ab00000, 0x000000008ab00000, 0x000000008ac00000|  0%| F|  |TAMS 0x000000008ab00000| PB 0x000000008ab00000| Untracked 
| 104|0x000000008ac00000, 0x000000008ac00000, 0x000000008ad00000|  0%| F|  |TAMS 0x000000008ac00000| PB 0x000000008ac00000| Untracked 
| 105|0x000000008ad00000, 0x000000008ad00000, 0x000000008ae00000|  0%| F|  |TAMS 0x000000008ad00000| PB 0x000000008ad00000| Untracked 
| 106|0x000000008ae00000, 0x000000008ae00000, 0x000000008af00000|  0%| F|  |TAMS 0x000000008ae00000| PB 0x000000008ae00000| Untracked 
| 107|0x000000008af00000, 0x000000008af00000, 0x000000008b000000|  0%| F|  |TAMS 0x000000008af00000| PB 0x000000008af00000| Untracked 
| 108|0x000000008b000000, 0x000000008b000000, 0x000000008b100000|  0%| F|  |TAMS 0x000000008b000000| PB 0x000000008b000000| Untracked 
| 109|0x000000008b100000, 0x000000008b100000, 0x000000008b200000|  0%| F|  |TAMS 0x000000008b100000| PB 0x000000008b100000| Untracked 
| 110|0x000000008b200000, 0x000000008b200000, 0x000000008b300000|  0%| F|  |TAMS 0x000000008b200000| PB 0x000000008b200000| Untracked 
| 111|0x000000008b300000, 0x000000008b300000, 0x000000008b400000|  0%| F|  |TAMS 0x000000008b300000| PB 0x000000008b300000| Untracked 
| 112|0x000000008b400000, 0x000000008b400000, 0x000000008b500000|  0%| F|  |TAMS 0x000000008b400000| PB 0x000000008b400000| Untracked 
| 113|0x000000008b500000, 0x000000008b500000, 0x000000008b600000|  0%| F|  |TAMS 0x000000008b500000| PB 0x000000008b500000| Untracked 
| 114|0x000000008b600000, 0x000000008b600000, 0x000000008b700000|  0%| F|  |TAMS 0x000000008b600000| PB 0x000000008b600000| Untracked 
| 115|0x000000008b700000, 0x000000008b700000, 0x000000008b800000|  0%| F|  |TAMS 0x000000008b700000| PB 0x000000008b700000| Untracked 
| 116|0x000000008b800000, 0x000000008b800000, 0x000000008b900000|  0%| F|  |TAMS 0x000000008b800000| PB 0x000000008b800000| Untracked 
| 117|0x000000008b900000, 0x000000008b963030, 0x000000008ba00000| 38%| E|  |TAMS 0x000000008b900000| PB 0x000000008b900000| Complete 
| 118|0x000000008ba00000, 0x000000008bb00000, 0x000000008bb00000|100%| E|CS|TAMS 0x000000008ba00000| PB 0x000000008ba00000| Complete 
| 119|0x000000008bb00000, 0x000000008bc00000, 0x000000008bc00000|100%| E|CS|TAMS 0x000000008bb00000| PB 0x000000008bb00000| Complete 
| 120|0x000000008bc00000, 0x000000008bd00000, 0x000000008bd00000|100%| E|CS|TAMS 0x000000008bc00000| PB 0x000000008bc00000| Complete 
| 121|0x000000008bd00000, 0x000000008be00000, 0x000000008be00000|100%| E|CS|TAMS 0x000000008bd00000| PB 0x000000008bd00000| Complete 
| 122|0x000000008be00000, 0x000000008bf00000, 0x000000008bf00000|100%| E|CS|TAMS 0x000000008be00000| PB 0x000000008be00000| Complete 
| 123|0x000000008bf00000, 0x000000008c000000, 0x000000008c000000|100%| E|CS|TAMS 0x000000008bf00000| PB 0x000000008bf00000| Complete 

Card table byte_map: [0x0000025cff880000,0x0000025cffc60000] _byte_map_base: 0x0000025cff45e000

Marking Bits: (CMBitMap*) 0x0000025ce7b22e30
 Bits: [0x0000025c80000000, 0x0000025c81ef0000)

Polling page: 0x0000025ce7290000

Metaspace:

Usage:
  Non-class:     10.49 MB used.
      Class:      1.41 MB used.
       Both:     11.90 MB used.

Virtual space:
  Non-class space:       64.00 MB reserved,      10.69 MB ( 17%) committed,  1 nodes.
      Class space:        1.00 GB reserved,       1.56 MB ( <1%) committed,  1 nodes.
             Both:        1.06 GB reserved,      12.25 MB (  1%) committed. 

Chunk freelists:
   Non-Class:  5.30 MB
       Class:  14.38 MB
        Both:  19.67 MB

MaxMetaspaceSize: unlimited
CompressedClassSpaceSize: 1.00 GB
Initial GC threshold: 21.00 MB
Current GC threshold: 21.00 MB
CDS: on
 - commit_granule_bytes: 65536.
 - commit_granule_words: 8192.
 - virtual_space_node_default_size: 8388608.
 - enlarge_chunks_in_place: 1.
 - use_allocation_guard: 0.


Internal statistics:

num_allocs_failed_limit: 0.
num_arena_births: 326.
num_arena_deaths: 0.
num_vsnodes_births: 2.
num_vsnodes_deaths: 0.
num_space_committed: 196.
num_space_uncommitted: 0.
num_chunks_returned_to_freelist: 0.
num_chunks_taken_from_freelist: 599.
num_chunk_merges: 0.
num_chunk_splits: 350.
num_chunks_enlarged: 201.
num_inconsistent_stats: 0.

CodeHeap 'non-profiled nmethods': size=120000Kb used=522Kb max_used=522Kb free=119478Kb
 bounds [0x0000025cf7a20000, 0x0000025cf7c90000, 0x0000025cfef50000]
CodeHeap 'profiled nmethods': size=120000Kb used=3241Kb max_used=3241Kb free=116758Kb
 bounds [0x0000025ceff50000, 0x0000025cf0280000, 0x0000025cf7480000]
CodeHeap 'non-nmethods': size=5760Kb used=1460Kb max_used=1478Kb free=4299Kb
 bounds [0x0000025cf7480000, 0x0000025cf76f0000, 0x0000025cf7a20000]
 total_blobs=2288 nmethods=1748 adapters=444
 compilation: enabled
              stopped_count=0, restarted_count=0
 full_count=0

Compilation events (20 events):
Event: 3.114 Thread 0x0000025c848587c0 1741       3       java.util.ImmutableCollections$SetN::<init> (90 bytes)
Event: 3.115 Thread 0x0000025c848587c0 nmethod 1741 0x0000025cf0272e10 code [0x0000025cf02730c0, 0x0000025cf0273df0]
Event: 3.115 Thread 0x0000025c848587c0 1743       3       java.util.TreeMap::fixAfterInsertion (267 bytes)
Event: 3.117 Thread 0x0000025c848587c0 nmethod 1743 0x0000025cf0274290 code [0x0000025cf0274740, 0x0000025cf0276cc0]
Event: 3.117 Thread 0x0000025c848587c0 1742       3       org.openqa.selenium.SharedCapabilitiesMethods$$Lambda/0x0000025c8619c768::compare (12 bytes)
Event: 3.118 Thread 0x0000025c848587c0 nmethod 1742 0x0000025cf0277910 code [0x0000025cf0277ac0, 0x0000025cf0277df0]
Event: 3.125 Thread 0x0000025c848587c0 1744       3       java.lang.CharacterData::of (136 bytes)
Event: 3.126 Thread 0x0000025c848587c0 nmethod 1744 0x0000025cf0277f10 code [0x0000025cf0278140, 0x0000025cf0278a10]
Event: 3.126 Thread 0x0000025c848587c0 1745       3       java.util.concurrent.locks.AbstractQueuedSynchronizer::<init> (5 bytes)
Event: 3.126 Thread 0x0000025c848587c0 nmethod 1745 0x0000025cf0278c10 code [0x0000025cf0278dc0, 0x0000025cf0278f88]
Event: 3.126 Thread 0x0000025c848587c0 1746       3       java.util.concurrent.locks.AbstractOwnableSynchronizer::<init> (5 bytes)
Event: 3.126 Thread 0x0000025c848587c0 nmethod 1746 0x0000025cf0279090 code [0x0000025cf0279220, 0x0000025cf0279388]
Event: 3.127 Thread 0x0000025c848587c0 1747       3       java.lang.invoke.DirectMethodHandle$Holder::newInvokeSpecial (24 bytes)
Event: 3.127 Thread 0x0000025c848587c0 nmethod 1747 0x0000025cf0279490 code [0x0000025cf0279680, 0x0000025cf0279ce8]
Event: 3.128 Thread 0x0000025c848587c0 1748       1       java.util.TreeMap::size (5 bytes)
Event: 3.128 Thread 0x0000025c848587c0 nmethod 1748 0x0000025cf7aa2510 code [0x0000025cf7aa26a0, 0x0000025cf7aa2768]
Event: 3.129 Thread 0x0000025c848587c0 1749       3       java.util.TreeMap$PrivateEntryIterator::hasNext (13 bytes)
Event: 3.129 Thread 0x0000025c848587c0 nmethod 1749 0x0000025cf0279e90 code [0x0000025cf027a020, 0x0000025cf027a188]
Event: 3.131 Thread 0x0000025c848587c0 1750       3       java.util.concurrent.atomic.AtomicLong::incrementAndGet (14 bytes)
Event: 3.132 Thread 0x0000025c848587c0 nmethod 1750 0x0000025cf027a210 code [0x0000025cf027a3a0, 0x0000025cf027a4c8]

GC Heap History (2 events):
Event: 1.120 GC heap before
{Heap before GC invocations=0 (full 0):
 garbage-first heap   total 126976K, used 24576K [0x0000000084400000, 0x0000000100000000)
  region size 1024K, 23 young (23552K), 0 survivors (0K)
 Metaspace       used 10107K, committed 10368K, reserved 1114112K
  class space    used 1170K, committed 1280K, reserved 1048576K
}
Event: 1.130 GC heap after
{Heap after GC invocations=1 (full 0):
 garbage-first heap   total 126976K, used 6304K [0x0000000084400000, 0x0000000100000000)
  region size 1024K, 3 young (3072K), 3 survivors (3072K)
 Metaspace       used 10107K, committed 10368K, reserved 1114112K
  class space    used 1170K, committed 1280K, reserved 1048576K
}

Dll operation events (10 events):
Event: 0.008 Loaded shared library C:\Program Files\Java\jdk-21\bin\java.dll
Event: 0.032 Loaded shared library C:\Program Files\Java\jdk-21\bin\jsvml.dll
Event: 0.066 Loaded shared library C:\Program Files\Java\jdk-21\bin\net.dll
Event: 0.069 Loaded shared library C:\Program Files\Java\jdk-21\bin\nio.dll
Event: 0.072 Loaded shared library C:\Program Files\Java\jdk-21\bin\zip.dll
Event: 0.141 Loaded shared library C:\Program Files\Java\jdk-21\bin\jimage.dll
Event: 0.204 Loaded shared library C:\Program Files\Java\jdk-21\bin\extnet.dll
Event: 0.240 Loaded shared library C:\Program Files\Java\jdk-21\bin\management.dll
Event: 0.242 Loaded shared library C:\Program Files\Java\jdk-21\bin\management_ext.dll
Event: 0.597 Loaded shared library C:\Program Files\Java\jdk-21\bin\sunmscapi.dll

Deoptimization events (20 events):
Event: 0.986 Thread 0x0000025cca6c3590 DEOPT PACKING pc=0x0000025cf7a462e4 sp=0x00000087be8fe1b0
Event: 0.986 Thread 0x0000025cca6c3590 DEOPT UNPACKING pc=0x0000025cf74d46a2 sp=0x00000087be8fe148 mode 2
Event: 1.051 Thread 0x0000025ce7acf440 DEOPT PACKING pc=0x0000025ceff85705 sp=0x00000087bd1fd800
Event: 1.051 Thread 0x0000025ce7acf440 DEOPT UNPACKING pc=0x0000025cf74d4e42 sp=0x00000087bd1fcc70 mode 0
Event: 1.131 Thread 0x0000025cca6c2f00 Uncommon trap: trap_request=0xffffff45 fr.pc=0x0000025cf7a92c6c relative=0x000000000000006c
Event: 1.131 Thread 0x0000025cca6c2f00 Uncommon trap: reason=unstable_if action=reinterpret pc=0x0000025cf7a92c6c method=java.lang.ref.ReferenceQueue.headIsNull()Z @ 4 c2
Event: 1.131 Thread 0x0000025cca6c2f00 DEOPT PACKING pc=0x0000025cf7a92c6c sp=0x00000087bebfd210
Event: 1.131 Thread 0x0000025cca6c2f00 DEOPT UNPACKING pc=0x0000025cf74d46a2 sp=0x00000087bebfd138 mode 2
Event: 2.740 Thread 0x0000025ce7acf440 Uncommon trap: trap_request=0xffffffde fr.pc=0x0000025cf7a73858 relative=0x0000000000000518
Event: 2.740 Thread 0x0000025ce7acf440 Uncommon trap: reason=class_check action=maybe_recompile pc=0x0000025cf7a73858 method=java.util.HashMap.putVal(ILjava/lang/Object;Ljava/lang/Object;ZZ)Ljava/lang/Object; @ 253 c2
Event: 2.740 Thread 0x0000025ce7acf440 DEOPT PACKING pc=0x0000025cf7a73858 sp=0x00000087bd1fe270
Event: 2.740 Thread 0x0000025ce7acf440 DEOPT UNPACKING pc=0x0000025cf74d46a2 sp=0x00000087bd1fe200 mode 2
Event: 2.796 Thread 0x0000025ce7acf440 Uncommon trap: trap_request=0xffffff45 fr.pc=0x0000025cf7a761c4 relative=0x0000000000000e44
Event: 2.796 Thread 0x0000025ce7acf440 Uncommon trap: reason=unstable_if action=reinterpret pc=0x0000025cf7a761c4 method=java.util.concurrent.ConcurrentHashMap.putVal(Ljava/lang/Object;Ljava/lang/Object;Z)Ljava/lang/Object; @ 231 c2
Event: 2.796 Thread 0x0000025ce7acf440 DEOPT PACKING pc=0x0000025cf7a761c4 sp=0x00000087bd1fea30
Event: 2.796 Thread 0x0000025ce7acf440 DEOPT UNPACKING pc=0x0000025cf74d46a2 sp=0x00000087bd1fe990 mode 2
Event: 3.060 Thread 0x0000025ce7acf440 Uncommon trap: trap_request=0xffffff45 fr.pc=0x0000025cf7a6cc54 relative=0x0000000000000054
Event: 3.060 Thread 0x0000025ce7acf440 Uncommon trap: reason=unstable_if action=reinterpret pc=0x0000025cf7a6cc54 method=java.lang.CharacterData.of(I)Ljava/lang/CharacterData; @ 4 c2
Event: 3.060 Thread 0x0000025ce7acf440 DEOPT PACKING pc=0x0000025cf7a6cc54 sp=0x00000087bd1fdde0
Event: 3.060 Thread 0x0000025ce7acf440 DEOPT UNPACKING pc=0x0000025cf74d46a2 sp=0x00000087bd1fdd80 mode 2

Classes loaded (20 events):
Event: 3.065 Loading class java/util/ResourceBundle$CacheKeyReference done
Event: 3.065 Loading class java/util/ResourceBundle$KeyElementReference done
Event: 3.069 Loading class java/util/ResourceBundle$3
Event: 3.070 Loading class java/util/ResourceBundle$3 done
Event: 3.072 Loading class sun/util/logging/resources/logging
Event: 3.073 Loading class sun/util/logging/resources/logging done
Event: 3.074 Loading class java/util/ResourceBundle$BundleReference
Event: 3.074 Loading class java/util/ResourceBundle$BundleReference done
Event: 3.075 Loading class sun/util/logging/resources/logging_en
Event: 3.075 Loading class sun/util/logging/resources/logging_en done
Event: 3.075 Loading class sun/util/logging/resources/logging_en
Event: 3.075 Loading class sun/util/logging/resources/logging_en done
Event: 3.078 Loading class sun/util/logging/resources/logging_en_IN
Event: 3.078 Loading class sun/util/logging/resources/logging_en_IN done
Event: 3.078 Loading class sun/util/logging/resources/logging_en_IN
Event: 3.078 Loading class sun/util/logging/resources/logging_en_IN done
Event: 3.080 Loading class java/util/Formatter$DateTime
Event: 3.080 Loading class java/util/Formatter$DateTime done
Event: 3.080 Loading class java/time/ZonedDateTime$1
Event: 3.081 Loading class java/time/ZonedDateTime$1 done

Classes unloaded (0 events):
No events

Classes redefined (0 events):
No events

Internal exceptions (20 events):
Event: 0.502 Thread 0x0000025ce7acf440 Exception <a 'sun/nio/fs/WindowsException'{0x000000008b48e5c8}> (0x000000008b48e5c8) 
thrown [s\open\src\hotspot\share\prims\jni.cpp, line 520]
Event: 0.536 Thread 0x0000025ce7acf440 Exception <a 'java/lang/NoSuchMethodError'{0x000000008b3faf20}: 'void java.lang.invoke.DirectMethodHandle$Holder.invokeVirtual(java.lang.Object, java.lang.Object)'> (0x000000008b3faf20) 
thrown [s\open\src\hotspot\share\interpreter\linkResolver.cpp, line 773]
Event: 0.574 Thread 0x0000025ce7acf440 Exception <a 'java/lang/NoSuchMethodError'{0x000000008aeda780}: 'java.lang.Object java.lang.invoke.DirectMethodHandle$Holder.invokeStaticInit(java.lang.Object, int, int, int, int)'> (0x000000008aeda780) 
thrown [s\open\src\hotspot\share\interpreter\linkResolver.cpp, line 773]
Event: 0.583 Thread 0x0000025ce7acf440 Exception <a 'java/lang/NoSuchMethodError'{0x000000008aef21a0}: 'java.lang.Object java.lang.invoke.DirectMethodHandle$Holder.invokeStaticInit(java.lang.Object, java.lang.Object, int, int, int, int)'> (0x000000008aef21a0) 
thrown [s\open\src\hotspot\share\interpreter\linkResolver.cpp, line 773]
Event: 0.630 Thread 0x0000025ce7acf440 Exception <a 'java/lang/NoSuchMethodError'{0x000000008ac1d890}: 'java.lang.Object java.lang.invoke.DirectMethodHandle$Holder.invokeInterface(java.lang.Object, java.lang.Object, java.lang.Object)'> (0x000000008ac1d890) 
thrown [s\open\src\hotspot\share\interpreter\linkResolver.cpp, line 773]
Event: 0.630 Thread 0x0000025ce7acf440 Exception <a 'java/lang/IncompatibleClassChangeError'{0x000000008ac20c88}: Found class java.lang.Object, but interface was expected> (0x000000008ac20c88) 
thrown [s\open\src\hotspot\share\interpreter\linkResolver.cpp, line 840]
Event: 0.631 Thread 0x0000025ce7acf440 Exception <a 'java/lang/NoSuchMethodError'{0x000000008ac27e90}: 'int java.lang.invoke.DirectMethodHandle$Holder.invokeSpecialIFC(java.lang.Object, java.lang.Object, java.lang.Object, java.lang.Object)'> (0x000000008ac27e90) 
thrown [s\open\src\hotspot\share\interpreter\linkResolver.cpp, line 773]
Event: 0.633 Thread 0x0000025ce7acf440 Exception <a 'java/lang/NoSuchMethodError'{0x000000008ac460a0}: 'java.lang.Object java.lang.invoke.DirectMethodHandle$Holder.invokeVirtual(java.lang.Object, java.lang.Object, java.lang.Object, java.lang.Object)'> (0x000000008ac460a0) 
thrown [s\open\src\hotspot\share\interpreter\linkResolver.cpp, line 773]
Event: 0.994 Thread 0x0000025cca6c3590 Exception <a 'java/net/ConnectException'{0x000000008ab0aed0}: Connection refused: getsockopt> (0x000000008ab0aed0) 
thrown [s\open\src\hotspot\share\prims\jni.cpp, line 539]
Event: 1.010 Thread 0x0000025cca6c3590 Exception <a 'java/net/ConnectException'{0x000000008ab0c020}: Connection refused: getsockopt> (0x000000008ab0c020) 
thrown [s\open\src\hotspot\share\prims\jni.cpp, line 539]
Event: 1.074 Thread 0x0000025ce7acf440 Exception <a 'java/lang/NoSuchMethodError'{0x000000008aa1f890}: 'java.lang.Object java.lang.invoke.DirectMethodHandle$Holder.newInvokeSpecial(java.lang.Object, java.lang.Object, int, int)'> (0x000000008aa1f890) 
thrown [s\open\src\hotspot\share\interpreter\linkResolver.cpp, line 773]
Event: 1.075 Thread 0x0000025ce7acf440 Exception <a 'java/lang/NoSuchMethodError'{0x000000008aa29b70}: 'void java.lang.invoke.DirectMethodHandle$Holder.invokeStatic(java.lang.Object, java.lang.Object, int)'> (0x000000008aa29b70) 
thrown [s\open\src\hotspot\share\interpreter\linkResolver.cpp, line 773]
Event: 1.086 Thread 0x0000025ce7acf440 Exception <a 'java/lang/NoSuchMethodError'{0x000000008aaa3770}: 'java.lang.Object java.lang.invoke.DirectMethodHandle$Holder.newInvokeSpecial(java.lang.Object, java.lang.Object, java.lang.Object, java.lang.Object, java.lang.Object)'> (0x000000008aaa3770) 
thrown [s\open\src\hotspot\share\interpreter\linkResolver.cpp, line 773]
Event: 1.120 Thread 0x0000025cca6c2f00 Exception <a 'java/lang/NoSuchMethodError'{0x000000008a9fde08}: 'java.lang.Object java.lang.invoke.DirectMethodHandle$Holder.invokeSpecial(java.lang.Object, java.lang.Object, java.lang.Object, java.lang.Object, int)'> (0x000000008a9fde08) 
thrown [s\open\src\hotspot\share\interpreter\linkResolver.cpp, line 773]
Event: 1.131 Thread 0x0000025cca6c2f00 Exception <a 'java/lang/NoSuchMethodError'{0x000000008bf01c10}: 'java.lang.Object java.lang.invoke.Invokers$Holder.linkToTargetMethod(java.lang.Object, java.lang.Object, int, java.lang.Object)'> (0x000000008bf01c10) 
thrown [s\open\src\hotspot\share\interpreter\linkResolver.cpp, line 773]
Event: 1.140 Thread 0x0000025cca6c2f00 Exception <a 'java/lang/NoSuchMethodError'{0x000000008bf196f8}: 'void java.lang.invoke.DirectMethodHandle$Holder.invokeSpecial(java.lang.Object, java.lang.Object, java.lang.Object)'> (0x000000008bf196f8) 
thrown [s\open\src\hotspot\share\interpreter\linkResolver.cpp, line 773]
Event: 1.147 Thread 0x0000025cca6c2f00 Exception <a 'java/lang/NoSuchMethodError'{0x000000008bf788f8}: 'void java.lang.invoke.DirectMethodHandle$Holder.invokeSpecial(java.lang.Object, java.lang.Object, java.lang.Object, java.lang.Object, java.lang.Object)'> (0x000000008bf788f8) 
thrown [s\open\src\hotspot\share\interpreter\linkResolver.cpp, line 773]
Event: 2.695 Thread 0x0000025cca6c4940 Exception <a 'java/lang/NoSuchMethodError'{0x000000008beca208}: 'void java.lang.invoke.DirectMethodHandle$Holder.invokeSpecial(java.lang.Object, java.lang.Object, java.lang.Object, java.lang.Object, java.lang.Object, java.lang.Object, java.lang.Object)'> (0x000000008beca208) 
thrown [s\open\src\hotspot\share\interpreter\linkResolver.cpp, line 773]
Event: 2.732 Thread 0x0000025ce7acf440 Exception <a 'java/lang/NoSuchMethodError'{0x000000008bd1a1d0}: 'java.lang.Object java.lang.invoke.DirectMethodHandle$Holder.invokeSpecialIFC(java.lang.Object, java.lang.Object, java.lang.Object)'> (0x000000008bd1a1d0) 
thrown [s\open\src\hotspot\share\interpreter\linkResolver.cpp, line 773]
Event: 3.070 Thread 0x0000025ce7acf440 Exception <a 'java/lang/ClassNotFoundException'{0x000000008bae5e60}: sun/util/logging/resources/spi/loggingProvider> (0x000000008bae5e60) 
thrown [s\open\src\hotspot\share\classfile\systemDictionary.cpp, line 312]

ZGC Phase Switch (0 events):
No events

VM Operations (20 events):
Event: 0.420 Executing VM operation: HandshakeAllThreads (Deoptimize)
Event: 0.420 Executing VM operation: HandshakeAllThreads (Deoptimize) done
Event: 0.450 Executing VM operation: HandshakeAllThreads (Deoptimize)
Event: 0.450 Executing VM operation: HandshakeAllThreads (Deoptimize) done
Event: 0.466 Executing VM operation: HandshakeAllThreads (Deoptimize)
Event: 0.466 Executing VM operation: HandshakeAllThreads (Deoptimize) done
Event: 1.049 Executing VM operation: HandshakeAllThreads (Deoptimize)
Event: 1.049 Executing VM operation: HandshakeAllThreads (Deoptimize) done
Event: 1.049 Executing VM operation: Cleanup
Event: 1.049 Executing VM operation: Cleanup done
Event: 1.120 Executing VM operation: G1CollectForAllocation (G1 Evacuation Pause)
Event: 1.130 Executing VM operation: G1CollectForAllocation (G1 Evacuation Pause) done
Event: 2.132 Executing VM operation: Cleanup
Event: 2.132 Executing VM operation: Cleanup done
Event: 2.664 Executing VM operation: HandshakeAllThreads (Deoptimize)
Event: 2.664 Executing VM operation: HandshakeAllThreads (Deoptimize) done
Event: 2.668 Executing VM operation: HandshakeAllThreads (Deoptimize)
Event: 2.669 Executing VM operation: HandshakeAllThreads (Deoptimize) done
Event: 3.047 Executing VM operation: HandshakeAllThreads (Deoptimize)
Event: 3.047 Executing VM operation: HandshakeAllThreads (Deoptimize) done

Events (20 events):
Event: 0.421 Thread 0x0000025c848152b0 Thread added: 0x0000025c848152b0
Event: 0.524 Thread 0x0000025cca5e6850 Thread added: 0x0000025cca5e6850
Event: 0.617 Thread 0x0000025c84817380 Thread added: 0x0000025c84817380
Event: 0.974 Thread 0x0000025c84815fd0 Thread added: 0x0000025c84815fd0
Event: 0.975 Thread 0x0000025cca5e6850 Thread exited: 0x0000025cca5e6850
Event: 0.976 Thread 0x0000025c84816660 Thread added: 0x0000025c84816660
Event: 0.977 Thread 0x0000025cca6bf3f0 Thread added: 0x0000025cca6bf3f0
Event: 0.982 Thread 0x0000025cca6c3590 Thread added: 0x0000025cca6c3590
Event: 1.049 Thread 0x0000025cca6c07a0 Thread added: 0x0000025cca6c07a0
Event: 1.096 Thread 0x0000025cca6c2f00 Thread added: 0x0000025cca6c2f00
Event: 1.099 Thread 0x0000025cca6c3c20 Thread added: 0x0000025cca6c3c20
Event: 1.156 Thread 0x0000025cca6c4940 Thread added: 0x0000025cca6c4940
Event: 1.157 Thread 0x0000025cca6c21e0 Thread added: 0x0000025cca6c21e0
Event: 1.158 Thread 0x0000025cca6c42b0 Thread added: 0x0000025cca6c42b0
Event: 2.832 Thread 0x0000025cca6c4fd0 Thread added: 0x0000025cca6c4fd0
Event: 2.833 Thread 0x0000025cca6c1b50 Thread added: 0x0000025cca6c1b50
Event: 2.838 Thread 0x0000025cca6c5660 Thread added: 0x0000025cca6c5660
Event: 2.840 Thread 0x0000025cca6be6d0 Thread added: 0x0000025cca6be6d0
Event: 2.840 Thread 0x0000025cca6c5cf0 Thread added: 0x0000025cca6c5cf0
Event: 3.033 Thread 0x0000025ccad72ab0 Thread added: 0x0000025ccad72ab0


Dynamic libraries:
0x00007ff717340000 - 0x00007ff717350000 	C:\Program Files\Java\jdk-21\bin\javaw.exe
0x00007ffb95150000 - 0x00007ffb95368000 	C:\WINDOWS\SYSTEM32\ntdll.dll
0x00007ffb93be0000 - 0x00007ffb93ca4000 	C:\WINDOWS\System32\KERNEL32.DLL
0x00007ffb927e0000 - 0x00007ffb92bb3000 	C:\WINDOWS\System32\KERNELBASE.dll
0x00007ffb92540000 - 0x00007ffb92651000 	C:\WINDOWS\System32\ucrtbase.dll
0x00007ffb690b0000 - 0x00007ffb690c9000 	C:\Program Files\Java\jdk-21\bin\jli.dll
0x00007ffb93690000 - 0x00007ffb93741000 	C:\WINDOWS\System32\ADVAPI32.dll
0x00007ffb93500000 - 0x00007ffb935a7000 	C:\WINDOWS\System32\msvcrt.dll
0x00007ffb93220000 - 0x00007ffb932c8000 	C:\WINDOWS\System32\sechost.dll
0x00007ffb92690000 - 0x00007ffb926b8000 	C:\WINDOWS\System32\bcrypt.dll
0x00007ffb69060000 - 0x00007ffb6907b000 	C:\Program Files\Java\jdk-21\bin\VCRUNTIME140.dll
0x00007ffb933e0000 - 0x00007ffb934f8000 	C:\WINDOWS\System32\RPCRT4.dll
0x00007ffb93750000 - 0x00007ffb93902000 	C:\WINDOWS\System32\USER32.dll
0x00007ffb92660000 - 0x00007ffb92686000 	C:\WINDOWS\System32\win32u.dll
0x00007ffb94560000 - 0x00007ffb94589000 	C:\WINDOWS\System32\GDI32.dll
0x00007ffb926c0000 - 0x00007ffb927db000 	C:\WINDOWS\System32\gdi32full.dll
0x00007ffb92260000 - 0x00007ffb922fa000 	C:\WINDOWS\System32\msvcp_win.dll
0x00007ffb6ee40000 - 0x00007ffb6f0dc000 	C:\WINDOWS\WinSxS\amd64_microsoft.windows.common-controls_6595b64144ccf1df_6.0.22621.6060_none_2712eda17382d24b\COMCTL32.dll
0x00007ffb7ac90000 - 0x00007ffb7ac9a000 	C:\WINDOWS\SYSTEM32\VERSION.dll
0x00007ffb94140000 - 0x00007ffb94171000 	C:\WINDOWS\System32\IMM32.DLL
0x00007ffb6ed20000 - 0x00007ffb6ed2c000 	C:\Program Files\Java\jdk-21\bin\vcruntime140_1.dll
0x00007ffb68210000 - 0x00007ffb6829e000 	C:\Program Files\Java\jdk-21\bin\msvcp140.dll
0x00007ffb674f0000 - 0x00007ffb68208000 	C:\Program Files\Java\jdk-21\bin\server\jvm.dll
0x00007ffb95090000 - 0x00007ffb95101000 	C:\WINDOWS\System32\WS2_32.dll
0x00007ffb92080000 - 0x00007ffb920cd000 	C:\WINDOWS\SYSTEM32\POWRPROF.dll
0x00007ffb8c8d0000 - 0x00007ffb8c904000 	C:\WINDOWS\SYSTEM32\WINMM.dll
0x00007ffb92060000 - 0x00007ffb92073000 	C:\WINDOWS\SYSTEM32\UMPDC.dll
0x00007ffb91200000 - 0x00007ffb91218000 	C:\WINDOWS\SYSTEM32\kernel.appcore.dll
0x00007ffb69690000 - 0x00007ffb6969a000 	C:\Program Files\Java\jdk-21\bin\jimage.dll
0x00007ffb8f9a0000 - 0x00007ffb8fbd3000 	C:\WINDOWS\SYSTEM32\DBGHELP.DLL
0x00007ffb92df0000 - 0x00007ffb93181000 	C:\WINDOWS\System32\combase.dll
0x00007ffb935b0000 - 0x00007ffb93688000 	C:\WINDOWS\System32\OLEAUT32.dll
0x00007ffb73500000 - 0x00007ffb73532000 	C:\WINDOWS\SYSTEM32\dbgcore.DLL
0x00007ffb92380000 - 0x00007ffb923fb000 	C:\WINDOWS\System32\bcryptPrimitives.dll
0x00007ffb671e0000 - 0x00007ffb671ff000 	C:\Program Files\Java\jdk-21\bin\java.dll
0x00007ffb947f0000 - 0x00007ffb9508c000 	C:\WINDOWS\System32\SHELL32.dll
0x00007ffb92400000 - 0x00007ffb9253f000 	C:\WINDOWS\System32\wintypes.dll
0x00007ffb90110000 - 0x00007ffb90a2a000 	C:\WINDOWS\SYSTEM32\windows.storage.dll
0x00007ffb93a20000 - 0x00007ffb93b24000 	C:\WINDOWS\System32\SHCORE.dll
0x00007ffb94780000 - 0x00007ffb947e9000 	C:\WINDOWS\System32\shlwapi.dll
0x00007ffb92190000 - 0x00007ffb921b5000 	C:\WINDOWS\SYSTEM32\profapi.dll
0x00007ffb66770000 - 0x00007ffb66847000 	C:\Program Files\Java\jdk-21\bin\jsvml.dll
0x00007ffb66510000 - 0x00007ffb66520000 	C:\Program Files\Java\jdk-21\bin\net.dll
0x00007ffb8e870000 - 0x00007ffb8e99c000 	C:\WINDOWS\SYSTEM32\WINHTTP.dll
0x00007ffb916c0000 - 0x00007ffb91729000 	C:\WINDOWS\system32\mswsock.dll
0x00007ffb664f0000 - 0x00007ffb66506000 	C:\Program Files\Java\jdk-21\bin\nio.dll
0x00007ffb66480000 - 0x00007ffb66498000 	C:\Program Files\Java\jdk-21\bin\zip.dll
0x00007ffb8d6a0000 - 0x00007ffb8d6a9000 	C:\Program Files\Java\jdk-21\bin\extnet.dll
0x00007ffb90d50000 - 0x00007ffb90e48000 	C:\WINDOWS\SYSTEM32\DNSAPI.dll
0x00007ffb90d20000 - 0x00007ffb90d4d000 	C:\WINDOWS\SYSTEM32\IPHLPAPI.DLL
0x00007ffb93cb0000 - 0x00007ffb93cb9000 	C:\WINDOWS\System32\NSI.dll
0x00007ffb8cca0000 - 0x00007ffb8ccaa000 	C:\Windows\System32\rasadhlp.dll
0x00007ffb8a240000 - 0x00007ffb8a2c4000 	C:\WINDOWS\System32\fwpuclnt.dll
0x00007ffb47980000 - 0x00007ffb4798a000 	C:\Program Files\Java\jdk-21\bin\management.dll
0x00007ffb47940000 - 0x00007ffb4794b000 	C:\Program Files\Java\jdk-21\bin\management_ext.dll
0x00007ffb945a0000 - 0x00007ffb945a8000 	C:\WINDOWS\System32\PSAPI.DLL
0x00007ffb91960000 - 0x00007ffb9197b000 	C:\WINDOWS\SYSTEM32\CRYPTSP.dll
0x00007ffb91160000 - 0x00007ffb91197000 	C:\WINDOWS\system32\rsaenh.dll
0x00007ffb91760000 - 0x00007ffb91788000 	C:\WINDOWS\SYSTEM32\USERENV.dll
0x00007ffb918c0000 - 0x00007ffb918cc000 	C:\WINDOWS\SYSTEM32\CRYPTBASE.dll
0x00007ffb79090000 - 0x00007ffb7909e000 	C:\Program Files\Java\jdk-21\bin\sunmscapi.dll
0x00007ffb92bc0000 - 0x00007ffb92d28000 	C:\WINDOWS\System32\CRYPT32.dll
0x00007ffb91b30000 - 0x00007ffb91b5e000 	C:\WINDOWS\SYSTEM32\ncrypt.dll
0x00007ffb91af0000 - 0x00007ffb91b27000 	C:\WINDOWS\SYSTEM32\NTASN1.dll
0x00007ffb66470000 - 0x00007ffb66478000 	C:\WINDOWS\system32\wshunix.dll

dbghelp: loaded successfully - version: 4.0.5 - missing functions: none
symbol engine: initialized successfully - sym options: 0x614 - pdb path: .;C:\Program Files\Java\jdk-21\bin;C:\WINDOWS\SYSTEM32;C:\WINDOWS\WinSxS\amd64_microsoft.windows.common-controls_6595b64144ccf1df_6.0.22621.6060_none_2712eda17382d24b;C:\Program Files\Java\jdk-21\bin\server

VM Arguments:
jvm_args: -Dfile.encoding=UTF-8 -Dstdout.encoding=UTF-8 -Dstderr.encoding=UTF-8 -XX:+ShowCodeDetailsInExceptionMessages 
java_command: JavaScriptPopups.AlertPopup
java_class_path (initial): D:\SELENIUM\SeleniumChildWindow\target\test-classes;D:\SELENIUM\SeleniumChildWindow\target\classes;C:\Users\Swetha\.m2\repository\org\seleniumhq\selenium\selenium-java\4.38.0\selenium-java-4.38.0.jar;C:\Users\Swetha\.m2\repository\org\seleniumhq\selenium\selenium-api\4.38.0\selenium-api-4.38.0.jar;C:\Users\Swetha\.m2\repository\org\jspecify\jspecify\1.0.0\jspecify-1.0.0.jar;C:\Users\Swetha\.m2\repository\org\seleniumhq\selenium\selenium-chrome-driver\4.38.0\selenium-chrome-driver-4.38.0.jar;C:\Users\Swetha\.m2\repository\com\google\auto\service\auto-service-annotations\1.1.1\auto-service-annotations-1.1.1.jar;C:\Users\Swetha\.m2\repository\org\seleniumhq\selenium\selenium-chromium-driver\4.38.0\selenium-chromium-driver-4.38.0.jar;C:\Users\Swetha\.m2\repository\org\seleniumhq\selenium\selenium-json\4.38.0\selenium-json-4.38.0.jar;C:\Users\Swetha\.m2\repository\org\seleniumhq\selenium\selenium-manager\4.38.0\selenium-manager-4.38.0.jar;C:\Users\Swetha\.m2\repository\org\seleniumhq\selenium\selenium-devtools-v140\4.38.0\selenium-devtools-v140-4.38.0.jar;C:\Users\Swetha\.m2\repository\org\seleniumhq\selenium\selenium-devtools-v141\4.38.0\selenium-devtools-v141-4.38.0.jar;C:\Users\Swetha\.m2\repository\org\seleniumhq\selenium\selenium-devtools-v142\4.38.0\selenium-devtools-v142-4.38.0.jar;C:\Users\Swetha\.m2\repository\org\seleniumhq\selenium\selenium-edge-driver\4.38.0\selenium-edge-driver-4.38.0.jar;C:\Users\Swetha\.m2\repository\org\seleniumhq\selenium\selenium-firefox-driver\4.38.0\selenium-firefox-driver-4.38.0.jar;C:\Users\Swetha\.m2\repository\org\seleniumhq\selenium\selenium-http\4.38.0\selenium-http-4.38.0.jar;C:\Users\Swetha\.m2\repository\org\seleniumhq\selenium\selenium-ie-driver\4.38.0\selenium-ie-driver-4.38.0.jar;C:\Users\Swetha\.m2\repository\org\seleniumhq\selenium\selenium-remote-driver\4.38.0\selenium-remote-driver-4.38.0.jar;C:\Users\Swetha\.m2\repository\com\google\guava\guava\33.5.0-jre\guava-33.5.0-jre.jar;C:\Users\Swetha\.m2\repository\com\google\guava\failureaccess\1.0.3\failureaccess-1.0.3.jar;C:\Users\Swetha\.m2\repository\com\google\guava\listenablefuture\9999.0-empty-to-avoid-conflict-with-guava\listenablefuture-9999.0-empty-to-avoid-conflict-with-guava.jar;C:\Users\Swetha\.m2\repository\com\google\errorprone\error_prone_annotations\2.41.0\error_prone_annotations-2.41.0.jar;C:\Users\Swetha\.m2\repository\com\google\j2objc\j2objc-annotations\3.1\j2objc-annotations-3.1.jar;C:\Users\Swetha\.m2\repository\io\opentelemetry\opentelemetry-api\1.55.0\opentelemetry-api-1.55.0.jar;C:\Users\Swetha\.m2\repository\io\opentelemetry\opentelemetry-context\1.55.0\opentelemetry-context-1.55.0.jar;C:\Users\Swetha\.m2\repository\io\opentelemetry\opentelemetry-common\1.55.0\opentelemetry-common-1.55.0.jar;C:\Users\Swetha\.m2\repository\io\opentelemetry\opentelemetry-exporter-logging\1.55.0\opentelemetry-exporter-logging-1.55.0.jar;C:\Users\Swetha\.m2\repository\io\opentelemetry\opentelemetry-sdk-common\1.55.0\opentelemetry-sdk-common-1.55.0.jar;C:\Users\Swetha\.m2\repository\io\opentelemetry\opentelemetry-sdk-extension-autoconfigure-spi\1.55.0\opentelemetry-sdk-extension-autoconfigure-spi-1.55.0.jar;C:\Users\Swetha\.m2\repository\io\opentelemetry\opentelemetry-sdk-extension-autoconfigure\1.55.0\opentelemetry-sdk-extension-autoconfigure-1.55.0.jar;C:\Users\Swetha\.m2\repository\io\opentelemetry\opentelemetry-sdk-trace\1.55.0\opentelemetry-sdk-trace-1.55.0.jar;C:\Users\Swetha\.m2\repository\io\opentelemetry\opentelemetry-sdk\1.55.0\opentelemetry-sdk-1.55.0.jar;C:\Users\Swetha\.m2\repository\io\opentelemetry\opentelemetry-sdk-metrics\1.55.0\opentelemetry-sdk-metrics-1.55.0.jar;C:\Users\Swetha\.m2\repository\io\opentelemetry\opentelemetry-sdk-logs\1.55.0\opentelemetry-sdk-logs-1.55.0.jar;C:\Users\Swetha\.m2\repository\net\bytebuddy\byte-buddy\1.17.8\byte-buddy-1.17.8.jar;C:\Users\Swetha\.m2\repository\org\seleniumhq\selenium\selenium-os\4.38.0\selenium-os-4.38.0.jar;C:\Users\Swetha\.m2\repository\org\apache\commons\commons-exec\1.5.0\commons-exec-1.5.0.jar;C:\Users\Swetha\.m2\repository\org\seleniumhq\selenium\selenium-safari-driver\4.38.0\selenium-safari-driver-4.38.0.jar;C:\Users\Swetha\.m2\repository\org\seleniumhq\selenium\selenium-support\4.38.0\selenium-support-4.38.0.jar
Launcher Type: SUN_STANDARD

[Global flags]
     intx CICompilerCount                          = 4                                         {product} {ergonomic}
     uint ConcGCThreads                            = 3                                         {product} {ergonomic}
     uint G1ConcRefinementThreads                  = 10                                        {product} {ergonomic}
   size_t G1HeapRegionSize                         = 1048576                                   {product} {ergonomic}
    uintx GCDrainStackTargetSize                   = 64                                        {product} {ergonomic}
   size_t InitialHeapSize                          = 130023424                                 {product} {ergonomic}
   size_t MarkStackSize                            = 4194304                                   {product} {ergonomic}
   size_t MaxHeapSize                              = 2076180480                                {product} {ergonomic}
   size_t MaxNewSize                               = 1245708288                                {product} {ergonomic}
   size_t MinHeapDeltaBytes                        = 1048576                                   {product} {ergonomic}
   size_t MinHeapSize                              = 8388608                                   {product} {ergonomic}
    uintx NonNMethodCodeHeapSize                   = 5839372                                {pd product} {ergonomic}
    uintx NonProfiledCodeHeapSize                  = 122909434                              {pd product} {ergonomic}
    uintx ProfiledCodeHeapSize                     = 122909434                              {pd product} {ergonomic}
    uintx ReservedCodeCacheSize                    = 251658240                              {pd product} {ergonomic}
     bool SegmentedCodeCache                       = true                                      {product} {ergonomic}
     bool ShowCodeDetailsInExceptionMessages       = true                                   {manageable} {command line}
   size_t SoftMaxHeapSize                          = 2076180480                             {manageable} {ergonomic}
     bool UseCompressedOops                        = true                           {product lp64_product} {ergonomic}
     bool UseG1GC                                  = true                                      {product} {ergonomic}
     bool UseLargePagesIndividualAllocation        = false                                  {pd product} {ergonomic}

Logging:
Log output configuration:
 #0: stdout all=warning uptime,level,tags foldmultilines=false
 #1: stderr all=off uptime,level,tags foldmultilines=false

Environment Variables:
PATH=C:\Program Files\Common Files\Oracle\Java\javapath;C:\WINDOWS\system32;C:\WINDOWS;C:\WINDOWS\System32\Wbem;C:\WINDOWS\System32\WindowsPowerShell\v1.0\;C:\WINDOWS\System32\OpenSSH\;C:\Users\Swetha\Downloads\mongodb-windows-x86_64-8.0.3-signed.msi;C:\Users\Swetha\Downloads\mongosh-2.3.3-win32-x64.zip\mongosh-2.3.3-win32-x64\bin;C:\Program Files\Java\jdk-21\bin;C:\Program Files (x86)\Microsoft SQL Server\160\Tools\Binn\;C:\Program Files\Microsoft SQL Server\160\Tools\Binn\;C:\Program Files\Microsoft SQL Server\Client SDK\ODBC\170\Tools\Binn\;C:\Program Files\Microsoft SQL Server\160\DTS\Binn\;C:\Program Files\Tesseract-OCR\;C:\Program Files\nodejs\;C:\Program Files\Git\cmd;C:\Users\Swetha\AppData\Local\Programs\Python\Python310\Scripts\;C:\Users\Swetha\AppData\Local\Programs\Python\Python310\;C:\Users\Swetha\AppData\Local\Programs\Python\Python313\Scripts\;C:\Users\Swetha\AppData\Local\Programs\Python\Python313\;C:\Users\Swetha\AppData\Local\Programs\Python\Launcher\;C:\Users\Swetha\AppData\Local\Microsoft\WindowsApps;;C:\Users\Swetha\AppData\Local\Programs\Microsoft VS Code\bin;C:\Users\Swetha\AppData\Roaming\npm
USERNAME=Swetha
OS=Windows_NT
PROCESSOR_IDENTIFIER=Intel64 Family 6 Model 154 Stepping 4, GenuineIntel
TMP=C:\Users\Swetha\AppData\Local\Temp
TEMP=C:\Users\Swetha\AppData\Local\Temp




Periodic native trim disabled

---------------  S Y S T E M  ---------------

OS:
 Windows 11 , 64 bit Build 22621 (10.0.22621.5415)
OS uptime: 1 days 10:31 hours
Hyper-V role detected

CPU: total 12 (initial active 12) (6 cores per cpu, 2 threads per core) family 6 model 154 stepping 4 microcode 0x437, cx8, cmov, fxsr, ht, mmx, 3dnowpref, sse, sse2, sse3, ssse3, sse4.1, sse4.2, popcnt, lzcnt, tsc, tscinvbit, avx, avx2, aes, erms, clmul, bmi1, bmi2, adx, sha, fma, vzeroupper, clflush, clflushopt, clwb, hv, serialize, rdtscp, rdpid, fsrm, f16c, cet_ibt, cet_ss
Processor Information for processor 0
  Max Mhz: 1300, Current Mhz: 1300, Mhz Limit: 1300
Processor Information for processor 1
  Max Mhz: 1300, Current Mhz: 1300, Mhz Limit: 1300
Processor Information for processor 2
  Max Mhz: 1300, Current Mhz: 1300, Mhz Limit: 1300
Processor Information for processor 3
  Max Mhz: 1300, Current Mhz: 1300, Mhz Limit: 1300
Processor Information for processor 4
  Max Mhz: 900, Current Mhz: 900, Mhz Limit: 900
Processor Information for processor 5
  Max Mhz: 900, Current Mhz: 900, Mhz Limit: 900
Processor Information for processor 6
  Max Mhz: 900, Current Mhz: 900, Mhz Limit: 900
Processor Information for processor 7
  Max Mhz: 900, Current Mhz: 900, Mhz Limit: 900
Processor Information for processor 8
  Max Mhz: 900, Current Mhz: 900, Mhz Limit: 900
Processor Information for processor 9
  Max Mhz: 900, Current Mhz: 900, Mhz Limit: 900
Processor Information for processor 10
  Max Mhz: 900, Current Mhz: 900, Mhz Limit: 900
Processor Information for processor 11
  Max Mhz: 900, Current Mhz: 900, Mhz Limit: 900

Memory: 4k page, system-wide physical 7916M (455M free)
TotalPageFile size 23815M (AvailPageFile size 8M)
current process WorkingSet (physical memory assigned to process): 107M, peak: 107M
current process commit charge ("private bytes"): 248M, peak: 249M

vm_info: Java HotSpot(TM) 64-Bit Server VM (21.0.5+9-LTS-239) for windows-amd64 JRE (21.0.5+9-LTS-239), built on 2024-09-30T05:17:38Z by "mach5one" with MS VC++ 17.6 (VS2022)

END.
