#
# There is insufficient memory for the Java Runtime Environment to continue.
# Native memory allocation (malloc) failed to allocate 707616 bytes for Chunk::new
# Possible reasons:
#   The system is out of physical RAM or swap space
#   The process is running with CompressedOops enabled, and the Java Heap may be blocking the growth of the native heap
# Possible solutions:
#   Reduce memory load on the system
#   Increase physical memory or swap space
#   Check if swap backing store is full
#   Decrease Java heap size (-Xmx/-Xms)
#   Decrease number of Java threads
#   Decrease Java thread stack sizes (-Xss)
#   Set larger code cache with -XX:ReservedCodeCacheSize=
#   JVM is running with Unscaled Compressed Oops mode in which the Java heap is
#     placed in the first 4GB address space. The Java Heap base address is the
#     maximum limit for the native heap growth. Please use -XX:HeapBaseMinAddress
#     to set the Java Heap base and to place the Java Heap above 4GB virtual address.
# This output file may be truncated or incomplete.
#
#  Out of Memory Error (arena.cpp:168), pid=25904, tid=18696
#
# JRE version: Java(TM) SE Runtime Environment (21.0.5+9) (build 21.0.5+9-LTS-239)
# Java VM: Java HotSpot(TM) 64-Bit Server VM (21.0.5+9-LTS-239, mixed mode, sharing, tiered, compressed oops, compressed class ptrs, g1 gc, windows-amd64)
# No core dump will be written. Minidumps are not enabled by default on client versions of Windows
#

---------------  S U M M A R Y ------------

Command Line: -Dfile.encoding=UTF-8 -Dstdout.encoding=UTF-8 -Dstderr.encoding=UTF-8 -XX:+ShowCodeDetailsInExceptionMessages Interrogation.TestCase2

Host: 12th Gen Intel(R) Core(TM) i5-1235U, 12 cores, 7G,  Windows 11 , 64 bit Build 22621 (10.0.22621.5415)
Time: Tue Mar  3 22:57:08 2026 India Standard Time elapsed time: 2.273543 seconds (0d 0h 0m 2s)

---------------  T H R E A D  ---------------

Current thread (0x00000184cfb974f0):  JavaThread "C2 CompilerThread0" daemon [_thread_in_native, id=18696, stack(0x00000062a2f00000,0x00000062a3000000) (1024K)]


Current CompileTask:
C2:   2273 1742       4       java.lang.invoke.MethodType::methodType (69 bytes)

Stack: [0x00000062a2f00000,0x00000062a3000000]
Native frames: (J=compiled Java code, j=interpreted, Vv=VM code, C=native code)
V  [jvm.dll+0x6ca289]
V  [jvm.dll+0x854a51]
V  [jvm.dll+0x856f7e]
V  [jvm.dll+0x857653]
V  [jvm.dll+0x27dd26]
V  [jvm.dll+0xc4c2d]
V  [jvm.dll+0xc5163]
V  [jvm.dll+0x2f0ccd]
V  [jvm.dll+0x5f4ffa]
V  [jvm.dll+0x24f882]
V  [jvm.dll+0x24fc3f]
V  [jvm.dll+0x248754]
V  [jvm.dll+0x245de4]
V  [jvm.dll+0x1c6d0e]
V  [jvm.dll+0x2554d9]
V  [jvm.dll+0x253a6a]
V  [jvm.dll+0x3ee136]
V  [jvm.dll+0x7fee9b]
V  [jvm.dll+0x6c896d]
C  [ucrtbase.dll+0x29333]
C  [KERNEL32.DLL+0x1259d]
C  [ntdll.dll+0x5af78]


---------------  P R O C E S S  ---------------

Threads class SMR info:
_java_thread_list=0x00000184b2f49470, length=28, elements={
0x00000184b0cd1f90, 0x00000184cfb73a10, 0x00000184cfb769e0, 0x00000184cfb78d40,
0x00000184cfb79c20, 0x00000184cfb809f0, 0x00000184cfb81f00, 0x00000184cfb974f0,
0x00000184cfb99e80, 0x00000184cfb82590, 0x00000184cfb82c20, 0x00000184cfb832b0,
0x00000184cfb85380, 0x00000184cfb83940, 0x00000184cfb83fd0, 0x00000184cfb84660,
0x00000184cfb84cf0, 0x0000018515dea240, 0x0000018515de6730, 0x0000018515de9bb0,
0x0000018515de5a10, 0x0000018515de5380, 0x0000018515de60a0, 0x0000018515de7450,
0x0000018515dea8d0, 0x0000018515de6dc0, 0x0000018515de8800, 0x0000018515deb5f0
}

Java Threads: ( => current thread )
  0x00000184b0cd1f90 JavaThread "Forwarding get on session 5a4c7a3c3ce11b2c9ed0b8d6b4f74b4f to remote"        [_thread_blocked, id=12064, stack(0x00000062a2100000,0x00000062a2200000) (1024K)]
  0x00000184cfb73a10 JavaThread "Reference Handler"          daemon [_thread_blocked, id=26716, stack(0x00000062a2900000,0x00000062a2a00000) (1024K)]
  0x00000184cfb769e0 JavaThread "Finalizer"                  daemon [_thread_blocked, id=19596, stack(0x00000062a2a00000,0x00000062a2b00000) (1024K)]
  0x00000184cfb78d40 JavaThread "Signal Dispatcher"          daemon [_thread_blocked, id=18044, stack(0x00000062a2b00000,0x00000062a2c00000) (1024K)]
  0x00000184cfb79c20 JavaThread "Attach Listener"            daemon [_thread_blocked, id=27636, stack(0x00000062a2c00000,0x00000062a2d00000) (1024K)]
  0x00000184cfb809f0 JavaThread "Service Thread"             daemon [_thread_blocked, id=3572, stack(0x00000062a2d00000,0x00000062a2e00000) (1024K)]
  0x00000184cfb81f00 JavaThread "Monitor Deflation Thread"   daemon [_thread_blocked, id=26388, stack(0x00000062a2e00000,0x00000062a2f00000) (1024K)]
=>0x00000184cfb974f0 JavaThread "C2 CompilerThread0"         daemon [_thread_in_native, id=18696, stack(0x00000062a2f00000,0x00000062a3000000) (1024K)]
  0x00000184cfb99e80 JavaThread "C1 CompilerThread0"         daemon [_thread_blocked, id=26760, stack(0x00000062a3000000,0x00000062a3100000) (1024K)]
  0x00000184cfb82590 JavaThread "Notification Thread"        daemon [_thread_blocked, id=22272, stack(0x00000062a3100000,0x00000062a3200000) (1024K)]
  0x00000184cfb82c20 JavaThread "Common-Cleaner"             daemon [_thread_blocked, id=11560, stack(0x00000062a3200000,0x00000062a3300000) (1024K)]
  0x00000184cfb832b0 JavaThread "ForkJoinPool.commonPool-worker-1" daemon [_thread_blocked, id=15248, stack(0x00000062a3400000,0x00000062a3500000) (1024K)]
  0x00000184cfb85380 JavaThread "HttpClient-1-SelectorManager" daemon [_thread_in_native, id=25896, stack(0x00000062a3500000,0x00000062a3600000) (1024K)]
  0x00000184cfb83940 JavaThread "External Process Output Forwarder - C:\Users\Swetha\.cache\selenium\chromedriver\win64\145.0.7632.117\chromedriver.exe" daemon [_thread_in_native, id=13712, stack(0x00000062a3600000,0x00000062a3700000) (1024K)]
  0x00000184cfb83fd0 JavaThread "Driver Service Executor"    daemon [_thread_blocked, id=26800, stack(0x00000062a3700000,0x00000062a3800000) (1024K)]
  0x00000184cfb84660 JavaThread "Driver Service Executor"    daemon [_thread_in_native, id=25892, stack(0x00000062a3800000,0x00000062a3900000) (1024K)]
  0x00000184cfb84cf0 JavaThread "UrlChecker-2"               daemon [_thread_blocked, id=16372, stack(0x00000062a3900000,0x00000062a3a00000) (1024K)]
  0x0000018515dea240 JavaThread "Keep-Alive-Timer"           daemon [_thread_blocked, id=5008, stack(0x00000062a3300000,0x00000062a3400000) (1024K)]
  0x0000018515de6730 JavaThread "JdkHttpClient-0-0"          daemon [_thread_blocked, id=13352, stack(0x00000062a3b00000,0x00000062a3c00000) (1024K)]
  0x0000018515de9bb0 JavaThread "CompletableFutureDelayScheduler" daemon [_thread_blocked, id=5764, stack(0x00000062a3c00000,0x00000062a3d00000) (1024K)]
  0x0000018515de5a10 JavaThread "JdkHttpClient-0-1"          daemon [_thread_blocked, id=19264, stack(0x00000062a4600000,0x00000062a4700000) (1024K)]
  0x0000018515de5380 JavaThread "JdkHttpClient-0-2"          daemon [_thread_blocked, id=25012, stack(0x00000062a4700000,0x00000062a4800000) (1024K)]
  0x0000018515de60a0 JavaThread "JdkHttpClient-0-3"          daemon [_thread_blocked, id=18988, stack(0x00000062a4800000,0x00000062a4900000) (1024K)]
  0x0000018515de7450 JavaThread "HttpClient-2-SelectorManager" daemon [_thread_in_native, id=19716, stack(0x00000062a4900000,0x00000062a4a00000) (1024K)]
  0x0000018515dea8d0 JavaThread "JdkHttpClient-1-0"          daemon [_thread_blocked, id=20744, stack(0x00000062a4a00000,0x00000062a4b00000) (1024K)]
  0x0000018515de6dc0 JavaThread "JdkHttpClient-1-1"          daemon [_thread_blocked, id=11456, stack(0x00000062a4b00000,0x00000062a4c00000) (1024K)]
  0x0000018515de8800 JavaThread "JdkHttpClient-1-2"          daemon [_thread_blocked, id=27532, stack(0x00000062a4c00000,0x00000062a4d00000) (1024K)]
  0x0000018515deb5f0 JavaThread "JdkHttpClient-1-3"          daemon [_thread_blocked, id=11452, stack(0x00000062a4d00000,0x00000062a4e00000) (1024K)]
Total: 28

Other Threads:
  0x00000184cfb606e0 VMThread "VM Thread"                           [id=23192, stack(0x00000062a2800000,0x00000062a2900000) (1024K)]
  0x00000184cfb47850 WatcherThread "VM Periodic Task Thread"        [id=27124, stack(0x00000062a2700000,0x00000062a2800000) (1024K)]
  0x00000184b2ee1d00 WorkerThread "GC Thread#0"                     [id=12300, stack(0x00000062a2200000,0x00000062a2300000) (1024K)]
  0x0000018515e3edd0 WorkerThread "GC Thread#1"                     [id=27604, stack(0x00000062a3d00000,0x00000062a3e00000) (1024K)]
  0x0000018515e6a190 WorkerThread "GC Thread#2"                     [id=20444, stack(0x00000062a3e00000,0x00000062a3f00000) (1024K)]
  0x0000018515e6fae0 WorkerThread "GC Thread#3"                     [id=26828, stack(0x00000062a3f00000,0x00000062a4000000) (1024K)]
  0x0000018515e6fe80 WorkerThread "GC Thread#4"                     [id=21900, stack(0x00000062a4000000,0x00000062a4100000) (1024K)]
  0x0000018515e70220 WorkerThread "GC Thread#5"                     [id=26956, stack(0x00000062a4100000,0x00000062a4200000) (1024K)]
  0x0000018515e705c0 WorkerThread "GC Thread#6"                     [id=9628, stack(0x00000062a4200000,0x00000062a4300000) (1024K)]
  0x0000018515e72d70 WorkerThread "GC Thread#7"                     [id=2208, stack(0x00000062a4300000,0x00000062a4400000) (1024K)]
  0x0000018515e77120 WorkerThread "GC Thread#8"                     [id=26096, stack(0x00000062a4400000,0x00000062a4500000) (1024K)]
  0x0000018515e774c0 WorkerThread "GC Thread#9"                     [id=27640, stack(0x00000062a4500000,0x00000062a4600000) (1024K)]
  0x00000184b2ef2db0 ConcurrentGCThread "G1 Main Marker"            [id=1404, stack(0x00000062a2300000,0x00000062a2400000) (1024K)]
  0x00000184b2ef38b0 WorkerThread "G1 Conc#0"                       [id=22328, stack(0x00000062a2400000,0x00000062a2500000) (1024K)]
  0x00000184cfa18520 ConcurrentGCThread "G1 Refine#0"               [id=23672, stack(0x00000062a2500000,0x00000062a2600000) (1024K)]
  0x00000184cfa18ea0 ConcurrentGCThread "G1 Service"                [id=19284, stack(0x00000062a2600000,0x00000062a2700000) (1024K)]
Total: 16

Threads with active compile tasks:
C2 CompilerThread0     2358 1742       4       java.lang.invoke.MethodType::methodType (69 bytes)
Total: 1

VM state: not at safepoint (normal execution)

VM Mutex/Monitor currently owned by a thread: None

Heap address: 0x0000000084400000, size: 1980 MB, Compressed Oops mode: 32-bit

CDS archive(s) mapped at: [0x00000184d0000000-0x00000184d0c90000-0x00000184d0c90000), size 13172736, SharedBaseAddress: 0x00000184d0000000, ArchiveRelocationMode: 1.
Compressed class space mapped at: 0x00000184d1000000-0x0000018511000000, reserved size: 1073741824
Narrow klass base: 0x00000184d0000000, Narrow klass shift: 0, Narrow klass range: 0x100000000

GC Precious Log:
 CardTable entry size: 512
 Card Set container configuration: InlinePtr #cards 5 size 8 Array Of Cards #cards 12 size 40 Howl #buckets 4 coarsen threshold 1843 Howl Bitmap #cards 512 size 80 coarsen threshold 460 Card regions per heap region 1 cards per card region 2048
 CPUs: 12 total, 12 available
 Memory: 7916M
 Large Page Support: Disabled
 NUMA Support: Disabled
 Compressed Oops: Enabled (32-bit)
 Heap Region Size: 1M
 Heap Min Capacity: 8M
 Heap Initial Capacity: 124M
 Heap Max Capacity: 1980M
 Pre-touch: Disabled
 Parallel Workers: 10
 Concurrent Workers: 3
 Concurrent Refinement Workers: 10
 Periodic GC: Disabled

Heap:
 garbage-first heap   total 126976K, used 12268K [0x0000000084400000, 0x0000000100000000)
  region size 1024K, 10 young (10240K), 3 survivors (3072K)
 Metaspace       used 12227K, committed 12608K, reserved 1114112K
  class space    used 1443K, committed 1600K, reserved 1048576K

Heap Regions: E=young(eden), S=young(survivor), O=old, HS=humongous(starts), HC=humongous(continues), CS=collection set, F=free, TAMS=top-at-mark-start, PB=parsable bottom
|   0|0x0000000084400000, 0x0000000084500000, 0x0000000084500000|100%|HS|  |TAMS 0x0000000084400000| PB 0x0000000084400000| Complete 
|   1|0x0000000084500000, 0x0000000084600000, 0x0000000084600000|100%| O|  |TAMS 0x0000000084500000| PB 0x0000000084500000| Untracked 
|   2|0x0000000084600000, 0x00000000846fb010, 0x0000000084700000| 98%| O|  |TAMS 0x0000000084600000| PB 0x0000000084600000| Untracked 
|   3|0x0000000084700000, 0x0000000084700000, 0x0000000084800000|  0%| F|  |TAMS 0x0000000084700000| PB 0x0000000084700000| Untracked 
|   4|0x0000000084800000, 0x0000000084800000, 0x0000000084900000|  0%| F|  |TAMS 0x0000000084800000| PB 0x0000000084800000| Untracked 
|   5|0x0000000084900000, 0x0000000084900000, 0x0000000084a00000|  0%| F|  |TAMS 0x0000000084900000| PB 0x0000000084900000| Untracked 
|   6|0x0000000084a00000, 0x0000000084a00000, 0x0000000084b00000|  0%| F|  |TAMS 0x0000000084a00000| PB 0x0000000084a00000| Untracked 
|   7|0x0000000084b00000, 0x0000000084b00000, 0x0000000084c00000|  0%| F|  |TAMS 0x0000000084b00000| PB 0x0000000084b00000| Untracked 
|   8|0x0000000084c00000, 0x0000000084c00000, 0x0000000084d00000|  0%| F|  |TAMS 0x0000000084c00000| PB 0x0000000084c00000| Untracked 
|   9|0x0000000084d00000, 0x0000000084d00000, 0x0000000084e00000|  0%| F|  |TAMS 0x0000000084d00000| PB 0x0000000084d00000| Untracked 
|  10|0x0000000084e00000, 0x0000000084e00000, 0x0000000084f00000|  0%| F|  |TAMS 0x0000000084e00000| PB 0x0000000084e00000| Untracked 
|  11|0x0000000084f00000, 0x0000000084f00000, 0x0000000085000000|  0%| F|  |TAMS 0x0000000084f00000| PB 0x0000000084f00000| Untracked 
|  12|0x0000000085000000, 0x0000000085000000, 0x0000000085100000|  0%| F|  |TAMS 0x0000000085000000| PB 0x0000000085000000| Untracked 
|  13|0x0000000085100000, 0x0000000085100000, 0x0000000085200000|  0%| F|  |TAMS 0x0000000085100000| PB 0x0000000085100000| Untracked 
|  14|0x0000000085200000, 0x0000000085200000, 0x0000000085300000|  0%| F|  |TAMS 0x0000000085200000| PB 0x0000000085200000| Untracked 
|  15|0x0000000085300000, 0x0000000085300000, 0x0000000085400000|  0%| F|  |TAMS 0x0000000085300000| PB 0x0000000085300000| Untracked 
|  16|0x0000000085400000, 0x0000000085400000, 0x0000000085500000|  0%| F|  |TAMS 0x0000000085400000| PB 0x0000000085400000| Untracked 
|  17|0x0000000085500000, 0x0000000085500000, 0x0000000085600000|  0%| F|  |TAMS 0x0000000085500000| PB 0x0000000085500000| Untracked 
|  18|0x0000000085600000, 0x0000000085600000, 0x0000000085700000|  0%| F|  |TAMS 0x0000000085600000| PB 0x0000000085600000| Untracked 
|  19|0x0000000085700000, 0x0000000085700000, 0x0000000085800000|  0%| F|  |TAMS 0x0000000085700000| PB 0x0000000085700000| Untracked 
|  20|0x0000000085800000, 0x0000000085800000, 0x0000000085900000|  0%| F|  |TAMS 0x0000000085800000| PB 0x0000000085800000| Untracked 
|  21|0x0000000085900000, 0x0000000085900000, 0x0000000085a00000|  0%| F|  |TAMS 0x0000000085900000| PB 0x0000000085900000| Untracked 
|  22|0x0000000085a00000, 0x0000000085a00000, 0x0000000085b00000|  0%| F|  |TAMS 0x0000000085a00000| PB 0x0000000085a00000| Untracked 
|  23|0x0000000085b00000, 0x0000000085b00000, 0x0000000085c00000|  0%| F|  |TAMS 0x0000000085b00000| PB 0x0000000085b00000| Untracked 
|  24|0x0000000085c00000, 0x0000000085c00000, 0x0000000085d00000|  0%| F|  |TAMS 0x0000000085c00000| PB 0x0000000085c00000| Untracked 
|  25|0x0000000085d00000, 0x0000000085d00000, 0x0000000085e00000|  0%| F|  |TAMS 0x0000000085d00000| PB 0x0000000085d00000| Untracked 
|  26|0x0000000085e00000, 0x0000000085e00000, 0x0000000085f00000|  0%| F|  |TAMS 0x0000000085e00000| PB 0x0000000085e00000| Untracked 
|  27|0x0000000085f00000, 0x0000000085f00000, 0x0000000086000000|  0%| F|  |TAMS 0x0000000085f00000| PB 0x0000000085f00000| Untracked 
|  28|0x0000000086000000, 0x0000000086000000, 0x0000000086100000|  0%| F|  |TAMS 0x0000000086000000| PB 0x0000000086000000| Untracked 
|  29|0x0000000086100000, 0x0000000086100000, 0x0000000086200000|  0%| F|  |TAMS 0x0000000086100000| PB 0x0000000086100000| Untracked 
|  30|0x0000000086200000, 0x0000000086200000, 0x0000000086300000|  0%| F|  |TAMS 0x0000000086200000| PB 0x0000000086200000| Untracked 
|  31|0x0000000086300000, 0x0000000086300000, 0x0000000086400000|  0%| F|  |TAMS 0x0000000086300000| PB 0x0000000086300000| Untracked 
|  32|0x0000000086400000, 0x0000000086400000, 0x0000000086500000|  0%| F|  |TAMS 0x0000000086400000| PB 0x0000000086400000| Untracked 
|  33|0x0000000086500000, 0x0000000086500000, 0x0000000086600000|  0%| F|  |TAMS 0x0000000086500000| PB 0x0000000086500000| Untracked 
|  34|0x0000000086600000, 0x0000000086600000, 0x0000000086700000|  0%| F|  |TAMS 0x0000000086600000| PB 0x0000000086600000| Untracked 
|  35|0x0000000086700000, 0x0000000086700000, 0x0000000086800000|  0%| F|  |TAMS 0x0000000086700000| PB 0x0000000086700000| Untracked 
|  36|0x0000000086800000, 0x0000000086800000, 0x0000000086900000|  0%| F|  |TAMS 0x0000000086800000| PB 0x0000000086800000| Untracked 
|  37|0x0000000086900000, 0x0000000086900000, 0x0000000086a00000|  0%| F|  |TAMS 0x0000000086900000| PB 0x0000000086900000| Untracked 
|  38|0x0000000086a00000, 0x0000000086a00000, 0x0000000086b00000|  0%| F|  |TAMS 0x0000000086a00000| PB 0x0000000086a00000| Untracked 
|  39|0x0000000086b00000, 0x0000000086b00000, 0x0000000086c00000|  0%| F|  |TAMS 0x0000000086b00000| PB 0x0000000086b00000| Untracked 
|  40|0x0000000086c00000, 0x0000000086c00000, 0x0000000086d00000|  0%| F|  |TAMS 0x0000000086c00000| PB 0x0000000086c00000| Untracked 
|  41|0x0000000086d00000, 0x0000000086d00000, 0x0000000086e00000|  0%| F|  |TAMS 0x0000000086d00000| PB 0x0000000086d00000| Untracked 
|  42|0x0000000086e00000, 0x0000000086e00000, 0x0000000086f00000|  0%| F|  |TAMS 0x0000000086e00000| PB 0x0000000086e00000| Untracked 
|  43|0x0000000086f00000, 0x0000000086f00000, 0x0000000087000000|  0%| F|  |TAMS 0x0000000086f00000| PB 0x0000000086f00000| Untracked 
|  44|0x0000000087000000, 0x0000000087000000, 0x0000000087100000|  0%| F|  |TAMS 0x0000000087000000| PB 0x0000000087000000| Untracked 
|  45|0x0000000087100000, 0x0000000087100000, 0x0000000087200000|  0%| F|  |TAMS 0x0000000087100000| PB 0x0000000087100000| Untracked 
|  46|0x0000000087200000, 0x0000000087200000, 0x0000000087300000|  0%| F|  |TAMS 0x0000000087200000| PB 0x0000000087200000| Untracked 
|  47|0x0000000087300000, 0x0000000087300000, 0x0000000087400000|  0%| F|  |TAMS 0x0000000087300000| PB 0x0000000087300000| Untracked 
|  48|0x0000000087400000, 0x0000000087400000, 0x0000000087500000|  0%| F|  |TAMS 0x0000000087400000| PB 0x0000000087400000| Untracked 
|  49|0x0000000087500000, 0x0000000087500000, 0x0000000087600000|  0%| F|  |TAMS 0x0000000087500000| PB 0x0000000087500000| Untracked 
|  50|0x0000000087600000, 0x0000000087600000, 0x0000000087700000|  0%| F|  |TAMS 0x0000000087600000| PB 0x0000000087600000| Untracked 
|  51|0x0000000087700000, 0x0000000087700000, 0x0000000087800000|  0%| F|  |TAMS 0x0000000087700000| PB 0x0000000087700000| Untracked 
|  52|0x0000000087800000, 0x0000000087800000, 0x0000000087900000|  0%| F|  |TAMS 0x0000000087800000| PB 0x0000000087800000| Untracked 
|  53|0x0000000087900000, 0x0000000087900000, 0x0000000087a00000|  0%| F|  |TAMS 0x0000000087900000| PB 0x0000000087900000| Untracked 
|  54|0x0000000087a00000, 0x0000000087a00000, 0x0000000087b00000|  0%| F|  |TAMS 0x0000000087a00000| PB 0x0000000087a00000| Untracked 
|  55|0x0000000087b00000, 0x0000000087b00000, 0x0000000087c00000|  0%| F|  |TAMS 0x0000000087b00000| PB 0x0000000087b00000| Untracked 
|  56|0x0000000087c00000, 0x0000000087c00000, 0x0000000087d00000|  0%| F|  |TAMS 0x0000000087c00000| PB 0x0000000087c00000| Untracked 
|  57|0x0000000087d00000, 0x0000000087d00000, 0x0000000087e00000|  0%| F|  |TAMS 0x0000000087d00000| PB 0x0000000087d00000| Untracked 
|  58|0x0000000087e00000, 0x0000000087e00000, 0x0000000087f00000|  0%| F|  |TAMS 0x0000000087e00000| PB 0x0000000087e00000| Untracked 
|  59|0x0000000087f00000, 0x0000000087f00000, 0x0000000088000000|  0%| F|  |TAMS 0x0000000087f00000| PB 0x0000000087f00000| Untracked 
|  60|0x0000000088000000, 0x0000000088000000, 0x0000000088100000|  0%| F|  |TAMS 0x0000000088000000| PB 0x0000000088000000| Untracked 
|  61|0x0000000088100000, 0x0000000088100000, 0x0000000088200000|  0%| F|  |TAMS 0x0000000088100000| PB 0x0000000088100000| Untracked 
|  62|0x0000000088200000, 0x0000000088200000, 0x0000000088300000|  0%| F|  |TAMS 0x0000000088200000| PB 0x0000000088200000| Untracked 
|  63|0x0000000088300000, 0x0000000088300000, 0x0000000088400000|  0%| F|  |TAMS 0x0000000088300000| PB 0x0000000088300000| Untracked 
|  64|0x0000000088400000, 0x0000000088400000, 0x0000000088500000|  0%| F|  |TAMS 0x0000000088400000| PB 0x0000000088400000| Untracked 
|  65|0x0000000088500000, 0x0000000088500000, 0x0000000088600000|  0%| F|  |TAMS 0x0000000088500000| PB 0x0000000088500000| Untracked 
|  66|0x0000000088600000, 0x0000000088600000, 0x0000000088700000|  0%| F|  |TAMS 0x0000000088600000| PB 0x0000000088600000| Untracked 
|  67|0x0000000088700000, 0x0000000088700000, 0x0000000088800000|  0%| F|  |TAMS 0x0000000088700000| PB 0x0000000088700000| Untracked 
|  68|0x0000000088800000, 0x0000000088800000, 0x0000000088900000|  0%| F|  |TAMS 0x0000000088800000| PB 0x0000000088800000| Untracked 
|  69|0x0000000088900000, 0x0000000088900000, 0x0000000088a00000|  0%| F|  |TAMS 0x0000000088900000| PB 0x0000000088900000| Untracked 
|  70|0x0000000088a00000, 0x0000000088a00000, 0x0000000088b00000|  0%| F|  |TAMS 0x0000000088a00000| PB 0x0000000088a00000| Untracked 
|  71|0x0000000088b00000, 0x0000000088b00000, 0x0000000088c00000|  0%| F|  |TAMS 0x0000000088b00000| PB 0x0000000088b00000| Untracked 
|  72|0x0000000088c00000, 0x0000000088c00000, 0x0000000088d00000|  0%| F|  |TAMS 0x0000000088c00000| PB 0x0000000088c00000| Untracked 
|  73|0x0000000088d00000, 0x0000000088d00000, 0x0000000088e00000|  0%| F|  |TAMS 0x0000000088d00000| PB 0x0000000088d00000| Untracked 
|  74|0x0000000088e00000, 0x0000000088e00000, 0x0000000088f00000|  0%| F|  |TAMS 0x0000000088e00000| PB 0x0000000088e00000| Untracked 
|  75|0x0000000088f00000, 0x0000000088f00000, 0x0000000089000000|  0%| F|  |TAMS 0x0000000088f00000| PB 0x0000000088f00000| Untracked 
|  76|0x0000000089000000, 0x0000000089000000, 0x0000000089100000|  0%| F|  |TAMS 0x0000000089000000| PB 0x0000000089000000| Untracked 
|  77|0x0000000089100000, 0x0000000089100000, 0x0000000089200000|  0%| F|  |TAMS 0x0000000089100000| PB 0x0000000089100000| Untracked 
|  78|0x0000000089200000, 0x0000000089200000, 0x0000000089300000|  0%| F|  |TAMS 0x0000000089200000| PB 0x0000000089200000| Untracked 
|  79|0x0000000089300000, 0x0000000089300000, 0x0000000089400000|  0%| F|  |TAMS 0x0000000089300000| PB 0x0000000089300000| Untracked 
|  80|0x0000000089400000, 0x0000000089400000, 0x0000000089500000|  0%| F|  |TAMS 0x0000000089400000| PB 0x0000000089400000| Untracked 
|  81|0x0000000089500000, 0x0000000089500000, 0x0000000089600000|  0%| F|  |TAMS 0x0000000089500000| PB 0x0000000089500000| Untracked 
|  82|0x0000000089600000, 0x0000000089600000, 0x0000000089700000|  0%| F|  |TAMS 0x0000000089600000| PB 0x0000000089600000| Untracked 
|  83|0x0000000089700000, 0x0000000089700000, 0x0000000089800000|  0%| F|  |TAMS 0x0000000089700000| PB 0x0000000089700000| Untracked 
|  84|0x0000000089800000, 0x0000000089800000, 0x0000000089900000|  0%| F|  |TAMS 0x0000000089800000| PB 0x0000000089800000| Untracked 
|  85|0x0000000089900000, 0x0000000089900000, 0x0000000089a00000|  0%| F|  |TAMS 0x0000000089900000| PB 0x0000000089900000| Untracked 
|  86|0x0000000089a00000, 0x0000000089a00000, 0x0000000089b00000|  0%| F|  |TAMS 0x0000000089a00000| PB 0x0000000089a00000| Untracked 
|  87|0x0000000089b00000, 0x0000000089b00000, 0x0000000089c00000|  0%| F|  |TAMS 0x0000000089b00000| PB 0x0000000089b00000| Untracked 
|  88|0x0000000089c00000, 0x0000000089c00000, 0x0000000089d00000|  0%| F|  |TAMS 0x0000000089c00000| PB 0x0000000089c00000| Untracked 
|  89|0x0000000089d00000, 0x0000000089d00000, 0x0000000089e00000|  0%| F|  |TAMS 0x0000000089d00000| PB 0x0000000089d00000| Untracked 
|  90|0x0000000089e00000, 0x0000000089e00000, 0x0000000089f00000|  0%| F|  |TAMS 0x0000000089e00000| PB 0x0000000089e00000| Untracked 
|  91|0x0000000089f00000, 0x0000000089f00000, 0x000000008a000000|  0%| F|  |TAMS 0x0000000089f00000| PB 0x0000000089f00000| Untracked 
|  92|0x000000008a000000, 0x000000008a000000, 0x000000008a100000|  0%| F|  |TAMS 0x000000008a000000| PB 0x000000008a000000| Untracked 
|  93|0x000000008a100000, 0x000000008a100000, 0x000000008a200000|  0%| F|  |TAMS 0x000000008a100000| PB 0x000000008a100000| Untracked 
|  94|0x000000008a200000, 0x000000008a200000, 0x000000008a300000|  0%| F|  |TAMS 0x000000008a200000| PB 0x000000008a200000| Untracked 
|  95|0x000000008a300000, 0x000000008a300000, 0x000000008a400000|  0%| F|  |TAMS 0x000000008a300000| PB 0x000000008a300000| Untracked 
|  96|0x000000008a400000, 0x000000008a400000, 0x000000008a500000|  0%| F|  |TAMS 0x000000008a400000| PB 0x000000008a400000| Untracked 
|  97|0x000000008a500000, 0x000000008a500000, 0x000000008a600000|  0%| F|  |TAMS 0x000000008a500000| PB 0x000000008a500000| Untracked 
|  98|0x000000008a600000, 0x000000008a700000, 0x000000008a700000|100%| S|CS|TAMS 0x000000008a600000| PB 0x000000008a600000| Complete 
|  99|0x000000008a700000, 0x000000008a800000, 0x000000008a800000|100%| S|CS|TAMS 0x000000008a700000| PB 0x000000008a700000| Complete 
| 100|0x000000008a800000, 0x000000008a900000, 0x000000008a900000|100%| S|CS|TAMS 0x000000008a800000| PB 0x000000008a800000| Complete 
| 101|0x000000008a900000, 0x000000008a900000, 0x000000008aa00000|  0%| F|  |TAMS 0x000000008a900000| PB 0x000000008a900000| Untracked 
| 102|0x000000008aa00000, 0x000000008aa00000, 0x000000008ab00000|  0%| F|  |TAMS 0x000000008aa00000| PB 0x000000008aa00000| Untracked 
| 103|0x000000008ab00000, 0x000000008ab00000, 0x000000008ac00000|  0%| F|  |TAMS 0x000000008ab00000| PB 0x000000008ab00000| Untracked 
| 104|0x000000008ac00000, 0x000000008ac00000, 0x000000008ad00000|  0%| F|  |TAMS 0x000000008ac00000| PB 0x000000008ac00000| Untracked 
| 105|0x000000008ad00000, 0x000000008ad00000, 0x000000008ae00000|  0%| F|  |TAMS 0x000000008ad00000| PB 0x000000008ad00000| Untracked 
| 106|0x000000008ae00000, 0x000000008ae00000, 0x000000008af00000|  0%| F|  |TAMS 0x000000008ae00000| PB 0x000000008ae00000| Untracked 
| 107|0x000000008af00000, 0x000000008af00000, 0x000000008b000000|  0%| F|  |TAMS 0x000000008af00000| PB 0x000000008af00000| Untracked 
| 108|0x000000008b000000, 0x000000008b000000, 0x000000008b100000|  0%| F|  |TAMS 0x000000008b000000| PB 0x000000008b000000| Untracked 
| 109|0x000000008b100000, 0x000000008b100000, 0x000000008b200000|  0%| F|  |TAMS 0x000000008b100000| PB 0x000000008b100000| Untracked 
| 110|0x000000008b200000, 0x000000008b200000, 0x000000008b300000|  0%| F|  |TAMS 0x000000008b200000| PB 0x000000008b200000| Untracked 
| 111|0x000000008b300000, 0x000000008b300000, 0x000000008b400000|  0%| F|  |TAMS 0x000000008b300000| PB 0x000000008b300000| Untracked 
| 112|0x000000008b400000, 0x000000008b400000, 0x000000008b500000|  0%| F|  |TAMS 0x000000008b400000| PB 0x000000008b400000| Untracked 
| 113|0x000000008b500000, 0x000000008b500000, 0x000000008b600000|  0%| F|  |TAMS 0x000000008b500000| PB 0x000000008b500000| Untracked 
| 114|0x000000008b600000, 0x000000008b600000, 0x000000008b700000|  0%| F|  |TAMS 0x000000008b600000| PB 0x000000008b600000| Untracked 
| 115|0x000000008b700000, 0x000000008b700000, 0x000000008b800000|  0%| F|  |TAMS 0x000000008b700000| PB 0x000000008b700000| Untracked 
| 116|0x000000008b800000, 0x000000008b800000, 0x000000008b900000|  0%| F|  |TAMS 0x000000008b800000| PB 0x000000008b800000| Untracked 
| 117|0x000000008b900000, 0x000000008b9be570, 0x000000008ba00000| 74%| E|  |TAMS 0x000000008b900000| PB 0x000000008b900000| Complete 
| 118|0x000000008ba00000, 0x000000008bb00000, 0x000000008bb00000|100%| E|CS|TAMS 0x000000008ba00000| PB 0x000000008ba00000| Complete 
| 119|0x000000008bb00000, 0x000000008bc00000, 0x000000008bc00000|100%| E|CS|TAMS 0x000000008bb00000| PB 0x000000008bb00000| Complete 
| 120|0x000000008bc00000, 0x000000008bd00000, 0x000000008bd00000|100%| E|CS|TAMS 0x000000008bc00000| PB 0x000000008bc00000| Complete 
| 121|0x000000008bd00000, 0x000000008be00000, 0x000000008be00000|100%| E|CS|TAMS 0x000000008bd00000| PB 0x000000008bd00000| Complete 
| 122|0x000000008be00000, 0x000000008bf00000, 0x000000008bf00000|100%| E|CS|TAMS 0x000000008be00000| PB 0x000000008be00000| Complete 
| 123|0x000000008bf00000, 0x000000008c000000, 0x000000008c000000|100%| E|CS|TAMS 0x000000008bf00000| PB 0x000000008bf00000| Complete 

Card table byte_map: [0x00000184cac50000,0x00000184cb030000] _byte_map_base: 0x00000184ca82e000

Marking Bits: (CMBitMap*) 0x00000184b2ee2400
 Bits: [0x00000184cb030000, 0x00000184ccf20000)

Polling page: 0x00000184b2650000

Metaspace:

Usage:
  Non-class:     10.53 MB used.
      Class:      1.41 MB used.
       Both:     11.94 MB used.

Virtual space:
  Non-class space:       64.00 MB reserved,      10.75 MB ( 17%) committed,  1 nodes.
      Class space:        1.00 GB reserved,       1.56 MB ( <1%) committed,  1 nodes.
             Both:        1.06 GB reserved,      12.31 MB (  1%) committed. 

Chunk freelists:
   Non-Class:  5.28 MB
       Class:  14.38 MB
        Both:  19.66 MB

MaxMetaspaceSize: unlimited
CompressedClassSpaceSize: 1.00 GB
Initial GC threshold: 21.00 MB
Current GC threshold: 21.00 MB
CDS: on
 - commit_granule_bytes: 65536.
 - commit_granule_words: 8192.
 - virtual_space_node_default_size: 8388608.
 - enlarge_chunks_in_place: 1.
 - use_allocation_guard: 0.


Internal statistics:

num_allocs_failed_limit: 0.
num_arena_births: 326.
num_arena_deaths: 0.
num_vsnodes_births: 2.
num_vsnodes_deaths: 0.
num_space_committed: 197.
num_space_uncommitted: 0.
num_chunks_returned_to_freelist: 0.
num_chunks_taken_from_freelist: 609.
num_chunk_merges: 0.
num_chunk_splits: 356.
num_chunks_enlarged: 201.
num_inconsistent_stats: 0.

CodeHeap 'non-profiled nmethods': size=120000Kb used=548Kb max_used=548Kb free=119451Kb
 bounds [0x00000184c2de0000, 0x00000184c3050000, 0x00000184ca310000]
CodeHeap 'profiled nmethods': size=120000Kb used=3304Kb max_used=3304Kb free=116695Kb
 bounds [0x00000184bb310000, 0x00000184bb650000, 0x00000184c2840000]
CodeHeap 'non-nmethods': size=5760Kb used=1456Kb max_used=1474Kb free=4303Kb
 bounds [0x00000184c2840000, 0x00000184c2ab0000, 0x00000184c2de0000]
 total_blobs=2302 nmethods=1762 adapters=444
 compilation: enabled
              stopped_count=0, restarted_count=0
 full_count=0

Compilation events (20 events):
Event: 2.206 Thread 0x00000184cfb99e80 nmethod 1746 0x00000184bb642990 code [0x00000184bb642b60, 0x00000184bb643010]
Event: 2.206 Thread 0x00000184cfb99e80 1744       3       java.lang.invoke.LambdaFormEditor$TransformKey::of (49 bytes)
Event: 2.207 Thread 0x00000184cfb99e80 nmethod 1744 0x00000184bb643210 code [0x00000184bb643400, 0x00000184bb643958]
Event: 2.207 Thread 0x00000184cfb99e80 1745       3       java.lang.invoke.LambdaFormEditor$TransformKey::bval (26 bytes)
Event: 2.207 Thread 0x00000184cfb99e80 nmethod 1745 0x00000184bb643b90 code [0x00000184bb643d20, 0x00000184bb643e28]
Event: 2.219 Thread 0x00000184cfb99e80 1748       3       java.util.concurrent.locks.AbstractQueuedSynchronizer::<init> (5 bytes)
Event: 2.219 Thread 0x00000184cfb99e80 nmethod 1748 0x00000184bb643e90 code [0x00000184bb644040, 0x00000184bb644208]
Event: 2.219 Thread 0x00000184cfb99e80 1749       3       java.util.concurrent.locks.AbstractOwnableSynchronizer::<init> (5 bytes)
Event: 2.219 Thread 0x00000184cfb99e80 nmethod 1749 0x00000184bb644310 code [0x00000184bb6444a0, 0x00000184bb644608]
Event: 2.220 Thread 0x00000184cfb99e80 1750       1       java.util.TreeMap::size (5 bytes)
Event: 2.220 Thread 0x00000184cfb99e80 nmethod 1750 0x00000184c2e68310 code [0x00000184c2e684a0, 0x00000184c2e68568]
Event: 2.220 Thread 0x00000184cfb99e80 1751       3       java.util.TreeMap$PrivateEntryIterator::hasNext (13 bytes)
Event: 2.220 Thread 0x00000184cfb99e80 nmethod 1751 0x00000184bb644710 code [0x00000184bb6448a0, 0x00000184bb644a08]
Event: 2.220 Thread 0x00000184cfb99e80 1752       3       java.util.concurrent.atomic.AtomicLong::incrementAndGet (14 bytes)
Event: 2.220 Thread 0x00000184cfb99e80 nmethod 1752 0x00000184bb644a90 code [0x00000184bb644c20, 0x00000184bb644d48]
Event: 2.221 Thread 0x00000184cfb99e80 1753       3       jdk.internal.misc.Unsafe::weakCompareAndSetLong (11 bytes)
Event: 2.221 Thread 0x00000184cfb99e80 nmethod 1753 0x00000184bb644e10 code [0x00000184bb644fa0, 0x00000184bb6450c8]
Event: 2.268 Thread 0x00000184cfb99e80 1754       3       java.util.ArrayList::clear (43 bytes)
Event: 2.268 Thread 0x00000184cfb99e80 nmethod 1754 0x00000184bb645190 code [0x00000184bb645340, 0x00000184bb6456b8]
Event: 2.271 Thread 0x00000184cfb99e80 1755       3       org.openqa.selenium.json.StaticInitializerCoercer$$Lambda/0x00000184d1021190::test (8 bytes)

GC Heap History (2 events):
Event: 0.963 GC heap before
{Heap before GC invocations=0 (full 0):
 garbage-first heap   total 126976K, used 23552K [0x0000000084400000, 0x0000000100000000)
  region size 1024K, 23 young (23552K), 0 survivors (0K)
 Metaspace       used 10170K, committed 10496K, reserved 1114112K
  class space    used 1167K, committed 1280K, reserved 1048576K
}
Event: 0.981 GC heap after
{Heap after GC invocations=1 (full 0):
 garbage-first heap   total 126976K, used 6124K [0x0000000084400000, 0x0000000100000000)
  region size 1024K, 3 young (3072K), 3 survivors (3072K)
 Metaspace       used 10170K, committed 10496K, reserved 1114112K
  class space    used 1167K, committed 1280K, reserved 1048576K
}

Dll operation events (10 events):
Event: 0.009 Loaded shared library C:\Program Files\Java\jdk-21\bin\java.dll
Event: 0.037 Loaded shared library C:\Program Files\Java\jdk-21\bin\jsvml.dll
Event: 0.080 Loaded shared library C:\Program Files\Java\jdk-21\bin\net.dll
Event: 0.082 Loaded shared library C:\Program Files\Java\jdk-21\bin\nio.dll
Event: 0.085 Loaded shared library C:\Program Files\Java\jdk-21\bin\zip.dll
Event: 0.195 Loaded shared library C:\Program Files\Java\jdk-21\bin\jimage.dll
Event: 0.217 Loaded shared library C:\Program Files\Java\jdk-21\bin\extnet.dll
Event: 0.257 Loaded shared library C:\Program Files\Java\jdk-21\bin\management.dll
Event: 0.260 Loaded shared library C:\Program Files\Java\jdk-21\bin\management_ext.dll
Event: 0.547 Loaded shared library C:\Program Files\Java\jdk-21\bin\sunmscapi.dll

Deoptimization events (20 events):
Event: 0.757 Thread 0x00000184b0cd1f90 Uncommon trap: trap_request=0xffffffde fr.pc=0x00000184c2e06d64 relative=0x0000000000000304
Event: 0.757 Thread 0x00000184b0cd1f90 Uncommon trap: reason=class_check action=maybe_recompile pc=0x00000184c2e06d64 method=java.util.regex.Pattern$BmpCharPropertyGreedy.match(Ljava/util/regex/Matcher;ILjava/lang/CharSequence;)Z @ 26 c2
Event: 0.757 Thread 0x00000184b0cd1f90 DEOPT PACKING pc=0x00000184c2e06d64 sp=0x00000062a21fe180
Event: 0.757 Thread 0x00000184b0cd1f90 DEOPT UNPACKING pc=0x00000184c28946a2 sp=0x00000062a21fe138 mode 2
Event: 0.782 Thread 0x00000184cfb84cf0 Uncommon trap: trap_request=0xffffffde fr.pc=0x00000184c2e06d64 relative=0x0000000000000304
Event: 0.782 Thread 0x00000184cfb84cf0 Uncommon trap: reason=class_check action=maybe_recompile pc=0x00000184c2e06d64 method=java.util.regex.Pattern$BmpCharPropertyGreedy.match(Ljava/util/regex/Matcher;ILjava/lang/CharSequence;)Z @ 26 c2
Event: 0.782 Thread 0x00000184cfb84cf0 DEOPT PACKING pc=0x00000184c2e06d64 sp=0x00000062a39fe220
Event: 0.782 Thread 0x00000184cfb84cf0 DEOPT UNPACKING pc=0x00000184c28946a2 sp=0x00000062a39fe1b8 mode 2
Event: 0.867 Thread 0x00000184b0cd1f90 DEOPT PACKING pc=0x00000184bb35dd85 sp=0x00000062a21fe080
Event: 0.867 Thread 0x00000184b0cd1f90 DEOPT UNPACKING pc=0x00000184c2894e42 sp=0x00000062a21fd4f0 mode 0
Event: 2.063 Thread 0x00000184b0cd1f90 DEOPT PACKING pc=0x00000184bb5113fc sp=0x00000062a21fd260
Event: 2.063 Thread 0x00000184b0cd1f90 DEOPT UNPACKING pc=0x00000184c2894e42 sp=0x00000062a21fc698 mode 0
Event: 2.068 Thread 0x00000184b0cd1f90 Uncommon trap: trap_request=0xffffffde fr.pc=0x00000184c2e37564 relative=0x00000000000005a4
Event: 2.068 Thread 0x00000184b0cd1f90 Uncommon trap: reason=class_check action=maybe_recompile pc=0x00000184c2e37564 method=java.util.HashMap.putVal(ILjava/lang/Object;Ljava/lang/Object;ZZ)Ljava/lang/Object; @ 253 c2
Event: 2.068 Thread 0x00000184b0cd1f90 DEOPT PACKING pc=0x00000184c2e37564 sp=0x00000062a21fe660
Event: 2.068 Thread 0x00000184b0cd1f90 DEOPT UNPACKING pc=0x00000184c28946a2 sp=0x00000062a21fe600 mode 2
Event: 2.180 Thread 0x00000184b0cd1f90 Uncommon trap: trap_request=0xffffff45 fr.pc=0x00000184c2e2dd54 relative=0x0000000000000054
Event: 2.180 Thread 0x00000184b0cd1f90 Uncommon trap: reason=unstable_if action=reinterpret pc=0x00000184c2e2dd54 method=java.lang.CharacterData.of(I)Ljava/lang/CharacterData; @ 4 c2
Event: 2.180 Thread 0x00000184b0cd1f90 DEOPT PACKING pc=0x00000184c2e2dd54 sp=0x00000062a21fe1e0
Event: 2.180 Thread 0x00000184b0cd1f90 DEOPT UNPACKING pc=0x00000184c28946a2 sp=0x00000062a21fe180 mode 2

Classes loaded (20 events):
Event: 2.182 Loading class java/util/ResourceBundle$CacheKeyReference done
Event: 2.182 Loading class java/util/ResourceBundle$KeyElementReference done
Event: 2.182 Loading class java/util/ResourceBundle$3
Event: 2.183 Loading class java/util/ResourceBundle$3 done
Event: 2.183 Loading class sun/util/logging/resources/logging
Event: 2.183 Loading class sun/util/logging/resources/logging done
Event: 2.183 Loading class java/util/ResourceBundle$BundleReference
Event: 2.183 Loading class java/util/ResourceBundle$BundleReference done
Event: 2.183 Loading class sun/util/logging/resources/logging_en
Event: 2.183 Loading class sun/util/logging/resources/logging_en done
Event: 2.183 Loading class sun/util/logging/resources/logging_en
Event: 2.183 Loading class sun/util/logging/resources/logging_en done
Event: 2.184 Loading class sun/util/logging/resources/logging_en_IN
Event: 2.184 Loading class sun/util/logging/resources/logging_en_IN done
Event: 2.184 Loading class sun/util/logging/resources/logging_en_IN
Event: 2.184 Loading class sun/util/logging/resources/logging_en_IN done
Event: 2.184 Loading class java/util/Formatter$DateTime
Event: 2.185 Loading class java/util/Formatter$DateTime done
Event: 2.185 Loading class java/time/ZonedDateTime$1
Event: 2.186 Loading class java/time/ZonedDateTime$1 done

Classes unloaded (0 events):
No events

Classes redefined (0 events):
No events

Internal exceptions (20 events):
Event: 0.572 Thread 0x00000184b0cd1f90 Exception <a 'sun/nio/fs/WindowsException'{0x000000008b4b3350}> (0x000000008b4b3350) 
thrown [s\open\src\hotspot\share\prims\jni.cpp, line 520]
Event: 0.622 Thread 0x00000184b0cd1f90 Exception <a 'java/lang/NoSuchMethodError'{0x000000008b2e7708}: 'void java.lang.invoke.DirectMethodHandle$Holder.invokeVirtual(java.lang.Object, java.lang.Object)'> (0x000000008b2e7708) 
thrown [s\open\src\hotspot\share\interpreter\linkResolver.cpp, line 773]
Event: 0.672 Thread 0x00000184b0cd1f90 Exception <a 'java/lang/NoSuchMethodError'{0x000000008aefef38}: 'java.lang.Object java.lang.invoke.DirectMethodHandle$Holder.invokeStaticInit(java.lang.Object, int, int, int, int)'> (0x000000008aefef38) 
thrown [s\open\src\hotspot\share\interpreter\linkResolver.cpp, line 773]
Event: 0.686 Thread 0x00000184b0cd1f90 Exception <a 'java/lang/NoSuchMethodError'{0x000000008ad62ee0}: 'java.lang.Object java.lang.invoke.DirectMethodHandle$Holder.invokeStaticInit(java.lang.Object, java.lang.Object, int, int, int, int)'> (0x000000008ad62ee0) 
thrown [s\open\src\hotspot\share\interpreter\linkResolver.cpp, line 773]
Event: 0.755 Thread 0x00000184b0cd1f90 Exception <a 'java/lang/NoSuchMethodError'{0x000000008ac7c390}: 'java.lang.Object java.lang.invoke.DirectMethodHandle$Holder.invokeInterface(java.lang.Object, java.lang.Object, java.lang.Object)'> (0x000000008ac7c390) 
thrown [s\open\src\hotspot\share\interpreter\linkResolver.cpp, line 773]
Event: 0.755 Thread 0x00000184b0cd1f90 Exception <a 'java/lang/IncompatibleClassChangeError'{0x000000008ac7f788}: Found class java.lang.Object, but interface was expected> (0x000000008ac7f788) 
thrown [s\open\src\hotspot\share\interpreter\linkResolver.cpp, line 840]
Event: 0.756 Thread 0x00000184b0cd1f90 Exception <a 'java/lang/NoSuchMethodError'{0x000000008ac86990}: 'int java.lang.invoke.DirectMethodHandle$Holder.invokeSpecialIFC(java.lang.Object, java.lang.Object, java.lang.Object, java.lang.Object)'> (0x000000008ac86990) 
thrown [s\open\src\hotspot\share\interpreter\linkResolver.cpp, line 773]
Event: 0.759 Thread 0x00000184b0cd1f90 Exception <a 'java/lang/NoSuchMethodError'{0x000000008aca4c48}: 'java.lang.Object java.lang.invoke.DirectMethodHandle$Holder.invokeVirtual(java.lang.Object, java.lang.Object, java.lang.Object, java.lang.Object)'> (0x000000008aca4c48) 
thrown [s\open\src\hotspot\share\interpreter\linkResolver.cpp, line 773]
Event: 0.789 Thread 0x00000184cfb84cf0 Exception <a 'java/net/ConnectException'{0x000000008ab810e0}: Connection refused: getsockopt> (0x000000008ab810e0) 
thrown [s\open\src\hotspot\share\prims\jni.cpp, line 539]
Event: 0.826 Thread 0x00000184cfb84cf0 Exception <a 'java/net/ConnectException'{0x000000008ab82230}: Connection refused: getsockopt> (0x000000008ab82230) 
thrown [s\open\src\hotspot\share\prims\jni.cpp, line 539]
Event: 0.901 Thread 0x00000184b0cd1f90 Exception <a 'java/lang/NoSuchMethodError'{0x000000008aa7d198}: 'java.lang.Object java.lang.invoke.DirectMethodHandle$Holder.newInvokeSpecial(java.lang.Object, java.lang.Object, int, int)'> (0x000000008aa7d198) 
thrown [s\open\src\hotspot\share\interpreter\linkResolver.cpp, line 773]
Event: 0.902 Thread 0x00000184b0cd1f90 Exception <a 'java/lang/NoSuchMethodError'{0x000000008aa87478}: 'void java.lang.invoke.DirectMethodHandle$Holder.invokeStatic(java.lang.Object, java.lang.Object, int)'> (0x000000008aa87478) 
thrown [s\open\src\hotspot\share\interpreter\linkResolver.cpp, line 773]
Event: 0.919 Thread 0x00000184b0cd1f90 Exception <a 'java/lang/NoSuchMethodError'{0x000000008a9014d8}: 'java.lang.Object java.lang.invoke.DirectMethodHandle$Holder.newInvokeSpecial(java.lang.Object, java.lang.Object, java.lang.Object, java.lang.Object, java.lang.Object)'> (0x000000008a9014d8) 
thrown [s\open\src\hotspot\share\interpreter\linkResolver.cpp, line 773]
Event: 0.984 Thread 0x0000018515de6730 Exception <a 'java/lang/NoSuchMethodError'{0x000000008bf12678}: 'java.lang.Object java.lang.invoke.DirectMethodHandle$Holder.invokeSpecial(java.lang.Object, java.lang.Object, java.lang.Object, java.lang.Object, int)'> (0x000000008bf12678) 
thrown [s\open\src\hotspot\share\interpreter\linkResolver.cpp, line 773]
Event: 0.984 Thread 0x0000018515de6730 Exception <a 'java/lang/NoSuchMethodError'{0x000000008bf15fd0}: 'java.lang.Object java.lang.invoke.Invokers$Holder.linkToTargetMethod(java.lang.Object, java.lang.Object, int, java.lang.Object)'> (0x000000008bf15fd0) 
thrown [s\open\src\hotspot\share\interpreter\linkResolver.cpp, line 773]
Event: 0.990 Thread 0x0000018515de6730 Exception <a 'java/lang/NoSuchMethodError'{0x000000008bf2dab8}: 'void java.lang.invoke.DirectMethodHandle$Holder.invokeSpecial(java.lang.Object, java.lang.Object, java.lang.Object)'> (0x000000008bf2dab8) 
thrown [s\open\src\hotspot\share\interpreter\linkResolver.cpp, line 773]
Event: 0.998 Thread 0x0000018515de6730 Exception <a 'java/lang/NoSuchMethodError'{0x000000008bfc0010}: 'void java.lang.invoke.DirectMethodHandle$Holder.invokeSpecial(java.lang.Object, java.lang.Object, java.lang.Object, java.lang.Object, java.lang.Object)'> (0x000000008bfc0010) 
thrown [s\open\src\hotspot\share\interpreter\linkResolver.cpp, line 773]
Event: 2.054 Thread 0x0000018515de5a10 Exception <a 'java/lang/NoSuchMethodError'{0x000000008befbdb0}: 'void java.lang.invoke.DirectMethodHandle$Holder.invokeSpecial(java.lang.Object, java.lang.Object, java.lang.Object, java.lang.Object, java.lang.Object, java.lang.Object, java.lang.Object)'> (0x000000008befbdb0) 
thrown [s\open\src\hotspot\share\interpreter\linkResolver.cpp, line 773]
Event: 2.064 Thread 0x00000184b0cd1f90 Exception <a 'java/lang/NoSuchMethodError'{0x000000008bd80b80}: 'java.lang.Object java.lang.invoke.DirectMethodHandle$Holder.invokeSpecialIFC(java.lang.Object, java.lang.Object, java.lang.Object)'> (0x000000008bd80b80) 
thrown [s\open\src\hotspot\share\interpreter\linkResolver.cpp, line 773]
Event: 2.183 Thread 0x00000184b0cd1f90 Exception <a 'java/lang/ClassNotFoundException'{0x000000008b939240}: sun/util/logging/resources/spi/loggingProvider> (0x000000008b939240) 
thrown [s\open\src\hotspot\share\classfile\systemDictionary.cpp, line 312]

ZGC Phase Switch (0 events):
No events

VM Operations (20 events):
Event: 0.497 Executing VM operation: HandshakeAllThreads (Deoptimize)
Event: 0.497 Executing VM operation: HandshakeAllThreads (Deoptimize) done
Event: 0.521 Executing VM operation: HandshakeAllThreads (Deoptimize)
Event: 0.521 Executing VM operation: HandshakeAllThreads (Deoptimize) done
Event: 0.773 Executing VM operation: HandshakeAllThreads (Deoptimize)
Event: 0.773 Executing VM operation: HandshakeAllThreads (Deoptimize) done
Event: 0.866 Executing VM operation: HandshakeAllThreads (Deoptimize)
Event: 0.866 Executing VM operation: HandshakeAllThreads (Deoptimize) done
Event: 0.906 Executing VM operation: ICBufferFull
Event: 0.906 Executing VM operation: ICBufferFull done
Event: 0.963 Executing VM operation: G1CollectForAllocation (G1 Evacuation Pause)
Event: 0.981 Executing VM operation: G1CollectForAllocation (G1 Evacuation Pause) done
Event: 1.992 Executing VM operation: Cleanup
Event: 1.992 Executing VM operation: Cleanup done
Event: 2.042 Executing VM operation: HandshakeAllThreads (Deoptimize)
Event: 2.042 Executing VM operation: HandshakeAllThreads (Deoptimize) done
Event: 2.043 Executing VM operation: HandshakeAllThreads (Deoptimize)
Event: 2.043 Executing VM operation: HandshakeAllThreads (Deoptimize) done
Event: 2.175 Executing VM operation: HandshakeAllThreads (Deoptimize)
Event: 2.175 Executing VM operation: HandshakeAllThreads (Deoptimize) done

Events (20 events):
Event: 0.412 Thread 0x00000184cfb83940 Thread exited: 0x00000184cfb83940
Event: 0.424 Thread 0x000001851577ad70 Thread added: 0x000001851577ad70
Event: 0.464 Thread 0x00000184cfb832b0 Thread added: 0x00000184cfb832b0
Event: 0.739 Thread 0x00000184cfb85380 Thread added: 0x00000184cfb85380
Event: 0.771 Thread 0x00000184cfb83940 Thread added: 0x00000184cfb83940
Event: 0.773 Thread 0x00000184cfb83fd0 Thread added: 0x00000184cfb83fd0
Event: 0.775 Thread 0x00000184cfb84660 Thread added: 0x00000184cfb84660
Event: 0.779 Thread 0x00000184cfb84cf0 Thread added: 0x00000184cfb84cf0
Event: 0.863 Thread 0x000001851577ad70 Thread exited: 0x000001851577ad70
Event: 0.865 Thread 0x0000018515dea240 Thread added: 0x0000018515dea240
Event: 0.934 Thread 0x0000018515de6730 Thread added: 0x0000018515de6730
Event: 0.937 Thread 0x0000018515de9bb0 Thread added: 0x0000018515de9bb0
Event: 1.006 Thread 0x0000018515de5a10 Thread added: 0x0000018515de5a10
Event: 1.007 Thread 0x0000018515de5380 Thread added: 0x0000018515de5380
Event: 1.008 Thread 0x0000018515de60a0 Thread added: 0x0000018515de60a0
Event: 2.100 Thread 0x0000018515de7450 Thread added: 0x0000018515de7450
Event: 2.100 Thread 0x0000018515dea8d0 Thread added: 0x0000018515dea8d0
Event: 2.102 Thread 0x0000018515de6dc0 Thread added: 0x0000018515de6dc0
Event: 2.103 Thread 0x0000018515de8800 Thread added: 0x0000018515de8800
Event: 2.103 Thread 0x0000018515deb5f0 Thread added: 0x0000018515deb5f0


Dynamic libraries:
0x00007ff6fc390000 - 0x00007ff6fc3a0000 	C:\Program Files\Java\jdk-21\bin\javaw.exe
0x00007ffaaa4d0000 - 0x00007ffaaa6e8000 	C:\WINDOWS\SYSTEM32\ntdll.dll
0x00007ffaa9e00000 - 0x00007ffaa9ec4000 	C:\WINDOWS\System32\KERNEL32.DLL
0x00007ffaa7c70000 - 0x00007ffaa8043000 	C:\WINDOWS\System32\KERNELBASE.dll
0x00007ffaa77c0000 - 0x00007ffaa78d1000 	C:\WINDOWS\System32\ucrtbase.dll
0x00007ffa7d960000 - 0x00007ffa7d97b000 	C:\Program Files\Java\jdk-21\bin\VCRUNTIME140.dll
0x00007ffa7cfe0000 - 0x00007ffa7cff9000 	C:\Program Files\Java\jdk-21\bin\jli.dll
0x00007ffaaa280000 - 0x00007ffaaa331000 	C:\WINDOWS\System32\ADVAPI32.dll
0x00007ffaa8310000 - 0x00007ffaa83b7000 	C:\WINDOWS\System32\msvcrt.dll
0x00007ffaa8170000 - 0x00007ffaa8218000 	C:\WINDOWS\System32\sechost.dll
0x00007ffaa7c10000 - 0x00007ffaa7c38000 	C:\WINDOWS\System32\bcrypt.dll
0x00007ffaa90b0000 - 0x00007ffaa91c8000 	C:\WINDOWS\System32\RPCRT4.dll
0x00007ffaaa0c0000 - 0x00007ffaaa272000 	C:\WINDOWS\System32\USER32.dll
0x00007ffaa7c40000 - 0x00007ffaa7c66000 	C:\WINDOWS\System32\win32u.dll
0x00007ffaa9dd0000 - 0x00007ffaa9df9000 	C:\WINDOWS\System32\GDI32.dll
0x00007ffaa8050000 - 0x00007ffaa816b000 	C:\WINDOWS\System32\gdi32full.dll
0x00007ffaa75e0000 - 0x00007ffaa767a000 	C:\WINDOWS\System32\msvcp_win.dll
0x00007ffa8c130000 - 0x00007ffa8c3cc000 	C:\WINDOWS\WinSxS\amd64_microsoft.windows.common-controls_6595b64144ccf1df_6.0.22621.6060_none_2712eda17382d24b\COMCTL32.dll
0x00007ffa95e90000 - 0x00007ffa95e9a000 	C:\WINDOWS\SYSTEM32\VERSION.dll
0x00007ffaaa080000 - 0x00007ffaaa0b1000 	C:\WINDOWS\System32\IMM32.DLL
0x00007ffa7de90000 - 0x00007ffa7de9c000 	C:\Program Files\Java\jdk-21\bin\vcruntime140_1.dll
0x00007ffa7c8e0000 - 0x00007ffa7c96e000 	C:\Program Files\Java\jdk-21\bin\msvcp140.dll
0x00007ffa7bbc0000 - 0x00007ffa7c8d8000 	C:\Program Files\Java\jdk-21\bin\server\jvm.dll
0x00007ffaa8290000 - 0x00007ffaa8301000 	C:\WINDOWS\System32\WS2_32.dll
0x00007ffaa7400000 - 0x00007ffaa744d000 	C:\WINDOWS\SYSTEM32\POWRPROF.dll
0x00007ffa9fd90000 - 0x00007ffa9fdc4000 	C:\WINDOWS\SYSTEM32\WINMM.dll
0x00007ffaa73e0000 - 0x00007ffaa73f3000 	C:\WINDOWS\SYSTEM32\UMPDC.dll
0x00007ffaa6580000 - 0x00007ffaa6598000 	C:\WINDOWS\SYSTEM32\kernel.appcore.dll
0x00007ffa7d8c0000 - 0x00007ffa7d8ca000 	C:\Program Files\Java\jdk-21\bin\jimage.dll
0x00007ffaa4c90000 - 0x00007ffaa4ec3000 	C:\WINDOWS\SYSTEM32\DBGHELP.DLL
0x00007ffaa91d0000 - 0x00007ffaa9561000 	C:\WINDOWS\System32\combase.dll
0x00007ffaa8c60000 - 0x00007ffaa8d38000 	C:\WINDOWS\System32\OLEAUT32.dll
0x00007ffa8b640000 - 0x00007ffa8b672000 	C:\WINDOWS\SYSTEM32\dbgcore.DLL
0x00007ffaa7b90000 - 0x00007ffaa7c0b000 	C:\WINDOWS\System32\bcryptPrimitives.dll
0x00007ffa7bb90000 - 0x00007ffa7bbaf000 	C:\Program Files\Java\jdk-21\bin\java.dll
0x00007ffaa83c0000 - 0x00007ffaa8c5c000 	C:\WINDOWS\System32\SHELL32.dll
0x00007ffaa7680000 - 0x00007ffaa77bf000 	C:\WINDOWS\System32\wintypes.dll
0x00007ffaa5490000 - 0x00007ffaa5daa000 	C:\WINDOWS\SYSTEM32\windows.storage.dll
0x00007ffaa9a00000 - 0x00007ffaa9b04000 	C:\WINDOWS\System32\SHCORE.dll
0x00007ffaa9040000 - 0x00007ffaa90a9000 	C:\WINDOWS\System32\shlwapi.dll
0x00007ffaa7510000 - 0x00007ffaa7535000 	C:\WINDOWS\SYSTEM32\profapi.dll
0x00007ffa7a5c0000 - 0x00007ffa7a697000 	C:\Program Files\Java\jdk-21\bin\jsvml.dll
0x00007ffa7da70000 - 0x00007ffa7da80000 	C:\Program Files\Java\jdk-21\bin\net.dll
0x00007ffaa31c0000 - 0x00007ffaa32ec000 	C:\WINDOWS\SYSTEM32\WINHTTP.dll
0x00007ffaa6a40000 - 0x00007ffaa6aa9000 	C:\WINDOWS\system32\mswsock.dll
0x00007ffa7a5a0000 - 0x00007ffa7a5b6000 	C:\Program Files\Java\jdk-21\bin\nio.dll
0x00007ffa7a470000 - 0x00007ffa7a488000 	C:\Program Files\Java\jdk-21\bin\zip.dll
0x00007ffa7dcf0000 - 0x00007ffa7dcf9000 	C:\Program Files\Java\jdk-21\bin\extnet.dll
0x00007ffaa60d0000 - 0x00007ffaa61c8000 	C:\WINDOWS\SYSTEM32\DNSAPI.dll
0x00007ffaa60a0000 - 0x00007ffaa60cd000 	C:\WINDOWS\SYSTEM32\IPHLPAPI.DLL
0x00007ffaa99f0000 - 0x00007ffaa99f9000 	C:\WINDOWS\System32\NSI.dll
0x00007ffaa1e40000 - 0x00007ffaa1e4a000 	C:\Windows\System32\rasadhlp.dll
0x00007ffa9f830000 - 0x00007ffa9f8b4000 	C:\WINDOWS\System32\fwpuclnt.dll
0x00007ffa6c360000 - 0x00007ffa6c36a000 	C:\Program Files\Java\jdk-21\bin\management.dll
0x00007ffa6c350000 - 0x00007ffa6c35b000 	C:\Program Files\Java\jdk-21\bin\management_ext.dll
0x00007ffaaa470000 - 0x00007ffaaa478000 	C:\WINDOWS\System32\PSAPI.DLL
0x00007ffa773b0000 - 0x00007ffa773be000 	C:\Program Files\Java\jdk-21\bin\sunmscapi.dll
0x00007ffaa7a20000 - 0x00007ffaa7b88000 	C:\WINDOWS\System32\CRYPT32.dll
0x00007ffaa6eb0000 - 0x00007ffaa6ede000 	C:\WINDOWS\SYSTEM32\ncrypt.dll
0x00007ffaa6e70000 - 0x00007ffaa6ea7000 	C:\WINDOWS\SYSTEM32\NTASN1.dll
0x00007ffaa6d30000 - 0x00007ffaa6d4b000 	C:\WINDOWS\SYSTEM32\CRYPTSP.dll
0x00007ffaa64e0000 - 0x00007ffaa6517000 	C:\WINDOWS\system32\rsaenh.dll
0x00007ffaa6ae0000 - 0x00007ffaa6b08000 	C:\WINDOWS\SYSTEM32\USERENV.dll
0x00007ffaa6c40000 - 0x00007ffaa6c4c000 	C:\WINDOWS\SYSTEM32\CRYPTBASE.dll
0x00007ffa76f80000 - 0x00007ffa76f88000 	C:\WINDOWS\system32\wshunix.dll

dbghelp: loaded successfully - version: 4.0.5 - missing functions: none
symbol engine: initialized successfully - sym options: 0x614 - pdb path: .;C:\Program Files\Java\jdk-21\bin;C:\WINDOWS\SYSTEM32;C:\WINDOWS\WinSxS\amd64_microsoft.windows.common-controls_6595b64144ccf1df_6.0.22621.6060_none_2712eda17382d24b;C:\Program Files\Java\jdk-21\bin\server

VM Arguments:
jvm_args: -Dfile.encoding=UTF-8 -Dstdout.encoding=UTF-8 -Dstderr.encoding=UTF-8 -XX:+ShowCodeDetailsInExceptionMessages 
java_command: Interrogation.TestCase2
java_class_path (initial): D:\SELENIUM\SeleniumInterrogationAPI\target\test-classes;D:\SELENIUM\SeleniumInterrogationAPI\target\classes;C:\Users\Swetha\.m2\repository\org\seleniumhq\selenium\selenium-java\4.38.0\selenium-java-4.38.0.jar;C:\Users\Swetha\.m2\repository\org\seleniumhq\selenium\selenium-api\4.38.0\selenium-api-4.38.0.jar;C:\Users\Swetha\.m2\repository\org\jspecify\jspecify\1.0.0\jspecify-1.0.0.jar;C:\Users\Swetha\.m2\repository\org\seleniumhq\selenium\selenium-chrome-driver\4.38.0\selenium-chrome-driver-4.38.0.jar;C:\Users\Swetha\.m2\repository\com\google\auto\service\auto-service-annotations\1.1.1\auto-service-annotations-1.1.1.jar;C:\Users\Swetha\.m2\repository\org\seleniumhq\selenium\selenium-chromium-driver\4.38.0\selenium-chromium-driver-4.38.0.jar;C:\Users\Swetha\.m2\repository\org\seleniumhq\selenium\selenium-json\4.38.0\selenium-json-4.38.0.jar;C:\Users\Swetha\.m2\repository\org\seleniumhq\selenium\selenium-manager\4.38.0\selenium-manager-4.38.0.jar;C:\Users\Swetha\.m2\repository\org\seleniumhq\selenium\selenium-devtools-v140\4.38.0\selenium-devtools-v140-4.38.0.jar;C:\Users\Swetha\.m2\repository\org\seleniumhq\selenium\selenium-devtools-v141\4.38.0\selenium-devtools-v141-4.38.0.jar;C:\Users\Swetha\.m2\repository\org\seleniumhq\selenium\selenium-devtools-v142\4.38.0\selenium-devtools-v142-4.38.0.jar;C:\Users\Swetha\.m2\repository\org\seleniumhq\selenium\selenium-edge-driver\4.38.0\selenium-edge-driver-4.38.0.jar;C:\Users\Swetha\.m2\repository\org\seleniumhq\selenium\selenium-firefox-driver\4.38.0\selenium-firefox-driver-4.38.0.jar;C:\Users\Swetha\.m2\repository\org\seleniumhq\selenium\selenium-http\4.38.0\selenium-http-4.38.0.jar;C:\Users\Swetha\.m2\repository\org\seleniumhq\selenium\selenium-ie-driver\4.38.0\selenium-ie-driver-4.38.0.jar;C:\Users\Swetha\.m2\repository\org\seleniumhq\selenium\selenium-remote-driver\4.38.0\selenium-remote-driver-4.38.0.jar;C:\Users\Swetha\.m2\repository\com\google\guava\guava\33.5.0-jre\guava-33.5.0-jre.jar;C:\Users\Swetha\.m2\repository\com\google\guava\failureaccess\1.0.3\failureaccess-1.0.3.jar;C:\Users\Swetha\.m2\repository\com\google\guava\listenablefuture\9999.0-empty-to-avoid-conflict-with-guava\listenablefuture-9999.0-empty-to-avoid-conflict-with-guava.jar;C:\Users\Swetha\.m2\repository\com\google\errorprone\error_prone_annotations\2.41.0\error_prone_annotations-2.41.0.jar;C:\Users\Swetha\.m2\repository\com\google\j2objc\j2objc-annotations\3.1\j2objc-annotations-3.1.jar;C:\Users\Swetha\.m2\repository\io\opentelemetry\opentelemetry-api\1.55.0\opentelemetry-api-1.55.0.jar;C:\Users\Swetha\.m2\repository\io\opentelemetry\opentelemetry-context\1.55.0\opentelemetry-context-1.55.0.jar;C:\Users\Swetha\.m2\repository\io\opentelemetry\opentelemetry-common\1.55.0\opentelemetry-common-1.55.0.jar;C:\Users\Swetha\.m2\repository\io\opentelemetry\opentelemetry-exporter-logging\1.55.0\opentelemetry-exporter-logging-1.55.0.jar;C:\Users\Swetha\.m2\repository\io\opentelemetry\opentelemetry-sdk-common\1.55.0\opentelemetry-sdk-common-1.55.0.jar;C:\Users\Swetha\.m2\repository\io\opentelemetry\opentelemetry-sdk-extension-autoconfigure-spi\1.55.0\opentelemetry-sdk-extension-autoconfigure-spi-1.55.0.jar;C:\Users\Swetha\.m2\repository\io\opentelemetry\opentelemetry-sdk-extension-autoconfigure\1.55.0\opentelemetry-sdk-extension-autoconfigure-1.55.0.jar;C:\Users\Swetha\.m2\repository\io\opentelemetry\opentelemetry-sdk-trace\1.55.0\opentelemetry-sdk-trace-1.55.0.jar;C:\Users\Swetha\.m2\repository\io\opentelemetry\opentelemetry-sdk\1.55.0\opentelemetry-sdk-1.55.0.jar;C:\Users\Swetha\.m2\repository\io\opentelemetry\opentelemetry-sdk-metrics\1.55.0\opentelemetry-sdk-metrics-1.55.0.jar;C:\Users\Swetha\.m2\repository\io\opentelemetry\opentelemetry-sdk-logs\1.55.0\opentelemetry-sdk-logs-1.55.0.jar;C:\Users\Swetha\.m2\repository\net\bytebuddy\byte-buddy\1.17.8\byte-buddy-1.17.8.jar;C:\Users\Swetha\.m2\repository\org\seleniumhq\selenium\selenium-os\4.38.0\selenium-os-4.38.0.jar;C:\Users\Swetha\.m2\repository\org\apache\commons\commons-exec\1.5.0\commons-exec-1.5.0.jar;C:\Users\Swetha\.m2\repository\org\seleniumhq\selenium\selenium-safari-driver\4.38.0\selenium-safari-driver-4.38.0.jar;C:\Users\Swetha\.m2\repository\org\seleniumhq\selenium\selenium-support\4.38.0\selenium-support-4.38.0.jar
Launcher Type: SUN_STANDARD

[Global flags]
     intx CICompilerCount                          = 4                                         {product} {ergonomic}
     uint ConcGCThreads                            = 3                                         {product} {ergonomic}
     uint G1ConcRefinementThreads                  = 10                                        {product} {ergonomic}
   size_t G1HeapRegionSize                         = 1048576                                   {product} {ergonomic}
    uintx GCDrainStackTargetSize                   = 64                                        {product} {ergonomic}
   size_t InitialHeapSize                          = 130023424                                 {product} {ergonomic}
   size_t MarkStackSize                            = 4194304                                   {product} {ergonomic}
   size_t MaxHeapSize                              = 2076180480                                {product} {ergonomic}
   size_t MaxNewSize                               = 1245708288                                {product} {ergonomic}
   size_t MinHeapDeltaBytes                        = 1048576                                   {product} {ergonomic}
   size_t MinHeapSize                              = 8388608                                   {product} {ergonomic}
    uintx NonNMethodCodeHeapSize                   = 5839372                                {pd product} {ergonomic}
    uintx NonProfiledCodeHeapSize                  = 122909434                              {pd product} {ergonomic}
    uintx ProfiledCodeHeapSize                     = 122909434                              {pd product} {ergonomic}
    uintx ReservedCodeCacheSize                    = 251658240                              {pd product} {ergonomic}
     bool SegmentedCodeCache                       = true                                      {product} {ergonomic}
     bool ShowCodeDetailsInExceptionMessages       = true                                   {manageable} {command line}
   size_t SoftMaxHeapSize                          = 2076180480                             {manageable} {ergonomic}
     bool UseCompressedOops                        = true                           {product lp64_product} {ergonomic}
     bool UseG1GC                                  = true                                      {product} {ergonomic}
     bool UseLargePagesIndividualAllocation        = false                                  {pd product} {ergonomic}

Logging:
Log output configuration:
 #0: stdout all=warning uptime,level,tags foldmultilines=false
 #1: stderr all=off uptime,level,tags foldmultilines=false

Environment Variables:
PATH=C:\Program Files\Common Files\Oracle\Java\javapath;C:\WINDOWS\system32;C:\WINDOWS;C:\WINDOWS\System32\Wbem;C:\WINDOWS\System32\WindowsPowerShell\v1.0\;C:\WINDOWS\System32\OpenSSH\;C:\Users\Swetha\Downloads\mongodb-windows-x86_64-8.0.3-signed.msi;C:\Users\Swetha\Downloads\mongosh-2.3.3-win32-x64.zip\mongosh-2.3.3-win32-x64\bin;C:\Program Files\Java\jdk-21\bin;C:\Program Files (x86)\Microsoft SQL Server\160\Tools\Binn\;C:\Program Files\Microsoft SQL Server\160\Tools\Binn\;C:\Program Files\Microsoft SQL Server\Client SDK\ODBC\170\Tools\Binn\;C:\Program Files\Microsoft SQL Server\160\DTS\Binn\;C:\Program Files\Tesseract-OCR\;C:\Program Files\nodejs\;C:\Program Files\Git\cmd;C:\Users\Swetha\AppData\Local\Programs\Python\Python310\Scripts\;C:\Users\Swetha\AppData\Local\Programs\Python\Python310\;C:\Users\Swetha\AppData\Local\Programs\Python\Python313\Scripts\;C:\Users\Swetha\AppData\Local\Programs\Python\Python313\;C:\Users\Swetha\AppData\Local\Programs\Python\Launcher\;C:\Users\Swetha\AppData\Local\Microsoft\WindowsApps;;C:\Users\Swetha\AppData\Local\Programs\Microsoft VS Code\bin;C:\Users\Swetha\AppData\Roaming\npm
USERNAME=Swetha
OS=Windows_NT
PROCESSOR_IDENTIFIER=Intel64 Family 6 Model 154 Stepping 4, GenuineIntel
TMP=C:\Users\Swetha\AppData\Local\Temp
TEMP=C:\Users\Swetha\AppData\Local\Temp




Periodic native trim disabled

---------------  S Y S T E M  ---------------

OS:
 Windows 11 , 64 bit Build 22621 (10.0.22621.5415)
OS uptime: 0 days 9:44 hours
Hyper-V role detected

CPU: total 12 (initial active 12) (6 cores per cpu, 2 threads per core) family 6 model 154 stepping 4 microcode 0x437, cx8, cmov, fxsr, ht, mmx, 3dnowpref, sse, sse2, sse3, ssse3, sse4.1, sse4.2, popcnt, lzcnt, tsc, tscinvbit, avx, avx2, aes, erms, clmul, bmi1, bmi2, adx, sha, fma, vzeroupper, clflush, clflushopt, clwb, hv, serialize, rdtscp, rdpid, fsrm, f16c, cet_ibt, cet_ss
Processor Information for processor 0
  Max Mhz: 1300, Current Mhz: 1300, Mhz Limit: 1300
Processor Information for processor 1
  Max Mhz: 1300, Current Mhz: 1300, Mhz Limit: 1300
Processor Information for processor 2
  Max Mhz: 1300, Current Mhz: 1300, Mhz Limit: 1300
Processor Information for processor 3
  Max Mhz: 1300, Current Mhz: 1300, Mhz Limit: 1300
Processor Information for processor 4
  Max Mhz: 900, Current Mhz: 900, Mhz Limit: 900
Processor Information for processor 5
  Max Mhz: 900, Current Mhz: 900, Mhz Limit: 900
Processor Information for processor 6
  Max Mhz: 900, Current Mhz: 900, Mhz Limit: 900
Processor Information for processor 7
  Max Mhz: 900, Current Mhz: 900, Mhz Limit: 900
Processor Information for processor 8
  Max Mhz: 900, Current Mhz: 900, Mhz Limit: 900
Processor Information for processor 9
  Max Mhz: 900, Current Mhz: 900, Mhz Limit: 900
Processor Information for processor 10
  Max Mhz: 900, Current Mhz: 900, Mhz Limit: 900
Processor Information for processor 11
  Max Mhz: 900, Current Mhz: 900, Mhz Limit: 900

Memory: 4k page, system-wide physical 7916M (584M free)
TotalPageFile size 23815M (AvailPageFile size 1M)
current process WorkingSet (physical memory assigned to process): 96M, peak: 97M
current process commit charge ("private bytes"): 236M, peak: 238M

vm_info: Java HotSpot(TM) 64-Bit Server VM (21.0.5+9-LTS-239) for windows-amd64 JRE (21.0.5+9-LTS-239), built on 2024-09-30T05:17:38Z by "mach5one" with MS VC++ 17.6 (VS2022)

END.
